#
# There is insufficient memory for the Java Runtime Environment to continue.
# Native memory allocation (malloc) failed to allocate 1301296 bytes for Chunk::new
# Possible reasons:
#   The system is out of physical RAM or swap space
#   The process is running with CompressedOops enabled, and the Java Heap may be blocking the growth of the native heap
# Possible solutions:
#   Reduce memory load on the system
#   Increase physical memory or swap space
#   Check if swap backing store is full
#   Decrease Java heap size (-Xmx/-Xms)
#   Decrease number of Java threads
#   Decrease Java thread stack sizes (-Xss)
#   Set larger code cache with -XX:ReservedCodeCacheSize=
#   JVM is running with Unscaled Compressed Oops mode in which the Java heap is
#     placed in the first 4GB address space. The Java Heap base address is the
#     maximum limit for the native heap growth. Please use -XX:HeapBaseMinAddress
#     to set the Java Heap base and to place the Java Heap above 4GB virtual address.
# This output file may be truncated or incomplete.
#
#  Out of Memory Error (./src/hotspot/share/memory/arena.cpp:197), pid=10364, tid=916
#
# JRE version: OpenJDK Runtime Environment (11.0.10) (build 11.0.10+0-b96-7249189)
# Java VM: OpenJDK 64-Bit Server VM (11.0.10+0-b96-7249189, mixed mode, tiered, compressed oops, g1 gc, windows-amd64)
# No core dump will be written. Minidumps are not enabled by default on client versions of Windows
#

---------------  S U M M A R Y ------------

Command Line: --add-opens=java.base/java.util=ALL-UNNAMED --add-opens=java.base/java.lang=ALL-UNNAMED --add-opens=java.base/java.lang.invoke=ALL-UNNAMED --add-opens=java.base/java.util=ALL-UNNAMED --add-opens=java.prefs/java.util.prefs=ALL-UNNAMED --add-opens=java.prefs/java.util.prefs=ALL-UNNAMED --add-opens=java.base/java.nio.charset=ALL-UNNAMED --add-opens=java.base/java.net=ALL-UNNAMED --add-opens=java.base/java.util.concurrent.atomic=ALL-UNNAMED -Xmx2048m -Dfile.encoding=UTF-8 -Duser.country=CO -Duser.language=es -Duser.variant org.gradle.launcher.daemon.bootstrap.GradleDaemon 7.0.2

Host: Intel(R) Core(TM) i7-3520M CPU @ 2.90GHz, 4 cores, 7G,  Windows 10 , 64 bit Build 19041 (10.0.19041.1348)
Time: Sat Dec 11 19:28:17 2021 Hora est. Pacífico, Sudamérica elapsed time: 16.508894 seconds (0d 0h 0m 16s)

---------------  T H R E A D  ---------------

Current thread (0x000001af418f9000):  JavaThread "C2 CompilerThread0" daemon [_thread_in_native, id=916, stack(0x000000aa45a00000,0x000000aa45b00000)]


Current CompileTask:
C2:  16508 1962   !   4       java.lang.ClassLoader::loadClass (122 bytes)

Stack: [0x000000aa45a00000,0x000000aa45b00000]
Native frames: (J=compiled Java code, j=interpreted, Vv=VM code, C=native code)
V  [jvm.dll+0x5ecfaa]
V  [jvm.dll+0x722bd5]
V  [jvm.dll+0x72412d]
V  [jvm.dll+0x7247e3]
V  [jvm.dll+0x242928]
V  [jvm.dll+0xbc4fc]
V  [jvm.dll+0xbca0c]
V  [jvm.dll+0x352d3b]
V  [jvm.dll+0x320ad3]
V  [jvm.dll+0x31ffca]
V  [jvm.dll+0x1fb602]
V  [jvm.dll+0x1fa7f4]
V  [jvm.dll+0x18354c]
V  [jvm.dll+0x208ee7]
V  [jvm.dll+0x207731]
V  [jvm.dll+0x6eb1cf]
V  [jvm.dll+0x6e3d45]
V  [jvm.dll+0x5ebe96]
C  [ucrtbase.dll+0x21bb2]
C  [KERNEL32.DLL+0x17034]
C  [ntdll.dll+0x52651]


---------------  P R O C E S S  ---------------

Threads class SMR info:
_java_thread_list=0x000001af44335400, length=23, elements={
0x000001af27cfe000, 0x000001af418da800, 0x000001af418e4000, 0x000001af42292800,
0x000001af418f2000, 0x000001af418f4000, 0x000001af418f9000, 0x000001af418ff800,
0x000001af41902800, 0x000001af423cd000, 0x000001af43600800, 0x000001af4462c800,
0x000001af42de2800, 0x000001af4462f800, 0x000001af44630800, 0x000001af43c11000,
0x000001af425ec000, 0x000001af425ec800, 0x000001af427d1000, 0x000001af42bd0800,
0x000001af42bd4800, 0x000001af42bd5000, 0x000001af42bd6000
}

Java Threads: ( => current thread )
  0x000001af27cfe000 JavaThread "main" [_thread_blocked, id=1820, stack(0x000000aa44e00000,0x000000aa44f00000)]
  0x000001af418da800 JavaThread "Reference Handler" daemon [_thread_blocked, id=11512, stack(0x000000aa45500000,0x000000aa45600000)]
  0x000001af418e4000 JavaThread "Finalizer" daemon [_thread_blocked, id=7672, stack(0x000000aa45600000,0x000000aa45700000)]
  0x000001af42292800 JavaThread "Signal Dispatcher" daemon [_thread_blocked, id=2300, stack(0x000000aa45700000,0x000000aa45800000)]
  0x000001af418f2000 JavaThread "Attach Listener" daemon [_thread_blocked, id=4308, stack(0x000000aa45800000,0x000000aa45900000)]
  0x000001af418f4000 JavaThread "Service Thread" daemon [_thread_blocked, id=11404, stack(0x000000aa45900000,0x000000aa45a00000)]
=>0x000001af418f9000 JavaThread "C2 CompilerThread0" daemon [_thread_in_native, id=916, stack(0x000000aa45a00000,0x000000aa45b00000)]
  0x000001af418ff800 JavaThread "C1 CompilerThread0" daemon [_thread_blocked, id=1904, stack(0x000000aa45b00000,0x000000aa45c00000)]
  0x000001af41902800 JavaThread "Sweeper thread" daemon [_thread_blocked, id=5648, stack(0x000000aa45c00000,0x000000aa45d00000)]
  0x000001af423cd000 JavaThread "Common-Cleaner" daemon [_thread_blocked, id=10136, stack(0x000000aa45d00000,0x000000aa45e00000)]
  0x000001af43600800 JavaThread "Daemon health stats" [_thread_blocked, id=7204, stack(0x000000aa46000000,0x000000aa46100000)]
  0x000001af4462c800 JavaThread "Incoming local TCP Connector on port 61365" [_thread_in_native, id=6076, stack(0x000000aa46300000,0x000000aa46400000)]
  0x000001af42de2800 JavaThread "Daemon periodic checks" [_thread_blocked, id=11912, stack(0x000000aa46400000,0x000000aa46500000)]
  0x000001af4462f800 JavaThread "Daemon" [_thread_blocked, id=6984, stack(0x000000aa46500000,0x000000aa46600000)]
  0x000001af44630800 JavaThread "Handler for socket connection from /127.0.0.1:61365 to /127.0.0.1:61366" [_thread_in_native, id=3092, stack(0x000000aa46600000,0x000000aa46700000)]
  0x000001af43c11000 JavaThread "Cancel handler" [_thread_blocked, id=2192, stack(0x000000aa46700000,0x000000aa46800000)]
  0x000001af425ec000 JavaThread "Daemon worker" [_thread_in_native, id=1220, stack(0x000000aa46800000,0x000000aa46900000)]
  0x000001af425ec800 JavaThread "Asynchronous log dispatcher for DefaultDaemonConnection: socket connection from /127.0.0.1:61365 to /127.0.0.1:61366" [_thread_blocked, id=3228, stack(0x000000aa46900000,0x000000aa46a00000)]
  0x000001af427d1000 JavaThread "Stdin handler" [_thread_blocked, id=8260, stack(0x000000aa46a00000,0x000000aa46b00000)]
  0x000001af42bd0800 JavaThread "Daemon client event forwarder" [_thread_blocked, id=10368, stack(0x000000aa46b00000,0x000000aa46c00000)]
  0x000001af42bd4800 JavaThread "Cache worker for file hash cache (C:\Users\CARLOS_BUITRAGO\AndroidStudioProjects\MinTicKotlin\Sevilla_Sites\.gradle\caches\7.0.2\fileHashes)" [_thread_blocked, id=1392, stack(0x000000aa46c00000,0x000000aa46d00000)]
  0x000001af42bd5000 JavaThread "File lock request listener" [_thread_in_native, id=1168, stack(0x000000aa46d00000,0x000000aa46e00000)]
  0x000001af42bd6000 JavaThread "Cache worker for journal cache (C:\Users\CARLOS_BUITRAGO\AndroidStudioProjects\MinTicKotlin\Sevilla_Sites\.gradle\caches\journal-1)" [_thread_blocked, id=7456, stack(0x000000aa46e00000,0x000000aa46f00000)]

Other Threads:
  0x000001af418d7000 VMThread "VM Thread" [stack: 0x000000aa45400000,0x000000aa45500000] [id=7420]
  0x000001af423d6000 WatcherThread [stack: 0x000000aa45e00000,0x000000aa45f00000] [id=11704]
  0x000001af27d1f800 GCTaskThread "GC Thread#0" [stack: 0x000000aa44f00000,0x000000aa45000000] [id=7472]
  0x000001af425d1000 GCTaskThread "GC Thread#1" [stack: 0x000000aa45f00000,0x000000aa46000000] [id=8084]
  0x000001af422fd800 GCTaskThread "GC Thread#2" [stack: 0x000000aa46100000,0x000000aa46200000] [id=8096]
  0x000001af43939800 GCTaskThread "GC Thread#3" [stack: 0x000000aa46200000,0x000000aa46300000] [id=9948]
  0x000001af27d50000 ConcurrentGCThread "G1 Main Marker" [stack: 0x000000aa45000000,0x000000aa45100000] [id=2188]
  0x000001af27d51800 ConcurrentGCThread "G1 Conc#0" [stack: 0x000000aa45100000,0x000000aa45200000] [id=4116]
  0x000001af27dcd000 ConcurrentGCThread "G1 Refine#0" [stack: 0x000000aa45200000,0x000000aa45300000] [id=6972]
  0x000001af27dd0000 ConcurrentGCThread "G1 Young RemSet Sampling" [stack: 0x000000aa45300000,0x000000aa45400000] [id=11320]

Threads with active compile tasks:
C2 CompilerThread0  17142 1962   !   4       java.lang.ClassLoader::loadClass (122 bytes)

VM state:not at safepoint (normal execution)

VM Mutex/Monitor currently owned by a thread: None

Heap address: 0x0000000080000000, size: 2048 MB, Compressed Oops mode: 32-bit
Narrow klass base: 0x0000000000000000, Narrow klass shift: 3
Compressed class space size: 1073741824 Address: 0x0000000100000000

Heap:
 garbage-first heap   total 116736K, used 19024K [0x0000000080000000, 0x0000000100000000)
  region size 1024K, 6 young (6144K), 3 survivors (3072K)
 Metaspace       used 21711K, capacity 22335K, committed 22400K, reserved 1075200K
  class space    used 2718K, capacity 2938K, committed 2944K, reserved 1048576K
Heap Regions: E=young(eden), S=young(survivor), O=old, HS=humongous(starts), HC=humongous(continues), CS=collection set, F=free, A=archive, TAMS=top-at-mark-start (previous, next)
|   0|0x0000000080000000, 0x0000000080100000, 0x0000000080100000|100%|HS|  |TAMS 0x0000000080100000, 0x0000000080000000| Complete 
|   1|0x0000000080100000, 0x0000000080200000, 0x0000000080200000|100%|HC|  |TAMS 0x0000000080200000, 0x0000000080100000| Complete 
|   2|0x0000000080200000, 0x0000000080300000, 0x0000000080300000|100%|HC|  |TAMS 0x0000000080300000, 0x0000000080200000| Complete 
|   3|0x0000000080300000, 0x0000000080400000, 0x0000000080400000|100%| O|  |TAMS 0x0000000080400000, 0x0000000080300000| Untracked 
|   4|0x0000000080400000, 0x0000000080500000, 0x0000000080500000|100%| O|  |TAMS 0x0000000080500000, 0x0000000080400000| Untracked 
|   5|0x0000000080500000, 0x0000000080600000, 0x0000000080600000|100%| O|  |TAMS 0x0000000080600000, 0x0000000080500000| Untracked 
|   6|0x0000000080600000, 0x0000000080700000, 0x0000000080700000|100%| O|  |TAMS 0x0000000080700000, 0x0000000080600000| Untracked 
|   7|0x0000000080700000, 0x0000000080800000, 0x0000000080800000|100%| O|  |TAMS 0x0000000080800000, 0x0000000080700000| Untracked 
|   8|0x0000000080800000, 0x0000000080900000, 0x0000000080900000|100%| O|  |TAMS 0x0000000080900000, 0x0000000080800000| Untracked 
|   9|0x0000000080900000, 0x0000000080a00000, 0x0000000080a00000|100%| O|  |TAMS 0x0000000080a00000, 0x0000000080900000| Untracked 
|  10|0x0000000080a00000, 0x0000000080b00000, 0x0000000080b00000|100%| O|  |TAMS 0x0000000080b00000, 0x0000000080a00000| Untracked 
|  11|0x0000000080b00000, 0x0000000080c00000, 0x0000000080c00000|100%| O|  |TAMS 0x0000000080c00000, 0x0000000080b00000| Untracked 
|  12|0x0000000080c00000, 0x0000000080d00000, 0x0000000080d00000|100%| O|  |TAMS 0x0000000080d00000, 0x0000000080c00000| Untracked 
|  13|0x0000000080d00000, 0x0000000080e00000, 0x0000000080e00000|100%| O|  |TAMS 0x0000000080e00000, 0x0000000080d00000| Untracked 
|  14|0x0000000080e00000, 0x0000000080e7ca00, 0x0000000080f00000| 48%| O|  |TAMS 0x0000000080e7ca00, 0x0000000080e00000| Untracked 
|  15|0x0000000080f00000, 0x0000000080f00000, 0x0000000081000000|  0%| F|  |TAMS 0x0000000080f00000, 0x0000000080f00000| Untracked 
|  16|0x0000000081000000, 0x0000000081000000, 0x0000000081100000|  0%| F|  |TAMS 0x0000000081000000, 0x0000000081000000| Untracked 
|  17|0x0000000081100000, 0x0000000081100000, 0x0000000081200000|  0%| F|  |TAMS 0x0000000081100000, 0x0000000081100000| Untracked 
|  18|0x0000000081200000, 0x0000000081200000, 0x0000000081300000|  0%| F|  |TAMS 0x0000000081200000, 0x0000000081200000| Untracked 
|  19|0x0000000081300000, 0x0000000081300000, 0x0000000081400000|  0%| F|  |TAMS 0x0000000081300000, 0x0000000081300000| Untracked 
|  20|0x0000000081400000, 0x0000000081400000, 0x0000000081500000|  0%| F|  |TAMS 0x0000000081400000, 0x0000000081400000| Untracked 
|  21|0x0000000081500000, 0x0000000081500000, 0x0000000081600000|  0%| F|  |TAMS 0x0000000081500000, 0x0000000081500000| Untracked 
|  22|0x0000000081600000, 0x0000000081600000, 0x0000000081700000|  0%| F|  |TAMS 0x0000000081600000, 0x0000000081600000| Untracked 
|  23|0x0000000081700000, 0x0000000081700000, 0x0000000081800000|  0%| F|  |TAMS 0x0000000081700000, 0x0000000081700000| Untracked 
|  24|0x0000000081800000, 0x0000000081800000, 0x0000000081900000|  0%| F|  |TAMS 0x0000000081800000, 0x0000000081800000| Untracked 
|  25|0x0000000081900000, 0x0000000081900000, 0x0000000081a00000|  0%| F|  |TAMS 0x0000000081900000, 0x0000000081900000| Untracked 
|  26|0x0000000081a00000, 0x0000000081a00000, 0x0000000081b00000|  0%| F|  |TAMS 0x0000000081a00000, 0x0000000081a00000| Untracked 
|  27|0x0000000081b00000, 0x0000000081b00000, 0x0000000081c00000|  0%| F|  |TAMS 0x0000000081b00000, 0x0000000081b00000| Untracked 
|  28|0x0000000081c00000, 0x0000000081c00000, 0x0000000081d00000|  0%| F|  |TAMS 0x0000000081c00000, 0x0000000081c00000| Untracked 
|  29|0x0000000081d00000, 0x0000000081d00000, 0x0000000081e00000|  0%| F|  |TAMS 0x0000000081d00000, 0x0000000081d00000| Untracked 
|  30|0x0000000081e00000, 0x0000000081e00000, 0x0000000081f00000|  0%| F|  |TAMS 0x0000000081e00000, 0x0000000081e00000| Untracked 
|  31|0x0000000081f00000, 0x0000000081f00000, 0x0000000082000000|  0%| F|  |TAMS 0x0000000081f00000, 0x0000000081f00000| Untracked 
|  32|0x0000000082000000, 0x0000000082000000, 0x0000000082100000|  0%| F|  |TAMS 0x0000000082000000, 0x0000000082000000| Untracked 
|  33|0x0000000082100000, 0x0000000082100000, 0x0000000082200000|  0%| F|  |TAMS 0x0000000082100000, 0x0000000082100000| Untracked 
|  34|0x0000000082200000, 0x0000000082200000, 0x0000000082300000|  0%| F|  |TAMS 0x0000000082200000, 0x0000000082200000| Untracked 
|  35|0x0000000082300000, 0x0000000082300000, 0x0000000082400000|  0%| F|  |TAMS 0x0000000082300000, 0x0000000082300000| Untracked 
|  36|0x0000000082400000, 0x0000000082400000, 0x0000000082500000|  0%| F|  |TAMS 0x0000000082400000, 0x0000000082400000| Untracked 
|  37|0x0000000082500000, 0x0000000082500000, 0x0000000082600000|  0%| F|  |TAMS 0x0000000082500000, 0x0000000082500000| Untracked 
|  38|0x0000000082600000, 0x0000000082600000, 0x0000000082700000|  0%| F|  |TAMS 0x0000000082600000, 0x0000000082600000| Untracked 
|  39|0x0000000082700000, 0x0000000082700000, 0x0000000082800000|  0%| F|  |TAMS 0x0000000082700000, 0x0000000082700000| Untracked 
|  40|0x0000000082800000, 0x0000000082800000, 0x0000000082900000|  0%| F|  |TAMS 0x0000000082800000, 0x0000000082800000| Untracked 
|  41|0x0000000082900000, 0x0000000082900000, 0x0000000082a00000|  0%| F|  |TAMS 0x0000000082900000, 0x0000000082900000| Untracked 
|  42|0x0000000082a00000, 0x0000000082a00000, 0x0000000082b00000|  0%| F|  |TAMS 0x0000000082a00000, 0x0000000082a00000| Untracked 
|  43|0x0000000082b00000, 0x0000000082b00000, 0x0000000082c00000|  0%| F|  |TAMS 0x0000000082b00000, 0x0000000082b00000| Untracked 
|  44|0x0000000082c00000, 0x0000000082c00000, 0x0000000082d00000|  0%| F|  |TAMS 0x0000000082c00000, 0x0000000082c00000| Untracked 
|  45|0x0000000082d00000, 0x0000000082d00000, 0x0000000082e00000|  0%| F|  |TAMS 0x0000000082d00000, 0x0000000082d00000| Untracked 
|  46|0x0000000082e00000, 0x0000000082e00000, 0x0000000082f00000|  0%| F|  |TAMS 0x0000000082e00000, 0x0000000082e00000| Untracked 
|  47|0x0000000082f00000, 0x0000000082f00000, 0x0000000083000000|  0%| F|  |TAMS 0x0000000082f00000, 0x0000000082f00000| Untracked 
|  48|0x0000000083000000, 0x0000000083000000, 0x0000000083100000|  0%| F|  |TAMS 0x0000000083000000, 0x0000000083000000| Untracked 
|  49|0x0000000083100000, 0x0000000083100000, 0x0000000083200000|  0%| F|  |TAMS 0x0000000083100000, 0x0000000083100000| Untracked 
|  50|0x0000000083200000, 0x0000000083200000, 0x0000000083300000|  0%| F|  |TAMS 0x0000000083200000, 0x0000000083200000| Untracked 
|  51|0x0000000083300000, 0x0000000083300000, 0x0000000083400000|  0%| F|  |TAMS 0x0000000083300000, 0x0000000083300000| Untracked 
|  52|0x0000000083400000, 0x0000000083400000, 0x0000000083500000|  0%| F|  |TAMS 0x0000000083400000, 0x0000000083400000| Untracked 
|  53|0x0000000083500000, 0x0000000083500000, 0x0000000083600000|  0%| F|  |TAMS 0x0000000083500000, 0x0000000083500000| Untracked 
|  54|0x0000000083600000, 0x0000000083600000, 0x0000000083700000|  0%| F|  |TAMS 0x0000000083600000, 0x0000000083600000| Untracked 
|  55|0x0000000083700000, 0x0000000083700000, 0x0000000083800000|  0%| F|  |TAMS 0x0000000083700000, 0x0000000083700000| Untracked 
|  56|0x0000000083800000, 0x0000000083800000, 0x0000000083900000|  0%| F|  |TAMS 0x0000000083800000, 0x0000000083800000| Untracked 
|  57|0x0000000083900000, 0x0000000083900000, 0x0000000083a00000|  0%| F|  |TAMS 0x0000000083900000, 0x0000000083900000| Untracked 
|  58|0x0000000083a00000, 0x0000000083a00000, 0x0000000083b00000|  0%| F|  |TAMS 0x0000000083a00000, 0x0000000083a00000| Untracked 
|  59|0x0000000083b00000, 0x0000000083b00000, 0x0000000083c00000|  0%| F|  |TAMS 0x0000000083b00000, 0x0000000083b00000| Untracked 
|  60|0x0000000083c00000, 0x0000000083c00000, 0x0000000083d00000|  0%| F|  |TAMS 0x0000000083c00000, 0x0000000083c00000| Untracked 
|  61|0x0000000083d00000, 0x0000000083d00000, 0x0000000083e00000|  0%| F|  |TAMS 0x0000000083d00000, 0x0000000083d00000| Untracked 
|  62|0x0000000083e00000, 0x0000000083e00000, 0x0000000083f00000|  0%| F|  |TAMS 0x0000000083e00000, 0x0000000083e00000| Untracked 
|  63|0x0000000083f00000, 0x0000000083f00000, 0x0000000084000000|  0%| F|  |TAMS 0x0000000083f00000, 0x0000000083f00000| Untracked 
|  64|0x0000000084000000, 0x0000000084000000, 0x0000000084100000|  0%| F|  |TAMS 0x0000000084000000, 0x0000000084000000| Untracked 
|  65|0x0000000084100000, 0x0000000084100000, 0x0000000084200000|  0%| F|  |TAMS 0x0000000084100000, 0x0000000084100000| Untracked 
|  66|0x0000000084200000, 0x0000000084200000, 0x0000000084300000|  0%| F|  |TAMS 0x0000000084200000, 0x0000000084200000| Untracked 
|  67|0x0000000084300000, 0x0000000084300000, 0x0000000084400000|  0%| F|  |TAMS 0x0000000084300000, 0x0000000084300000| Untracked 
|  68|0x0000000084400000, 0x0000000084400000, 0x0000000084500000|  0%| F|  |TAMS 0x0000000084400000, 0x0000000084400000| Untracked 
|  69|0x0000000084500000, 0x0000000084500000, 0x0000000084600000|  0%| F|  |TAMS 0x0000000084500000, 0x0000000084500000| Untracked 
|  70|0x0000000084600000, 0x0000000084600000, 0x0000000084700000|  0%| F|  |TAMS 0x0000000084600000, 0x0000000084600000| Untracked 
|  71|0x0000000084700000, 0x0000000084700000, 0x0000000084800000|  0%| F|  |TAMS 0x0000000084700000, 0x0000000084700000| Untracked 
|  72|0x0000000084800000, 0x0000000084800000, 0x0000000084900000|  0%| F|  |TAMS 0x0000000084800000, 0x0000000084800000| Untracked 
|  73|0x0000000084900000, 0x0000000084900000, 0x0000000084a00000|  0%| F|  |TAMS 0x0000000084900000, 0x0000000084900000| Untracked 
|  74|0x0000000084a00000, 0x0000000084a00000, 0x0000000084b00000|  0%| F|  |TAMS 0x0000000084a00000, 0x0000000084a00000| Untracked 
|  75|0x0000000084b00000, 0x0000000084b00000, 0x0000000084c00000|  0%| F|  |TAMS 0x0000000084b00000, 0x0000000084b00000| Untracked 
|  76|0x0000000084c00000, 0x0000000084c00000, 0x0000000084d00000|  0%| F|  |TAMS 0x0000000084c00000, 0x0000000084c00000| Untracked 
|  77|0x0000000084d00000, 0x0000000084d00000, 0x0000000084e00000|  0%| F|  |TAMS 0x0000000084d00000, 0x0000000084d00000| Untracked 
|  78|0x0000000084e00000, 0x0000000084e00000, 0x0000000084f00000|  0%| F|  |TAMS 0x0000000084e00000, 0x0000000084e00000| Untracked 
|  79|0x0000000084f00000, 0x0000000084f00000, 0x0000000085000000|  0%| F|  |TAMS 0x0000000084f00000, 0x0000000084f00000| Untracked 
|  80|0x0000000085000000, 0x0000000085000000, 0x0000000085100000|  0%| F|  |TAMS 0x0000000085000000, 0x0000000085000000| Untracked 
|  81|0x0000000085100000, 0x0000000085100000, 0x0000000085200000|  0%| F|  |TAMS 0x0000000085100000, 0x0000000085100000| Untracked 
|  82|0x0000000085200000, 0x0000000085200000, 0x0000000085300000|  0%| F|  |TAMS 0x0000000085200000, 0x0000000085200000| Untracked 
|  83|0x0000000085300000, 0x0000000085300000, 0x0000000085400000|  0%| F|  |TAMS 0x0000000085300000, 0x0000000085300000| Untracked 
|  84|0x0000000085400000, 0x0000000085400000, 0x0000000085500000|  0%| F|  |TAMS 0x0000000085400000, 0x0000000085400000| Untracked 
|  85|0x0000000085500000, 0x0000000085500000, 0x0000000085600000|  0%| F|  |TAMS 0x0000000085500000, 0x0000000085500000| Untracked 
|  86|0x0000000085600000, 0x0000000085600000, 0x0000000085700000|  0%| F|  |TAMS 0x0000000085600000, 0x0000000085600000| Untracked 
|  87|0x0000000085700000, 0x0000000085700000, 0x0000000085800000|  0%| F|  |TAMS 0x0000000085700000, 0x0000000085700000| Untracked 
|  88|0x0000000085800000, 0x0000000085800000, 0x0000000085900000|  0%| F|  |TAMS 0x0000000085800000, 0x0000000085800000| Untracked 
|  89|0x0000000085900000, 0x0000000085900000, 0x0000000085a00000|  0%| F|  |TAMS 0x0000000085900000, 0x0000000085900000| Untracked 
|  90|0x0000000085a00000, 0x0000000085a00000, 0x0000000085b00000|  0%| F|  |TAMS 0x0000000085a00000, 0x0000000085a00000| Untracked 
|  91|0x0000000085b00000, 0x0000000085b00000, 0x0000000085c00000|  0%| F|  |TAMS 0x0000000085b00000, 0x0000000085b00000| Untracked 
|  92|0x0000000085c00000, 0x0000000085c00000, 0x0000000085d00000|  0%| F|  |TAMS 0x0000000085c00000, 0x0000000085c00000| Untracked 
|  93|0x0000000085d00000, 0x0000000085d00000, 0x0000000085e00000|  0%| F|  |TAMS 0x0000000085d00000, 0x0000000085d00000| Untracked 
|  94|0x0000000085e00000, 0x0000000085e00000, 0x0000000085f00000|  0%| F|  |TAMS 0x0000000085e00000, 0x0000000085e00000| Untracked 
|  95|0x0000000085f00000, 0x0000000085f00000, 0x0000000086000000|  0%| F|  |TAMS 0x0000000085f00000, 0x0000000085f00000| Untracked 
|  96|0x0000000086000000, 0x0000000086000000, 0x0000000086100000|  0%| F|  |TAMS 0x0000000086000000, 0x0000000086000000| Untracked 
|  97|0x0000000086100000, 0x0000000086100000, 0x0000000086200000|  0%| F|  |TAMS 0x0000000086100000, 0x0000000086100000| Untracked 
|  98|0x0000000086200000, 0x0000000086200000, 0x0000000086300000|  0%| F|  |TAMS 0x0000000086200000, 0x0000000086200000| Untracked 
|  99|0x0000000086300000, 0x0000000086300000, 0x0000000086400000|  0%| F|  |TAMS 0x0000000086300000, 0x0000000086300000| Untracked 
| 100|0x0000000086400000, 0x0000000086400000, 0x0000000086500000|  0%| F|  |TAMS 0x0000000086400000, 0x0000000086400000| Untracked 
| 101|0x0000000086500000, 0x0000000086500000, 0x0000000086600000|  0%| F|  |TAMS 0x0000000086500000, 0x0000000086500000| Untracked 
| 102|0x0000000086600000, 0x0000000086600000, 0x0000000086700000|  0%| F|  |TAMS 0x0000000086600000, 0x0000000086600000| Untracked 
| 103|0x0000000086700000, 0x0000000086717990, 0x0000000086800000|  9%| S|CS|TAMS 0x0000000086700000, 0x0000000086700000| Complete 
| 104|0x0000000086800000, 0x0000000086900000, 0x0000000086900000|100%| S|CS|TAMS 0x0000000086800000, 0x0000000086800000| Complete 
| 105|0x0000000086900000, 0x0000000086a00000, 0x0000000086a00000|100%| S|CS|TAMS 0x0000000086900000, 0x0000000086900000| Complete 
| 106|0x0000000086a00000, 0x0000000086a00000, 0x0000000086b00000|  0%| F|  |TAMS 0x0000000086a00000, 0x0000000086a00000| Untracked 
| 107|0x0000000086b00000, 0x0000000086b00000, 0x0000000086c00000|  0%| F|  |TAMS 0x0000000086b00000, 0x0000000086b00000| Untracked 
| 108|0x0000000086c00000, 0x0000000086c00000, 0x0000000086d00000|  0%| F|  |TAMS 0x0000000086c00000, 0x0000000086c00000| Untracked 
| 109|0x0000000086d00000, 0x0000000086d00000, 0x0000000086e00000|  0%| F|  |TAMS 0x0000000086d00000, 0x0000000086d00000| Untracked 
| 110|0x0000000086e00000, 0x0000000086e00000, 0x0000000086f00000|  0%| F|  |TAMS 0x0000000086e00000, 0x0000000086e00000| Untracked 
| 111|0x0000000086f00000, 0x0000000086f80800, 0x0000000087000000| 50%| E|  |TAMS 0x0000000086f00000, 0x0000000086f00000| Complete 
| 112|0x0000000087000000, 0x0000000087100000, 0x0000000087100000|100%| E|CS|TAMS 0x0000000087000000, 0x0000000087000000| Complete 
| 113|0x0000000087100000, 0x0000000087200000, 0x0000000087200000|100%| E|CS|TAMS 0x0000000087100000, 0x0000000087100000| Complete 

Card table byte_map: [0x000001af3abf0000,0x000001af3aff0000] _byte_map_base: 0x000001af3a7f0000

Marking Bits (Prev, Next): (CMBitMap*) 0x000001af27d47498, (CMBitMap*) 0x000001af27d474d0
 Prev Bits: [0x000001af3b3f0000, 0x000001af3d3f0000)
 Next Bits: [0x000001af3d3f0000, 0x000001af3f3f0000)

Polling page: 0x000001af25c00000

Metaspace:

Usage:
  Non-class:     18.94 MB capacity,    18.55 MB ( 98%) used,   362.78 KB (  2%) free+waste,    40.81 KB ( <1%) overhead. 
      Class:      2.87 MB capacity,     2.65 MB ( 93%) used,   198.76 KB (  7%) free+waste,    20.75 KB ( <1%) overhead. 
       Both:     21.81 MB capacity,    21.20 MB ( 97%) used,   561.54 KB (  3%) free+waste,    61.56 KB ( <1%) overhead. 

Virtual space:
  Non-class space:       26.00 MB reserved,      19.00 MB ( 73%) committed 
      Class space:        1.00 GB reserved,       2.88 MB ( <1%) committed 
             Both:        1.03 GB reserved,      21.88 MB (  2%) committed 

Chunk freelists:
   Non-Class:  59.00 KB
       Class:  6.00 KB
        Both:  65.00 KB

MaxMetaspaceSize: 17179869184.00 GB
CompressedClassSpaceSize: 1.00 GB

CodeHeap 'non-profiled nmethods': size=120064Kb used=892Kb max_used=892Kb free=119171Kb
 bounds [0x000001af332b0000, 0x000001af33520000, 0x000001af3a7f0000]
CodeHeap 'profiled nmethods': size=120000Kb used=4117Kb max_used=4117Kb free=115882Kb
 bounds [0x000001af2bd80000, 0x000001af2c190000, 0x000001af332b0000]
CodeHeap 'non-nmethods': size=5696Kb used=1144Kb max_used=1164Kb free=4551Kb
 bounds [0x000001af2b7f0000, 0x000001af2ba60000, 0x000001af2bd80000]
 total_blobs=2449 nmethods=1972 adapters=388
 compilation: enabled
              stopped_count=0, restarted_count=0
 full_count=0

Compilation events (20 events):
Event: 16.282 Thread 0x000001af418f9000 nmethod 1949 0x000001af3338dc10 code [0x000001af3338ddc0, 0x000001af3338e078]
Event: 16.301 Thread 0x000001af418ff800 1952       3       java.lang.Class::privateGetDeclaredConstructors (79 bytes)
Event: 16.302 Thread 0x000001af418ff800 nmethod 1952 0x000001af2c175610 code [0x000001af2c175820, 0x000001af2c175d28]
Event: 16.302 Thread 0x000001af418ff800 1954       3       java.lang.invoke.DirectMethodHandle::preparedLambdaForm (248 bytes)
Event: 16.303 Thread 0x000001af418ff800 nmethod 1954 0x000001af2c175f10 code [0x000001af2c1761e0, 0x000001af2c176c78]
Event: 16.369 Thread 0x000001af418ff800 1956       3       java.util.HashMap::getNode (148 bytes)
Event: 16.370 Thread 0x000001af418ff800 nmethod 1956 0x000001af2c177110 code [0x000001af2c177340, 0x000001af2c177ca8]
Event: 16.370 Thread 0x000001af418ff800 1955       3       java.util.HashMap::get (23 bytes)
Event: 16.370 Thread 0x000001af418ff800 nmethod 1955 0x000001af2c177f10 code [0x000001af2c178100, 0x000001af2c178438]
Event: 16.370 Thread 0x000001af418ff800 1957       3       java.lang.reflect.ProxyGenerator$ConstantPool::getMethodRef (33 bytes)
Event: 16.371 Thread 0x000001af418ff800 nmethod 1957 0x000001af2c178590 code [0x000001af2c178860, 0x000001af2c1794c8]
Event: 16.380 Thread 0x000001af418ff800 1958       3       java.util.regex.Pattern$BmpCharPropertyGreedy::match (89 bytes)
Event: 16.380 Thread 0x000001af418ff800 nmethod 1958 0x000001af2c179a10 code [0x000001af2c179c20, 0x000001af2c17a248]
Event: 16.380 Thread 0x000001af418ff800 1959       3       org.gradle.util.GradleVersion::compareTo (244 bytes)
Event: 16.381 Thread 0x000001af418ff800 nmethod 1959 0x000001af2c17a490 code [0x000001af2c17a760, 0x000001af2c17b598]
Event: 16.381 Thread 0x000001af418ff800 1960       3       java.util.regex.CharPredicates$$Lambda$5/0x0000000100065040::is (5 bytes)
Event: 16.381 Thread 0x000001af418ff800 nmethod 1960 0x000001af2c17bb10 code [0x000001af2c17bce0, 0x000001af2c17bf98]
Event: 16.381 Thread 0x000001af418ff800 1961       3       java.util.regex.CharPredicates::lambda$ASCII_DIGIT$15 (20 bytes)
Event: 16.381 Thread 0x000001af418ff800 nmethod 1961 0x000001af2c17c090 code [0x000001af2c17c240, 0x000001af2c17c478]
Event: 16.390 Thread 0x000001af418f9000 1962   !   4       java.lang.ClassLoader::loadClass (122 bytes)

GC Heap History (10 events):
Event: 4.096 GC heap before
{Heap before GC invocations=0 (full 0):
 garbage-first heap   total 116736K, used 16384K [0x0000000080000000, 0x0000000100000000)
  region size 1024K, 14 young (14336K), 0 survivors (0K)
 Metaspace       used 6722K, capacity 6921K, committed 7168K, reserved 1056768K
  class space    used 582K, capacity 650K, committed 768K, reserved 1048576K
}
Event: 4.101 GC heap after
{Heap after GC invocations=1 (full 0):
 garbage-first heap   total 116736K, used 3459K [0x0000000080000000, 0x0000000100000000)
  region size 1024K, 2 young (2048K), 2 survivors (2048K)
 Metaspace       used 6722K, capacity 6921K, committed 7168K, reserved 1056768K
  class space    used 582K, capacity 650K, committed 768K, reserved 1048576K
}
Event: 5.358 GC heap before
{Heap before GC invocations=1 (full 0):
 garbage-first heap   total 116736K, used 18819K [0x0000000080000000, 0x0000000100000000)
  region size 1024K, 14 young (14336K), 2 survivors (2048K)
 Metaspace       used 10216K, capacity 10423K, committed 10624K, reserved 1058816K
  class space    used 1065K, capacity 1141K, committed 1152K, reserved 1048576K
}
Event: 5.365 GC heap after
{Heap after GC invocations=2 (full 0):
 garbage-first heap   total 116736K, used 9216K [0x0000000080000000, 0x0000000100000000)
  region size 1024K, 2 young (2048K), 2 survivors (2048K)
 Metaspace       used 10216K, capacity 10423K, committed 10624K, reserved 1058816K
  class space    used 1065K, capacity 1141K, committed 1152K, reserved 1048576K
}
Event: 6.128 GC heap before
{Heap before GC invocations=2 (full 0):
 garbage-first heap   total 116736K, used 32768K [0x0000000080000000, 0x0000000100000000)
  region size 1024K, 26 young (26624K), 2 survivors (2048K)
 Metaspace       used 11116K, capacity 11440K, committed 11520K, reserved 1058816K
  class space    used 1165K, capacity 1245K, committed 1280K, reserved 1048576K
}
Event: 6.135 GC heap after
{Heap after GC invocations=3 (full 0):
 garbage-first heap   total 116736K, used 9865K [0x0000000080000000, 0x0000000100000000)
  region size 1024K, 3 young (3072K), 3 survivors (3072K)
 Metaspace       used 11116K, capacity 11440K, committed 11520K, reserved 1058816K
  class space    used 1165K, capacity 1245K, committed 1280K, reserved 1048576K
}
Event: 10.970 GC heap before
{Heap before GC invocations=3 (full 0):
 garbage-first heap   total 116736K, used 45705K [0x0000000080000000, 0x0000000100000000)
  region size 1024K, 38 young (38912K), 3 survivors (3072K)
 Metaspace       used 14058K, capacity 14515K, committed 14592K, reserved 1062912K
  class space    used 1588K, capacity 1718K, committed 1792K, reserved 1048576K
}
Event: 10.979 GC heap after
{Heap after GC invocations=4 (full 0):
 garbage-first heap   total 116736K, used 14847K [0x0000000080000000, 0x0000000100000000)
  region size 1024K, 5 young (5120K), 5 survivors (5120K)
 Metaspace       used 14058K, capacity 14515K, committed 14592K, reserved 1062912K
  class space    used 1588K, capacity 1718K, committed 1792K, reserved 1048576K
}
Event: 16.151 GC heap before
{Heap before GC invocations=4 (full 0):
 garbage-first heap   total 116736K, used 54783K [0x0000000080000000, 0x0000000100000000)
  region size 1024K, 45 young (46080K), 5 survivors (5120K)
 Metaspace       used 20586K, capacity 21088K, committed 21248K, reserved 1067008K
  class space    used 2506K, capacity 2690K, committed 2816K, reserved 1048576K
}
Event: 16.160 GC heap after
{Heap after GC invocations=5 (full 0):
 garbage-first heap   total 116736K, used 16882K [0x0000000080000000, 0x0000000100000000)
  region size 1024K, 2 young (2048K), 2 survivors (2048K)
 Metaspace       used 20586K, capacity 21088K, committed 21248K, reserved 1067008K
  class space    used 2506K, capacity 2690K, committed 2816K, reserved 1048576K
}

Deoptimization events (20 events):
Event: 16.369 Thread 0x000001af425ec000 Uncommon trap: trap_request=0xffffffcc fr.pc=0x000001af33382bf0 relative=0x00000000000002b0
Event: 16.369 Thread 0x000001af425ec000 Uncommon trap: reason=intrinsic_or_type_checked_inlining action=make_not_entrant pc=0x000001af33382bf0 method=java.util.Arrays.copyOf([Ljava/lang/Object;ILjava/lang/Class;)[Ljava/lang/Object; @ 35 c2
Event: 16.369 Thread 0x000001af425ec000 DEOPT PACKING pc=0x000001af33382bf0 sp=0x000000aa468fc810
Event: 16.369 Thread 0x000001af425ec000 DEOPT UNPACKING pc=0x000001af2b81782f sp=0x000000aa468fc7a0 mode 2
Event: 16.369 Thread 0x000001af425ec000 Uncommon trap: trap_request=0xffffff4d fr.pc=0x000001af332ff3e4 relative=0x00000000000001a4
Event: 16.369 Thread 0x000001af425ec000 Uncommon trap: reason=unstable_if action=reinterpret pc=0x000001af332ff3e4 method=java.util.HashMap.getNode(ILjava/lang/Object;)Ljava/util/HashMap$Node; @ 129 c2
Event: 16.369 Thread 0x000001af425ec000 DEOPT PACKING pc=0x000001af332ff3e4 sp=0x000000aa468fc100
Event: 16.369 Thread 0x000001af425ec000 DEOPT UNPACKING pc=0x000001af2b81782f sp=0x000000aa468fc000 mode 2
Event: 16.369 Thread 0x000001af425ec000 Uncommon trap: trap_request=0xffffffc6 fr.pc=0x000001af333758f8 relative=0x0000000000000778
Event: 16.369 Thread 0x000001af425ec000 Uncommon trap: reason=bimorphic_or_optimized_type_check action=maybe_recompile pc=0x000001af333758f8 method=java.util.HashMap.putVal(ILjava/lang/Object;Ljava/lang/Object;ZZ)Ljava/lang/Object; @ 203 c2
Event: 16.369 Thread 0x000001af425ec000 DEOPT PACKING pc=0x000001af333758f8 sp=0x000000aa468fc070
Event: 16.369 Thread 0x000001af425ec000 DEOPT UNPACKING pc=0x000001af2b81782f sp=0x000000aa468fc000 mode 2
Event: 16.369 Thread 0x000001af425ec000 Uncommon trap: trap_request=0xffffff4d fr.pc=0x000001af332e2aac relative=0x00000000000001ec
Event: 16.369 Thread 0x000001af425ec000 Uncommon trap: reason=unstable_if action=reinterpret pc=0x000001af332e2aac method=java.util.HashMap.getNode(ILjava/lang/Object;)Ljava/util/HashMap$Node; @ 129 c2
Event: 16.369 Thread 0x000001af425ec000 DEOPT PACKING pc=0x000001af332e2aac sp=0x000000aa468fc060
Event: 16.369 Thread 0x000001af425ec000 DEOPT UNPACKING pc=0x000001af2b81782f sp=0x000000aa468fbfe8 mode 2
Event: 16.383 Thread 0x000001af425ec000 Uncommon trap: trap_request=0xffffff4d fr.pc=0x000001af33319098 relative=0x0000000000000af8
Event: 16.383 Thread 0x000001af425ec000 Uncommon trap: reason=unstable_if action=reinterpret pc=0x000001af33319098 method=java.util.Properties$LineReader.readLine()I @ 249 c2
Event: 16.383 Thread 0x000001af425ec000 DEOPT PACKING pc=0x000001af33319098 sp=0x000000aa468fc060
Event: 16.383 Thread 0x000001af425ec000 DEOPT UNPACKING pc=0x000001af2b81782f sp=0x000000aa468fc000 mode 2

Classes redefined (0 events):
No events

Internal exceptions (20 events):
Event: 13.781 Thread 0x000001af44630800 Exception <a 'java/lang/NoSuchMethodError'{0x0000000086b9b4d0}: <clinit>> (0x0000000086b9b4d0) thrown at [./src/hotspot/share/prims/jni.cpp, line 1362]
Event: 13.785 Thread 0x000001af44630800 Exception <a 'java/lang/NoSuchMethodError'{0x0000000086bb0ee0}: <clinit>> (0x0000000086bb0ee0) thrown at [./src/hotspot/share/prims/jni.cpp, line 1362]
Event: 13.861 Thread 0x000001af44630800 Exception <a 'java/lang/NoSuchMethodError'{0x0000000086a0b958}: <clinit>> (0x0000000086a0b958) thrown at [./src/hotspot/share/prims/jni.cpp, line 1362]
Event: 13.868 Thread 0x000001af44630800 Exception <a 'java/lang/NoSuchMethodError'{0x0000000086a47770}: <clinit>> (0x0000000086a47770) thrown at [./src/hotspot/share/prims/jni.cpp, line 1362]
Event: 13.875 Thread 0x000001af44630800 Exception <a 'java/lang/NoSuchMethodError'{0x0000000086a7add8}: <clinit>> (0x0000000086a7add8) thrown at [./src/hotspot/share/prims/jni.cpp, line 1362]
Event: 14.234 Thread 0x000001af425ec000 Exception <a 'java/lang/NoSuchMethodError'{0x0000000086787df8}: 'void java.lang.invoke.DirectMethodHandle$Holder.invokeVirtual(java.lang.Object, java.lang.Object, java.lang.Object, java.lang.Object)'> (0x0000000086787df8) thrown at [./src/hotspot/share/interpreter/linkResolver.cpp, line 773]
Event: 14.235 Thread 0x000001af425ec000 Exception <a 'java/lang/NoSuchMethodError'{0x0000000086794860}: 'void java.lang.invoke.DelegatingMethodHandle$Holder.reinvoke_L(java.lang.Object, java.lang.Object, java.lang.Object, java.lang.Object)'> (0x0000000086794860) thrown at [./src/hotspot/share/interpreter/linkResolver.cpp, line 773]
Event: 14.250 Thread 0x000001af425ec000 Exception <a 'java/lang/NoSuchMethodError'{0x00000000867c5ed0}: 'long java.lang.invoke.DirectMethodHandle$Holder.invokeInterface(java.lang.Object, java.lang.Object)'> (0x00000000867c5ed0) thrown at [./src/hotspot/share/interpreter/linkResolver.cpp, line 773]
Event: 14.252 Thread 0x000001af425ec000 Exception <a 'java/lang/NoSuchMethodError'{0x00000000867e9a98}: 'void java.lang.invoke.DelegatingMethodHandle$Holder.reinvoke_L(java.lang.Object, java.lang.Object, java.lang.Object, java.lang.Object, java.lang.Object, java.lang.Object, java.lang.Object)'> (0x00000000867e9a98) thrown at [./src/hotspot/share/interpreter/linkResolver.cpp, line 773]
Event: 15.329 Thread 0x000001af425ec000 Exception <a 'java/lang/NoSuchMethodError'{0x000000008560e1e8}: 'java.lang.Object java.lang.invoke.DirectMethodHandle$Holder.invokeVirtual(java.lang.Object, java.lang.Object, java.lang.Object)'> (0x000000008560e1e8) thrown at [./src/hotspot/share/interpreter/linkResolver.cpp, line 773]
Event: 15.638 Thread 0x000001af425ec000 Exception <a 'java/lang/NoSuchMethodError'{0x0000000085394578}: 'void java.lang.invoke.DirectMethodHandle$Holder.invokeInterface(java.lang.Object, java.lang.Object)'> (0x0000000085394578) thrown at [./src/hotspot/share/interpreter/linkResolver.cpp, line 773]
Event: 15.639 Thread 0x000001af425ec000 Exception <a 'java/lang/IncompatibleClassChangeError'{0x0000000085397728}: Found class java.lang.Object, but interface was expected> (0x0000000085397728) thrown at [./src/hotspot/share/interpreter/linkResolver.cpp, line 839]
Event: 15.658 Thread 0x000001af425ec000 Exception <a 'java/lang/NoSuchMethodError'{0x0000000085103f60}: 'void java.lang.invoke.DirectMethodHandle$Holder.invokeStaticInit(java.lang.Object)'> (0x0000000085103f60) thrown at [./src/hotspot/share/interpreter/linkResolver.cpp, line 773]
Event: 15.862 Thread 0x000001af425ec000 Exception <a 'java/lang/NoSuchMethodError'{0x0000000084fe8e58}: 'java.lang.Object java.lang.invoke.DirectMethodHandle$Holder.invokeStatic(java.lang.Object, java.lang.Object, java.lang.Object, int)'> (0x0000000084fe8e58) thrown at [./src/hotspot/share/interpreter/linkResolver.cpp, line 773]
Event: 15.862 Thread 0x000001af425ec000 Exception <a 'java/lang/NoSuchMethodError'{0x0000000084fed020}: 'java.lang.Object java.lang.invoke.DirectMethodHandle$Holder.invokeSpecial(java.lang.Object, java.lang.Object, java.lang.Object, java.lang.Object, int)'> (0x0000000084fed020) thrown at [./src/hotspot/share/interpreter/linkResolver.cpp, line 773]
Event: 15.862 Thread 0x000001af425ec000 Exception <a 'java/lang/NoSuchMethodError'{0x0000000084ff0a08}: 'java.lang.Object java.lang.invoke.Invokers$Holder.linkToTargetMethod(java.lang.Object, java.lang.Object, int, java.lang.Object)'> (0x0000000084ff0a08) thrown at [./src/hotspot/share/interpreter/linkResolver.cpp, line 773]
Event: 16.219 Thread 0x000001af425ec000 Exception <a 'java/lang/NoSuchMethodError'{0x00000000871bf848}: 'int java.lang.invoke.DirectMethodHandle$Holder.invokeSpecialIFC(java.lang.Object, java.lang.Object, java.lang.Object, java.lang.Object)'> (0x00000000871bf848) thrown at [./src/hotspot/share/interpreter/linkResolver.cpp, line 773]
Event: 16.221 Thread 0x000001af425ec000 Exception <a 'java/lang/NoSuchMethodError'{0x00000000871cd608}: 'java.lang.Object java.lang.invoke.DirectMethodHandle$Holder.invokeInterface(java.lang.Object, java.lang.Object, java.lang.Object)'> (0x00000000871cd608) thrown at [./src/hotspot/share/interpreter/linkResolver.cpp, line 773]
Event: 16.221 Thread 0x000001af425ec000 Exception <a 'java/lang/IncompatibleClassChangeError'{0x00000000871d0ae0}: Found class java.lang.Object, but interface was expected> (0x00000000871d0ae0) thrown at [./src/hotspot/share/interpreter/linkResolver.cpp, line 839]
Event: 16.250 Thread 0x000001af425ec000 Exception <a 'java/lang/NoSuchMethodError'{0x0000000087089540}: 'void java.lang.invoke.DirectMethodHandle$Holder.invokeStatic(java.lang.Object, java.lang.Object, java.lang.Object, java.lang.Object, java.lang.Object)'> (0x0000000087089540) thrown at [./src/hotspot/share/interpreter/linkResolver.cpp, line 773]

Events (20 events):
Event: 16.440 loading class org/gradle/tooling/internal/protocol/ModelIdentifier
Event: 16.440 loading class org/gradle/tooling/internal/protocol/ModelIdentifier done
Event: 16.441 loading class org/gradle/internal/operations/notify/BuildOperationNotificationBridge$State
Event: 16.441 loading class org/gradle/internal/operations/notify/BuildOperationNotificationBridge$State done
Event: 16.441 loading class org/gradle/internal/operations/notify/BuildOperationNotificationListener
Event: 16.441 loading class org/gradle/internal/operations/notify/BuildOperationNotificationListener done
Event: 16.442 loading class org/gradle/internal/operations/notify/BuildOperationNotificationBridge$ReplayAndAttachListener
Event: 16.442 loading class org/gradle/internal/operations/notify/BuildOperationNotificationBridge$ReplayAndAttachListener done
Event: 16.471 loading class org/gradle/internal/operations/notify/BuildOperationNotificationBridge$RecordingListener
Event: 16.471 loading class org/gradle/internal/operations/notify/BuildOperationNotificationBridge$RecordingListener done
Event: 16.471 loading class org/gradle/internal/operations/notify/BuildOperationNotificationBridge$Adapter
Event: 16.471 loading class org/gradle/internal/operations/notify/BuildOperationNotificationBridge$Adapter done
Event: 16.471 loading class org/gradle/internal/operations/notify/BuildOperationStartedNotification
Event: 16.471 loading class org/gradle/internal/operations/notify/BuildOperationStartedNotification done
Event: 16.472 loading class org/gradle/internal/operations/notify/BuildOperationProgressNotification
Event: 16.472 loading class org/gradle/internal/operations/notify/BuildOperationProgressNotification done
Event: 16.472 loading class org/gradle/internal/operations/notify/BuildOperationFinishedNotification
Event: 16.472 loading class org/gradle/internal/operations/notify/BuildOperationFinishedNotification done
Event: 16.472 loading class org/gradle/api/internal/BuildDefinition
Event: 16.472 loading class org/gradle/api/internal/BuildDefinition done


Dynamic libraries:
0x00007ff6c6ae0000 - 0x00007ff6c6aea000 	C:\Program Files\Android\Android Studio\jre\bin\java.exe
0x00007ffda9490000 - 0x00007ffda9685000 	C:\WINDOWS\SYSTEM32\ntdll.dll
0x00007ffda84e0000 - 0x00007ffda859e000 	C:\WINDOWS\System32\KERNEL32.DLL
0x00007ffda6e50000 - 0x00007ffda7118000 	C:\WINDOWS\System32\KERNELBASE.dll
0x00007ffda7250000 - 0x00007ffda7350000 	C:\WINDOWS\System32\ucrtbase.dll
0x00007ffd9b780000 - 0x00007ffd9b797000 	C:\Program Files\Android\Android Studio\jre\bin\VCRUNTIME140.dll
0x00007ffd9c5e0000 - 0x00007ffd9c5f9000 	C:\Program Files\Android\Android Studio\jre\bin\jli.dll
0x00007ffda9170000 - 0x00007ffda9311000 	C:\WINDOWS\System32\USER32.dll
0x00007ffda6e20000 - 0x00007ffda6e42000 	C:\WINDOWS\System32\win32u.dll
0x00007ffd97a30000 - 0x00007ffd97cca000 	C:\WINDOWS\WinSxS\amd64_microsoft.windows.common-controls_6595b64144ccf1df_6.0.19041.1110_none_60b5254171f9507e\COMCTL32.dll
0x00007ffda8ca0000 - 0x00007ffda8ccb000 	C:\WINDOWS\System32\GDI32.dll
0x00007ffda6cc0000 - 0x00007ffda6dcb000 	C:\WINDOWS\System32\gdi32full.dll
0x00007ffda7120000 - 0x00007ffda71bd000 	C:\WINDOWS\System32\msvcp_win.dll
0x00007ffda8cd0000 - 0x00007ffda8d6e000 	C:\WINDOWS\System32\msvcrt.dll
0x00007ffda7560000 - 0x00007ffda7590000 	C:\WINDOWS\System32\IMM32.DLL
0x00007ffd80e00000 - 0x00007ffd80e9d000 	C:\Program Files\Android\Android Studio\jre\bin\msvcp140.dll
0x00007ffd6e060000 - 0x00007ffd6eb2f000 	C:\Program Files\Android\Android Studio\jre\bin\server\jvm.dll
0x00007ffda9020000 - 0x00007ffda90cc000 	C:\WINDOWS\System32\ADVAPI32.dll
0x00007ffda90d0000 - 0x00007ffda916b000 	C:\WINDOWS\System32\sechost.dll
0x00007ffda8d70000 - 0x00007ffda8e9a000 	C:\WINDOWS\System32\RPCRT4.dll
0x00007ffda8720000 - 0x00007ffda8728000 	C:\WINDOWS\System32\PSAPI.DLL
0x00007ffd934d0000 - 0x00007ffd934d9000 	C:\WINDOWS\SYSTEM32\WSOCK32.dll
0x00007ffd92380000 - 0x00007ffd923a7000 	C:\WINDOWS\SYSTEM32\WINMM.dll
0x00007ffd9a5e0000 - 0x00007ffd9a5ea000 	C:\WINDOWS\SYSTEM32\VERSION.dll
0x00007ffda9320000 - 0x00007ffda938b000 	C:\WINDOWS\System32\WS2_32.dll
0x00007ffda49a0000 - 0x00007ffda49b2000 	C:\WINDOWS\SYSTEM32\kernel.appcore.dll
0x00007ffd9d8f0000 - 0x00007ffd9d901000 	C:\Program Files\Android\Android Studio\jre\bin\verify.dll
0x00007ffd92920000 - 0x00007ffd92b04000 	C:\WINDOWS\SYSTEM32\DBGHELP.DLL
0x00007ffd92350000 - 0x00007ffd9237c000 	C:\WINDOWS\SYSTEM32\dbgcore.DLL
0x00007ffda71c0000 - 0x00007ffda7243000 	C:\WINDOWS\System32\bcryptPrimitives.dll
0x00007ffd9ac90000 - 0x00007ffd9acb9000 	C:\Program Files\Android\Android Studio\jre\bin\java.dll
0x00007ffda4040000 - 0x00007ffda404b000 	C:\Program Files\Android\Android Studio\jre\bin\jimage.dll
0x00007ffd9ad30000 - 0x00007ffd9ad48000 	C:\Program Files\Android\Android Studio\jre\bin\zip.dll
0x00007ffda7590000 - 0x00007ffda7ccf000 	C:\WINDOWS\System32\SHELL32.dll
0x00007ffda4cb0000 - 0x00007ffda5440000 	C:\WINDOWS\SYSTEM32\windows.storage.dll
0x00007ffda88e0000 - 0x00007ffda8c35000 	C:\WINDOWS\System32\combase.dll
0x00007ffda6600000 - 0x00007ffda662e000 	C:\WINDOWS\SYSTEM32\Wldp.dll
0x00007ffda7cd0000 - 0x00007ffda7d7d000 	C:\WINDOWS\System32\SHCORE.dll
0x00007ffda7e00000 - 0x00007ffda7e55000 	C:\WINDOWS\System32\shlwapi.dll
0x00007ffda6af0000 - 0x00007ffda6b0f000 	C:\WINDOWS\SYSTEM32\profapi.dll
0x00007ffd9ac70000 - 0x00007ffd9ac8a000 	C:\Program Files\Android\Android Studio\jre\bin\net.dll
0x00007ffda0920000 - 0x00007ffda0a2c000 	C:\WINDOWS\SYSTEM32\WINHTTP.dll
0x00007ffda6360000 - 0x00007ffda63ca000 	C:\WINDOWS\system32\mswsock.dll
0x00007ffd9ac50000 - 0x00007ffd9ac64000 	C:\Program Files\Android\Android Studio\jre\bin\nio.dll
0x00007ffd92790000 - 0x00007ffd927b7000 	C:\Users\CARLOS_BUITRAGO\AndroidStudioProjects\MinTicKotlin\Sevilla_Sites\.gradle\native\8bec1ad78214c89d9ad589b4d07fe93259594b29d510b10fafb7a158f7737e5d\windows-amd64\native-platform.dll
0x00007ffd80cc0000 - 0x00007ffd80dfd000 	C:\Users\CARLOS_BUITRAGO\AndroidStudioProjects\MinTicKotlin\Sevilla_Sites\.gradle\native\53dbd7edfb1c66fb8903c78663c9afc45aea4f116125fa6feffd364cf09443e8\windows-amd64\native-platform-file-events.dll
0x00007ffda26e0000 - 0x00007ffda26ea000 	C:\Program Files\Android\Android Studio\jre\bin\management.dll
0x00007ffda1150000 - 0x00007ffda115c000 	C:\Program Files\Android\Android Studio\jre\bin\management_ext.dll
0x00007ffda6550000 - 0x00007ffda6568000 	C:\WINDOWS\SYSTEM32\CRYPTSP.dll
0x00007ffda5c70000 - 0x00007ffda5ca4000 	C:\WINDOWS\system32\rsaenh.dll
0x00007ffda74b0000 - 0x00007ffda74d7000 	C:\WINDOWS\System32\bcrypt.dll
0x00007ffda6a70000 - 0x00007ffda6a9e000 	C:\WINDOWS\SYSTEM32\USERENV.dll
0x00007ffda6570000 - 0x00007ffda657c000 	C:\WINDOWS\SYSTEM32\CRYPTBASE.dll
0x00007ffda6000000 - 0x00007ffda603b000 	C:\WINDOWS\SYSTEM32\IPHLPAPI.DLL
0x00007ffda8ea0000 - 0x00007ffda8ea8000 	C:\WINDOWS\System32\NSI.dll
0x00007ffd9f8f0000 - 0x00007ffd9f907000 	C:\WINDOWS\SYSTEM32\dhcpcsvc6.DLL
0x00007ffd9f8d0000 - 0x00007ffd9f8ed000 	C:\WINDOWS\SYSTEM32\dhcpcsvc.DLL
0x00007ffda6050000 - 0x00007ffda611b000 	C:\WINDOWS\SYSTEM32\DNSAPI.dll

dbghelp: loaded successfully - version: 4.0.5 - missing functions: none
symbol engine: initialized successfully - sym options: 0x614 - pdb path: .;C:\Program Files\Android\Android Studio\jre\bin;C:\WINDOWS\SYSTEM32;C:\WINDOWS\WinSxS\amd64_microsoft.windows.common-controls_6595b64144ccf1df_6.0.19041.1110_none_60b5254171f9507e;C:\Program Files\Android\Android Studio\jre\bin\server;C:\Users\CARLOS_BUITRAGO\AndroidStudioProjects\MinTicKotlin\Sevilla_Sites\.gradle\native\8bec1ad78214c89d9ad589b4d07fe93259594b29d510b10fafb7a158f7737e5d\windows-amd64;C:\Users\CARLOS_BUITRAGO\AndroidStudioProjects\MinTicKotlin\Sevilla_Sites\.gradle\native\53dbd7edfb1c66fb8903c78663c9afc45aea4f116125fa6feffd364cf09443e8\windows-amd64

VM Arguments:
jvm_args: --add-opens=java.base/java.util=ALL-UNNAMED --add-opens=java.base/java.lang=ALL-UNNAMED --add-opens=java.base/java.lang.invoke=ALL-UNNAMED --add-opens=java.base/java.util=ALL-UNNAMED --add-opens=java.prefs/java.util.prefs=ALL-UNNAMED --add-opens=java.prefs/java.util.prefs=ALL-UNNAMED --add-opens=java.base/java.nio.charset=ALL-UNNAMED --add-opens=java.base/java.net=ALL-UNNAMED --add-opens=java.base/java.util.concurrent.atomic=ALL-UNNAMED -Xmx2048m -Dfile.encoding=UTF-8 -Duser.country=CO -Duser.language=es -Duser.variant 
java_command: org.gradle.launcher.daemon.bootstrap.GradleDaemon 7.0.2
java_class_path (initial): C:\Users\CARLOS_BUITRAGO\AndroidStudioProjects\MinTicKotlin\Sevilla_Sites\.gradle\wrapper\dists\gradle-7.0.2-bin\857tjihv64xamwrf0h14cai3r\gradle-7.0.2\lib\gradle-launcher-7.0.2.jar
Launcher Type: SUN_STANDARD

[Global flags]
     intx CICompilerCount                          = 3                                         {product} {ergonomic}
     uint ConcGCThreads                            = 1                                         {product} {ergonomic}
     uint G1ConcRefinementThreads                  = 4                                         {product} {ergonomic}
   size_t G1HeapRegionSize                         = 1048576                                   {product} {ergonomic}
    uintx GCDrainStackTargetSize                   = 64                                        {product} {ergonomic}
   size_t InitialHeapSize                          = 119537664                                 {product} {ergonomic}
   size_t MarkStackSize                            = 4194304                                   {product} {ergonomic}
   size_t MaxHeapSize                              = 2147483648                                {product} {command line}
   size_t MaxNewSize                               = 1287651328                                {product} {ergonomic}
   size_t MinHeapDeltaBytes                        = 1048576                                   {product} {ergonomic}
    uintx NonNMethodCodeHeapSize                   = 5830732                                {pd product} {ergonomic}
    uintx NonProfiledCodeHeapSize                  = 122913754                              {pd product} {ergonomic}
    uintx ProfiledCodeHeapSize                     = 122913754                              {pd product} {ergonomic}
    uintx ReservedCodeCacheSize                    = 251658240                              {pd product} {ergonomic}
     bool SegmentedCodeCache                       = true                                      {product} {ergonomic}
     bool UseCompressedClassPointers               = true                                 {lp64_product} {ergonomic}
     bool UseCompressedOops                        = true                                 {lp64_product} {ergonomic}
     bool UseG1GC                                  = true                                      {product} {ergonomic}
     bool UseLargePagesIndividualAllocation        = false                                  {pd product} {ergonomic}

Logging:
Log output configuration:
 #0: stdout all=warning uptime,level,tags
 #1: stderr all=off uptime,level,tags

Environment Variables:
PATH=C:\Program Files\Common Files\Oracle\Java\javapath;C:\ProgramData\Miniconda3\Scripts\;C:\ProgramData\Miniconda3\;C:\ProgramData\Miniconda3;C:\ProgramData\Miniconda3\Library\mingw-w64\bin;C:\ProgramData\Miniconda3\Library\usr\bin;C:\ProgramData\Miniconda3\Library\bin;C:\ProgramData\Miniconda3\Scripts;C:\Python39\Scripts\;C:\Python39\;C:\Windows\system32;C:\Windows;C:\Windows\System32\Wbem;C:\Windows\System32\WindowsPowerShell\v1.0\;C:\Program Files\PuTTY\;C:\Program Files (x86)\Microsoft VS Code\bin;C:\adb;C:\xampp\php;C:\composer;C:\WINDOWS\system32;C:\WINDOWS;C:\WINDOWS\System32\Wbem;C:\WINDOWS\System32\WindowsPowerShell\v1.0\;C:\WINDOWS\System32\OpenSSH\;C:\Program Files\apache-maven-3.6.3\bin;c:\page;C:\Program Files\Java\jdk1.8.0_291\bin;C:\ProgramData\chocolatey\bin;C:\Program Files\nodejs\;C:\Program Files\Git\cmd;C:\Program Files (x86)\Microsoft VS Code\bin;C:\Users\CARLOS_BUITRAGO\AppData\Roaming\Composer\vendor\bin;%PyCharm Community Edition%;C:\Program Files\MariaDB 10.5\bin;%IntelliJ IDEA Community Edition%;C:\Users\CARLOS_BUITRAGO\AppData\Local\Microsoft\WindowsApps;C:\Program Files\Java\jdk1.8.0_291\bin;C:\Program Files\JetBrains\IntelliJ IDEA Educational Edition 2021.1.3\bin;;C:\Program Files\apache-maven-3.8.2\bin;C:\Users\CARLOS_BUITRAGO\AppData\Roaming\npm;C:\Program Files\nodejs;C:\Program Files\heroku\bin;C:\Program Files\Java\jdk-11.0.13\bin;
USERNAME=CARLOS_BUITRAGO
OS=Windows_NT
PROCESSOR_IDENTIFIER=Intel64 Family 6 Model 58 Stepping 9, GenuineIntel



---------------  S Y S T E M  ---------------

OS: Windows 10 , 64 bit Build 19041 (10.0.19041.1348)
OS uptime: 0 days 12:09 hours

CPU:total 4 (initial active 4) (2 cores per cpu, 2 threads per core) family 6 model 58 stepping 9 microcode 0x21, cmov, cx8, fxsr, mmx, sse, sse2, sse3, ssse3, sse4.1, sse4.2, popcnt, avx, aes, clmul, erms, ht, tsc, tscinvbit, tscinv

Memory: 4k page, system-wide physical 7249M (28M free)
TotalPageFile size 7249M (AvailPageFile size 3M)
current process WorkingSet (physical memory assigned to process): 149M, peak: 149M
current process commit charge ("private bytes"): 233M, peak: 233M

vm_info: OpenJDK 64-Bit Server VM (11.0.10+0-b96-7249189) for windows-amd64 JRE (11.0.10+0-b96-7249189), built on Mar 31 2021 21:44:00 by "builder" with MS VC++ 14.0 (VS2015)

END.
