#
# There is insufficient memory for the Java Runtime Environment to continue.
# Native memory allocation (malloc) failed to allocate 1395856 bytes for Chunk::new
# Possible reasons:
#   The system is out of physical RAM or swap space
#   The process is running with CompressedOops enabled, and the Java Heap may be blocking the growth of the native heap
# Possible solutions:
#   Reduce memory load on the system
#   Increase physical memory or swap space
#   Check if swap backing store is full
#   Decrease Java heap size (-Xmx/-Xms)
#   Decrease number of Java threads
#   Decrease Java thread stack sizes (-Xss)
#   Set larger code cache with -XX:ReservedCodeCacheSize=
#   JVM is running with Unscaled Compressed Oops mode in which the Java heap is
#     placed in the first 4GB address space. The Java Heap base address is the
#     maximum limit for the native heap growth. Please use -XX:HeapBaseMinAddress
#     to set the Java Heap base and to place the Java Heap above 4GB virtual address.
# This output file may be truncated or incomplete.
#
#  Out of Memory Error (./src/hotspot/share/memory/arena.cpp:197), pid=7292, tid=4260
#
# JRE version: OpenJDK Runtime Environment (11.0.10) (build 11.0.10+0-b96-7249189)
# Java VM: OpenJDK 64-Bit Server VM (11.0.10+0-b96-7249189, mixed mode, tiered, compressed oops, g1 gc, windows-amd64)
# No core dump will be written. Minidumps are not enabled by default on client versions of Windows
#

---------------  S U M M A R Y ------------

Command Line: --add-opens=java.base/java.util=ALL-UNNAMED --add-opens=java.base/java.lang=ALL-UNNAMED --add-opens=java.base/java.lang.invoke=ALL-UNNAMED --add-opens=java.base/java.util=ALL-UNNAMED --add-opens=java.prefs/java.util.prefs=ALL-UNNAMED --add-opens=java.prefs/java.util.prefs=ALL-UNNAMED --add-opens=java.base/java.nio.charset=ALL-UNNAMED --add-opens=java.base/java.net=ALL-UNNAMED --add-opens=java.base/java.util.concurrent.atomic=ALL-UNNAMED -Xmx2048m -Dfile.encoding=UTF-8 -Duser.country=CO -Duser.language=es -Duser.variant org.gradle.launcher.daemon.bootstrap.GradleDaemon 7.0.2

Host: Intel(R) Core(TM) i7-3520M CPU @ 2.90GHz, 4 cores, 7G,  Windows 10 , 64 bit Build 19041 (10.0.19041.1348)
Time: Sat Dec 11 20:12:30 2021 Hora est. Pacífico, Sudamérica elapsed time: 27.068276 seconds (0d 0h 0m 27s)

---------------  T H R E A D  ---------------

Current thread (0x0000018ba754f000):  JavaThread "C2 CompilerThread0" daemon [_thread_in_native, id=4260, stack(0x0000001fdaf00000,0x0000001fdb000000)]


Current CompileTask:
C2:  27068 3819       4       jdk.internal.org.objectweb.asm.Frame::execute (2264 bytes)

Stack: [0x0000001fdaf00000,0x0000001fdb000000]
Native frames: (J=compiled Java code, j=interpreted, Vv=VM code, C=native code)
V  [jvm.dll+0x5ecfaa]
V  [jvm.dll+0x722bd5]
V  [jvm.dll+0x72412d]
V  [jvm.dll+0x7247e3]
V  [jvm.dll+0x242928]
V  [jvm.dll+0xbc4fc]
V  [jvm.dll+0xbca0c]
V  [jvm.dll+0x352d3b]
V  [jvm.dll+0x320ad3]
V  [jvm.dll+0x31ffca]
V  [jvm.dll+0x1fb602]
V  [jvm.dll+0x1fa7f4]
V  [jvm.dll+0x18354c]
V  [jvm.dll+0x208ee7]
V  [jvm.dll+0x207731]
V  [jvm.dll+0x6eb1cf]
V  [jvm.dll+0x6e3d45]
V  [jvm.dll+0x5ebe96]
C  [ucrtbase.dll+0x21bb2]
C  [KERNEL32.DLL+0x17034]
C  [ntdll.dll+0x52651]


---------------  P R O C E S S  ---------------

Threads class SMR info:
_java_thread_list=0x0000018bab492ff0, length=36, elements={
0x0000018b8d96c000, 0x0000018ba752e800, 0x0000018ba753a800, 0x0000018ba7547800,
0x0000018ba7549800, 0x0000018ba754a800, 0x0000018ba754f000, 0x0000018ba7555800,
0x0000018ba755a000, 0x0000018ba8022800, 0x0000018ba8601800, 0x0000018ba8ad1800,
0x0000018baae78800, 0x0000018ba926a800, 0x0000018ba8f75800, 0x0000018baa04b800,
0x0000018ba95cf000, 0x0000018ba95dc000, 0x0000018baa91e000, 0x0000018ba9815000,
0x0000018ba9814800, 0x0000018ba9816000, 0x0000018ba9816800, 0x0000018ba9817800,
0x0000018ba9818800, 0x0000018ba9812800, 0x0000018ba9819000, 0x0000018ba9813800,
0x0000018baa846000, 0x0000018baa847800, 0x0000018baa84a800, 0x0000018baa846800,
0x0000018baa84b800, 0x0000018baa84e000, 0x0000018baa848000, 0x0000018baa84f000
}

Java Threads: ( => current thread )
  0x0000018b8d96c000 JavaThread "main" [_thread_blocked, id=11920, stack(0x0000001fda300000,0x0000001fda400000)]
  0x0000018ba752e800 JavaThread "Reference Handler" daemon [_thread_blocked, id=7568, stack(0x0000001fdaa00000,0x0000001fdab00000)]
  0x0000018ba753a800 JavaThread "Finalizer" daemon [_thread_blocked, id=5452, stack(0x0000001fdab00000,0x0000001fdac00000)]
  0x0000018ba7547800 JavaThread "Signal Dispatcher" daemon [_thread_blocked, id=7920, stack(0x0000001fdac00000,0x0000001fdad00000)]
  0x0000018ba7549800 JavaThread "Attach Listener" daemon [_thread_blocked, id=5520, stack(0x0000001fdad00000,0x0000001fdae00000)]
  0x0000018ba754a800 JavaThread "Service Thread" daemon [_thread_blocked, id=2704, stack(0x0000001fdae00000,0x0000001fdaf00000)]
=>0x0000018ba754f000 JavaThread "C2 CompilerThread0" daemon [_thread_in_native, id=4260, stack(0x0000001fdaf00000,0x0000001fdb000000)]
  0x0000018ba7555800 JavaThread "C1 CompilerThread0" daemon [_thread_blocked, id=10300, stack(0x0000001fdb000000,0x0000001fdb100000)]
  0x0000018ba755a000 JavaThread "Sweeper thread" daemon [_thread_blocked, id=2008, stack(0x0000001fdb100000,0x0000001fdb200000)]
  0x0000018ba8022800 JavaThread "Common-Cleaner" daemon [_thread_blocked, id=1168, stack(0x0000001fdb200000,0x0000001fdb300000)]
  0x0000018ba8601800 JavaThread "Daemon health stats" [_thread_blocked, id=11656, stack(0x0000001fdb600000,0x0000001fdb700000)]
  0x0000018ba8ad1800 JavaThread "Incoming local TCP Connector on port 61380" [_thread_in_native, id=9960, stack(0x0000001fdb400000,0x0000001fdb500000)]
  0x0000018baae78800 JavaThread "Daemon periodic checks" [_thread_blocked, id=3628, stack(0x0000001fdb700000,0x0000001fdb800000)]
  0x0000018ba926a800 JavaThread "Daemon" [_thread_blocked, id=10476, stack(0x0000001fdb800000,0x0000001fdb900000)]
  0x0000018ba8f75800 JavaThread "Handler for socket connection from /127.0.0.1:61380 to /127.0.0.1:61381" [_thread_in_native, id=2284, stack(0x0000001fdb900000,0x0000001fdba00000)]
  0x0000018baa04b800 JavaThread "Cancel handler" [_thread_blocked, id=8160, stack(0x0000001fdba00000,0x0000001fdbb00000)]
  0x0000018ba95cf000 JavaThread "Daemon worker" [_thread_in_native, id=5928, stack(0x0000001fdbb00000,0x0000001fdbc00000)]
  0x0000018ba95dc000 JavaThread "Asynchronous log dispatcher for DefaultDaemonConnection: socket connection from /127.0.0.1:61380 to /127.0.0.1:61381" [_thread_blocked, id=9520, stack(0x0000001fdbc00000,0x0000001fdbd00000)]
  0x0000018baa91e000 JavaThread "Stdin handler" [_thread_blocked, id=9748, stack(0x0000001fdbd00000,0x0000001fdbe00000)]
  0x0000018ba9815000 JavaThread "Daemon client event forwarder" [_thread_blocked, id=10944, stack(0x0000001fdbe00000,0x0000001fdbf00000)]
  0x0000018ba9814800 JavaThread "Cache worker for file hash cache (C:\Users\CARLOS_BUITRAGO\AndroidStudioProjects\MinTicKotlin\Sevilla_Sites\.gradle\caches\7.0.2\fileHashes)" [_thread_blocked, id=5976, stack(0x0000001fdbf00000,0x0000001fdc000000)]
  0x0000018ba9816000 JavaThread "File lock request listener" [_thread_in_native, id=7276, stack(0x0000001fdc000000,0x0000001fdc100000)]
  0x0000018ba9816800 JavaThread "Cache worker for journal cache (C:\Users\CARLOS_BUITRAGO\AndroidStudioProjects\MinTicKotlin\Sevilla_Sites\.gradle\caches\journal-1)" [_thread_blocked, id=7456, stack(0x0000001fdc300000,0x0000001fdc400000)]
  0x0000018ba9817800 JavaThread "Cache worker for file hash cache (C:\Users\CARLOS_BUITRAGO\AndroidStudioProjects\MinTicKotlin\Proyecto\.gradle\7.0.2\fileHashes)" [_thread_blocked, id=8504, stack(0x0000001fdc400000,0x0000001fdc500000)]
  0x0000018ba9818800 JavaThread "File watcher server" daemon [_thread_in_native, id=9860, stack(0x0000001fdc500000,0x0000001fdc600000)]
  0x0000018ba9812800 JavaThread "File watcher consumer" daemon [_thread_blocked, id=7284, stack(0x0000001fdc600000,0x0000001fdc700000)]
  0x0000018ba9819000 JavaThread "Cache worker for checksums cache (C:\Users\CARLOS_BUITRAGO\AndroidStudioProjects\MinTicKotlin\Proyecto\.gradle\checksums)" [_thread_blocked, id=10492, stack(0x0000001fdc700000,0x0000001fdc800000)]
  0x0000018ba9813800 JavaThread "Cache worker for cache directory md-supplier (C:\Users\CARLOS_BUITRAGO\AndroidStudioProjects\MinTicKotlin\Sevilla_Sites\.gradle\caches\7.0.2\md-supplier)" [_thread_blocked, id=6164, stack(0x0000001fdc800000,0x0000001fdc900000)]
  0x0000018baa846000 JavaThread "Cache worker for cache directory md-rule (C:\Users\CARLOS_BUITRAGO\AndroidStudioProjects\MinTicKotlin\Sevilla_Sites\.gradle\caches\7.0.2\md-rule)" [_thread_blocked, id=1444, stack(0x0000001fdc900000,0x0000001fdca00000)]
  0x0000018baa847800 JavaThread "Cache worker for execution history cache (C:\Users\CARLOS_BUITRAGO\AndroidStudioProjects\MinTicKotlin\Sevilla_Sites\.gradle\caches\7.0.2\executionHistory)" [_thread_blocked, id=7796, stack(0x0000001fdca00000,0x0000001fdcb00000)]
  0x0000018baa84a800 JavaThread "jar transforms" [_thread_blocked, id=11076, stack(0x0000001fdcb00000,0x0000001fdcc00000)]
  0x0000018baa846800 JavaThread "jar transforms Thread 2" [_thread_blocked, id=12096, stack(0x0000001fdcc00000,0x0000001fdcd00000)]
  0x0000018baa84b800 JavaThread "Cache worker for file content cache (C:\Users\CARLOS_BUITRAGO\AndroidStudioProjects\MinTicKotlin\Sevilla_Sites\.gradle\caches\7.0.2\fileContent)" [_thread_blocked, id=6272, stack(0x0000001fdcd00000,0x0000001fdce00000)]
  0x0000018baa84e000 JavaThread "Cache worker for dependencies-accessors (C:\Users\CARLOS_BUITRAGO\AndroidStudioProjects\MinTicKotlin\Proyecto\.gradle\7.0.2\dependencies-accessors)" [_thread_blocked, id=5412, stack(0x0000001fdce00000,0x0000001fdcf00000)]
  0x0000018baa848000 JavaThread "jar transforms Thread 3" [_thread_blocked, id=192, stack(0x0000001fdcf00000,0x0000001fdd000000)]
  0x0000018baa84f000 JavaThread "Cache worker for Build Output Cleanup Cache (C:\Users\CARLOS_BUITRAGO\AndroidStudioProjects\MinTicKotlin\Proyecto\.gradle\buildOutputCleanup)" [_thread_blocked, id=3272, stack(0x0000001fdd000000,0x0000001fdd100000)]

Other Threads:
  0x0000018ba7528000 VMThread "VM Thread" [stack: 0x0000001fda900000,0x0000001fdaa00000] [id=11564]
  0x0000018ba8033000 WatcherThread [stack: 0x0000001fdb300000,0x0000001fdb400000] [id=11620]
  0x0000018b8d985000 GCTaskThread "GC Thread#0" [stack: 0x0000001fda400000,0x0000001fda500000] [id=4332]
  0x0000018ba878a000 GCTaskThread "GC Thread#1" [stack: 0x0000001fdb500000,0x0000001fdb600000] [id=1508]
  0x0000018ba8ffd800 GCTaskThread "GC Thread#2" [stack: 0x0000001fdc100000,0x0000001fdc200000] [id=11648]
  0x0000018ba8337000 GCTaskThread "GC Thread#3" [stack: 0x0000001fdc200000,0x0000001fdc300000] [id=9124]
  0x0000018b8d9b9800 ConcurrentGCThread "G1 Main Marker" [stack: 0x0000001fda500000,0x0000001fda600000] [id=11752]
  0x0000018b8d9ba800 ConcurrentGCThread "G1 Conc#0" [stack: 0x0000001fda600000,0x0000001fda700000] [id=10000]
  0x0000018b8da37800 ConcurrentGCThread "G1 Refine#0" [stack: 0x0000001fda700000,0x0000001fda800000] [id=5216]
  0x0000018b8da39000 ConcurrentGCThread "G1 Young RemSet Sampling" [stack: 0x0000001fda800000,0x0000001fda900000] [id=5204]

Threads with active compile tasks:
C2 CompilerThread0  27615 3819       4       jdk.internal.org.objectweb.asm.Frame::execute (2264 bytes)

VM state:not at safepoint (normal execution)

VM Mutex/Monitor currently owned by a thread: None

Heap address: 0x0000000080000000, size: 2048 MB, Compressed Oops mode: 32-bit
Narrow klass base: 0x0000000000000000, Narrow klass shift: 3
Compressed class space size: 1073741824 Address: 0x0000000100000000

Heap:
 garbage-first heap   total 116736K, used 71397K [0x0000000080000000, 0x0000000100000000)
  region size 1024K, 49 young (50176K), 6 survivors (6144K)
 Metaspace       used 46033K, capacity 47167K, committed 47308K, reserved 1089536K
  class space    used 5905K, capacity 6333K, committed 6400K, reserved 1048576K
Heap Regions: E=young(eden), S=young(survivor), O=old, HS=humongous(starts), HC=humongous(continues), CS=collection set, F=free, A=archive, TAMS=top-at-mark-start (previous, next)
|   0|0x0000000080000000, 0x0000000080100000, 0x0000000080100000|100%|HS|  |TAMS 0x0000000080100000, 0x0000000080000000| Complete 
|   1|0x0000000080100000, 0x0000000080200000, 0x0000000080200000|100%|HC|  |TAMS 0x0000000080200000, 0x0000000080100000| Complete 
|   2|0x0000000080200000, 0x0000000080300000, 0x0000000080300000|100%|HC|  |TAMS 0x0000000080300000, 0x0000000080200000| Complete 
|   3|0x0000000080300000, 0x0000000080400000, 0x0000000080400000|100%| O|  |TAMS 0x0000000080400000, 0x0000000080300000| Untracked 
|   4|0x0000000080400000, 0x0000000080500000, 0x0000000080500000|100%| O|  |TAMS 0x0000000080500000, 0x0000000080400000| Untracked 
|   5|0x0000000080500000, 0x0000000080600000, 0x0000000080600000|100%| O|  |TAMS 0x0000000080600000, 0x0000000080500000| Untracked 
|   6|0x0000000080600000, 0x0000000080700000, 0x0000000080700000|100%| O|  |TAMS 0x0000000080700000, 0x0000000080600000| Untracked 
|   7|0x0000000080700000, 0x0000000080800000, 0x0000000080800000|100%| O|  |TAMS 0x0000000080800000, 0x0000000080700000| Untracked 
|   8|0x0000000080800000, 0x0000000080900000, 0x0000000080900000|100%| O|  |TAMS 0x0000000080900000, 0x0000000080800000| Untracked 
|   9|0x0000000080900000, 0x0000000080a00000, 0x0000000080a00000|100%| O|  |TAMS 0x0000000080a00000, 0x0000000080900000| Untracked 
|  10|0x0000000080a00000, 0x0000000080b00000, 0x0000000080b00000|100%| O|  |TAMS 0x0000000080b00000, 0x0000000080a00000| Untracked 
|  11|0x0000000080b00000, 0x0000000080c00000, 0x0000000080c00000|100%| O|  |TAMS 0x0000000080c00000, 0x0000000080b00000| Untracked 
|  12|0x0000000080c00000, 0x0000000080d00000, 0x0000000080d00000|100%| O|  |TAMS 0x0000000080d00000, 0x0000000080c00000| Untracked 
|  13|0x0000000080d00000, 0x0000000080e00000, 0x0000000080e00000|100%| O|  |TAMS 0x0000000080e00000, 0x0000000080d00000| Untracked 
|  14|0x0000000080e00000, 0x0000000080f00000, 0x0000000080f00000|100%| O|  |TAMS 0x0000000080f00000, 0x0000000080e00000| Untracked 
|  15|0x0000000080f00000, 0x0000000081000000, 0x0000000081000000|100%| O|  |TAMS 0x0000000081000000, 0x0000000080f00000| Untracked 
|  16|0x0000000081000000, 0x0000000081100000, 0x0000000081100000|100%| O|  |TAMS 0x0000000081100000, 0x0000000081000000| Untracked 
|  17|0x0000000081100000, 0x0000000081100000, 0x0000000081200000|  0%| F|  |TAMS 0x0000000081100000, 0x0000000081100000| Untracked 
|  18|0x0000000081200000, 0x0000000081300000, 0x0000000081300000|100%| O|  |TAMS 0x0000000081200000, 0x0000000081200000| Untracked 
|  19|0x0000000081300000, 0x0000000081400000, 0x0000000081400000|100%| O|  |TAMS 0x0000000081300000, 0x0000000081300000| Untracked 
|  20|0x0000000081400000, 0x0000000081500000, 0x0000000081500000|100%| O|  |TAMS 0x0000000081500000, 0x0000000081400000| Untracked 
|  21|0x0000000081500000, 0x0000000081600000, 0x0000000081600000|100%| O|  |TAMS 0x00000000815c4800, 0x0000000081500000| Untracked 
|  22|0x0000000081600000, 0x0000000081700000, 0x0000000081700000|100%| O|  |TAMS 0x0000000081600000, 0x0000000081600000| Untracked 
|  23|0x0000000081700000, 0x0000000081769c00, 0x0000000081800000| 41%| O|  |TAMS 0x0000000081700000, 0x0000000081700000| Untracked 
|  24|0x0000000081800000, 0x0000000081800000, 0x0000000081900000|  0%| F|  |TAMS 0x0000000081800000, 0x0000000081800000| Untracked 
|  25|0x0000000081900000, 0x0000000081900000, 0x0000000081a00000|  0%| F|  |TAMS 0x0000000081900000, 0x0000000081900000| Untracked 
|  26|0x0000000081a00000, 0x0000000081a00000, 0x0000000081b00000|  0%| F|  |TAMS 0x0000000081a00000, 0x0000000081a00000| Untracked 
|  27|0x0000000081b00000, 0x0000000081b00000, 0x0000000081c00000|  0%| F|  |TAMS 0x0000000081b00000, 0x0000000081b00000| Untracked 
|  28|0x0000000081c00000, 0x0000000081c00000, 0x0000000081d00000|  0%| F|  |TAMS 0x0000000081c00000, 0x0000000081c00000| Untracked 
|  29|0x0000000081d00000, 0x0000000081d00000, 0x0000000081e00000|  0%| F|  |TAMS 0x0000000081d00000, 0x0000000081d00000| Untracked 
|  30|0x0000000081e00000, 0x0000000081e00000, 0x0000000081f00000|  0%| F|  |TAMS 0x0000000081e00000, 0x0000000081e00000| Untracked 
|  31|0x0000000081f00000, 0x0000000081f00000, 0x0000000082000000|  0%| F|  |TAMS 0x0000000081f00000, 0x0000000081f00000| Untracked 
|  32|0x0000000082000000, 0x0000000082000000, 0x0000000082100000|  0%| F|  |TAMS 0x0000000082000000, 0x0000000082000000| Untracked 
|  33|0x0000000082100000, 0x0000000082100000, 0x0000000082200000|  0%| F|  |TAMS 0x0000000082100000, 0x0000000082100000| Untracked 
|  34|0x0000000082200000, 0x0000000082200000, 0x0000000082300000|  0%| F|  |TAMS 0x0000000082200000, 0x0000000082200000| Untracked 
|  35|0x0000000082300000, 0x0000000082300000, 0x0000000082400000|  0%| F|  |TAMS 0x0000000082300000, 0x0000000082300000| Untracked 
|  36|0x0000000082400000, 0x0000000082400000, 0x0000000082500000|  0%| F|  |TAMS 0x0000000082400000, 0x0000000082400000| Untracked 
|  37|0x0000000082500000, 0x0000000082500000, 0x0000000082600000|  0%| F|  |TAMS 0x0000000082500000, 0x0000000082500000| Untracked 
|  38|0x0000000082600000, 0x0000000082600000, 0x0000000082700000|  0%| F|  |TAMS 0x0000000082600000, 0x0000000082600000| Untracked 
|  39|0x0000000082700000, 0x0000000082700000, 0x0000000082800000|  0%| F|  |TAMS 0x0000000082700000, 0x0000000082700000| Untracked 
|  40|0x0000000082800000, 0x0000000082800000, 0x0000000082900000|  0%| F|  |TAMS 0x0000000082800000, 0x0000000082800000| Untracked 
|  41|0x0000000082900000, 0x0000000082900000, 0x0000000082a00000|  0%| F|  |TAMS 0x0000000082900000, 0x0000000082900000| Untracked 
|  42|0x0000000082a00000, 0x0000000082a00000, 0x0000000082b00000|  0%| F|  |TAMS 0x0000000082a00000, 0x0000000082a00000| Untracked 
|  43|0x0000000082b00000, 0x0000000082b00000, 0x0000000082c00000|  0%| F|  |TAMS 0x0000000082b00000, 0x0000000082b00000| Untracked 
|  44|0x0000000082c00000, 0x0000000082c00000, 0x0000000082d00000|  0%| F|  |TAMS 0x0000000082c00000, 0x0000000082c00000| Untracked 
|  45|0x0000000082d00000, 0x0000000082d00000, 0x0000000082e00000|  0%| F|  |TAMS 0x0000000082d00000, 0x0000000082d00000| Untracked 
|  46|0x0000000082e00000, 0x0000000082e00000, 0x0000000082f00000|  0%| F|  |TAMS 0x0000000082e00000, 0x0000000082e00000| Untracked 
|  47|0x0000000082f00000, 0x0000000082f00000, 0x0000000083000000|  0%| F|  |TAMS 0x0000000082f00000, 0x0000000082f00000| Untracked 
|  48|0x0000000083000000, 0x0000000083000000, 0x0000000083100000|  0%| F|  |TAMS 0x0000000083000000, 0x0000000083000000| Untracked 
|  49|0x0000000083100000, 0x0000000083100000, 0x0000000083200000|  0%| F|  |TAMS 0x0000000083100000, 0x0000000083100000| Untracked 
|  50|0x0000000083200000, 0x0000000083200000, 0x0000000083300000|  0%| F|  |TAMS 0x0000000083200000, 0x0000000083200000| Untracked 
|  51|0x0000000083300000, 0x0000000083300000, 0x0000000083400000|  0%| F|  |TAMS 0x0000000083300000, 0x0000000083300000| Untracked 
|  52|0x0000000083400000, 0x0000000083400000, 0x0000000083500000|  0%| F|  |TAMS 0x0000000083400000, 0x0000000083400000| Untracked 
|  53|0x0000000083500000, 0x0000000083500000, 0x0000000083600000|  0%| F|  |TAMS 0x0000000083500000, 0x0000000083500000| Untracked 
|  54|0x0000000083600000, 0x0000000083600000, 0x0000000083700000|  0%| F|  |TAMS 0x0000000083600000, 0x0000000083600000| Untracked 
|  55|0x0000000083700000, 0x000000008374f918, 0x0000000083800000| 31%| S|CS|TAMS 0x0000000083700000, 0x0000000083700000| Complete 
|  56|0x0000000083800000, 0x0000000083800000, 0x0000000083900000|  0%| F|  |TAMS 0x0000000083800000, 0x0000000083800000| Untracked 
|  57|0x0000000083900000, 0x0000000083900000, 0x0000000083a00000|  0%| F|  |TAMS 0x0000000083900000, 0x0000000083900000| Untracked 
|  58|0x0000000083a00000, 0x0000000083a00000, 0x0000000083b00000|  0%| F|  |TAMS 0x0000000083a00000, 0x0000000083a00000| Untracked 
|  59|0x0000000083b00000, 0x0000000083b00000, 0x0000000083c00000|  0%| F|  |TAMS 0x0000000083b00000, 0x0000000083b00000| Untracked 
|  60|0x0000000083c00000, 0x0000000083c00000, 0x0000000083d00000|  0%| F|  |TAMS 0x0000000083c00000, 0x0000000083c00000| Untracked 
|  61|0x0000000083d00000, 0x0000000083d00000, 0x0000000083e00000|  0%| F|  |TAMS 0x0000000083d00000, 0x0000000083d00000| Untracked 
|  62|0x0000000083e00000, 0x0000000083e00000, 0x0000000083f00000|  0%| F|  |TAMS 0x0000000083e00000, 0x0000000083e00000| Untracked 
|  63|0x0000000083f00000, 0x0000000084000000, 0x0000000084000000|100%| S|CS|TAMS 0x0000000083f00000, 0x0000000083f00000| Complete 
|  64|0x0000000084000000, 0x0000000084100000, 0x0000000084100000|100%| S|CS|TAMS 0x0000000084000000, 0x0000000084000000| Complete 
|  65|0x0000000084100000, 0x0000000084200000, 0x0000000084200000|100%| S|CS|TAMS 0x0000000084100000, 0x0000000084100000| Complete 
|  66|0x0000000084200000, 0x0000000084300000, 0x0000000084300000|100%| S|CS|TAMS 0x0000000084200000, 0x0000000084200000| Complete 
|  67|0x0000000084300000, 0x0000000084400000, 0x0000000084400000|100%| S|CS|TAMS 0x0000000084300000, 0x0000000084300000| Complete 
|  68|0x0000000084400000, 0x0000000084400000, 0x0000000084500000|  0%| F|  |TAMS 0x0000000084400000, 0x0000000084400000| Untracked 
|  69|0x0000000084500000, 0x0000000084500000, 0x0000000084600000|  0%| F|  |TAMS 0x0000000084500000, 0x0000000084500000| Untracked 
|  70|0x0000000084600000, 0x0000000084600000, 0x0000000084700000|  0%| F|  |TAMS 0x0000000084600000, 0x0000000084600000| Untracked 
|  71|0x0000000084700000, 0x0000000084800000, 0x0000000084800000|100%| E|  |TAMS 0x0000000084700000, 0x0000000084700000| Complete 
|  72|0x0000000084800000, 0x0000000084900000, 0x0000000084900000|100%| E|CS|TAMS 0x0000000084800000, 0x0000000084800000| Complete 
|  73|0x0000000084900000, 0x0000000084a00000, 0x0000000084a00000|100%| E|CS|TAMS 0x0000000084900000, 0x0000000084900000| Complete 
|  74|0x0000000084a00000, 0x0000000084b00000, 0x0000000084b00000|100%| E|CS|TAMS 0x0000000084a00000, 0x0000000084a00000| Complete 
|  75|0x0000000084b00000, 0x0000000084c00000, 0x0000000084c00000|100%| E|CS|TAMS 0x0000000084b00000, 0x0000000084b00000| Complete 
|  76|0x0000000084c00000, 0x0000000084d00000, 0x0000000084d00000|100%| E|CS|TAMS 0x0000000084c00000, 0x0000000084c00000| Complete 
|  77|0x0000000084d00000, 0x0000000084e00000, 0x0000000084e00000|100%| E|CS|TAMS 0x0000000084d00000, 0x0000000084d00000| Complete 
|  78|0x0000000084e00000, 0x0000000084f00000, 0x0000000084f00000|100%| E|CS|TAMS 0x0000000084e00000, 0x0000000084e00000| Complete 
|  79|0x0000000084f00000, 0x0000000085000000, 0x0000000085000000|100%| E|CS|TAMS 0x0000000084f00000, 0x0000000084f00000| Complete 
|  80|0x0000000085000000, 0x0000000085100000, 0x0000000085100000|100%| E|CS|TAMS 0x0000000085000000, 0x0000000085000000| Complete 
|  81|0x0000000085100000, 0x0000000085200000, 0x0000000085200000|100%| E|CS|TAMS 0x0000000085100000, 0x0000000085100000| Complete 
|  82|0x0000000085200000, 0x0000000085300000, 0x0000000085300000|100%| E|CS|TAMS 0x0000000085200000, 0x0000000085200000| Complete 
|  83|0x0000000085300000, 0x0000000085400000, 0x0000000085400000|100%| E|CS|TAMS 0x0000000085300000, 0x0000000085300000| Complete 
|  84|0x0000000085400000, 0x0000000085500000, 0x0000000085500000|100%| E|CS|TAMS 0x0000000085400000, 0x0000000085400000| Complete 
|  85|0x0000000085500000, 0x0000000085600000, 0x0000000085600000|100%| E|CS|TAMS 0x0000000085500000, 0x0000000085500000| Complete 
|  86|0x0000000085600000, 0x0000000085700000, 0x0000000085700000|100%| E|CS|TAMS 0x0000000085600000, 0x0000000085600000| Complete 
|  87|0x0000000085700000, 0x0000000085800000, 0x0000000085800000|100%| E|CS|TAMS 0x0000000085700000, 0x0000000085700000| Complete 
|  88|0x0000000085800000, 0x0000000085900000, 0x0000000085900000|100%| E|CS|TAMS 0x0000000085800000, 0x0000000085800000| Complete 
|  89|0x0000000085900000, 0x0000000085a00000, 0x0000000085a00000|100%| E|CS|TAMS 0x0000000085900000, 0x0000000085900000| Complete 
|  90|0x0000000085a00000, 0x0000000085b00000, 0x0000000085b00000|100%| E|CS|TAMS 0x0000000085a00000, 0x0000000085a00000| Complete 
|  91|0x0000000085b00000, 0x0000000085c00000, 0x0000000085c00000|100%| E|CS|TAMS 0x0000000085b00000, 0x0000000085b00000| Complete 
|  92|0x0000000085c00000, 0x0000000085d00000, 0x0000000085d00000|100%| E|CS|TAMS 0x0000000085c00000, 0x0000000085c00000| Complete 
|  93|0x0000000085d00000, 0x0000000085e00000, 0x0000000085e00000|100%| E|CS|TAMS 0x0000000085d00000, 0x0000000085d00000| Complete 
|  94|0x0000000085e00000, 0x0000000085f00000, 0x0000000085f00000|100%| E|CS|TAMS 0x0000000085e00000, 0x0000000085e00000| Complete 
|  95|0x0000000085f00000, 0x0000000086000000, 0x0000000086000000|100%| E|CS|TAMS 0x0000000085f00000, 0x0000000085f00000| Complete 
|  96|0x0000000086000000, 0x0000000086100000, 0x0000000086100000|100%| E|CS|TAMS 0x0000000086000000, 0x0000000086000000| Complete 
|  97|0x0000000086100000, 0x0000000086200000, 0x0000000086200000|100%| E|CS|TAMS 0x0000000086100000, 0x0000000086100000| Complete 
|  98|0x0000000086200000, 0x0000000086300000, 0x0000000086300000|100%| E|CS|TAMS 0x0000000086200000, 0x0000000086200000| Complete 
|  99|0x0000000086300000, 0x0000000086400000, 0x0000000086400000|100%| E|CS|TAMS 0x0000000086300000, 0x0000000086300000| Complete 
| 100|0x0000000086400000, 0x0000000086500000, 0x0000000086500000|100%| E|CS|TAMS 0x0000000086400000, 0x0000000086400000| Complete 
| 101|0x0000000086500000, 0x0000000086600000, 0x0000000086600000|100%| E|CS|TAMS 0x0000000086500000, 0x0000000086500000| Complete 
| 102|0x0000000086600000, 0x0000000086700000, 0x0000000086700000|100%| E|CS|TAMS 0x0000000086600000, 0x0000000086600000| Complete 
| 103|0x0000000086700000, 0x0000000086800000, 0x0000000086800000|100%| E|CS|TAMS 0x0000000086700000, 0x0000000086700000| Complete 
| 104|0x0000000086800000, 0x0000000086900000, 0x0000000086900000|100%| E|CS|TAMS 0x0000000086800000, 0x0000000086800000| Complete 
| 105|0x0000000086900000, 0x0000000086a00000, 0x0000000086a00000|100%| E|CS|TAMS 0x0000000086900000, 0x0000000086900000| Complete 
| 106|0x0000000086a00000, 0x0000000086b00000, 0x0000000086b00000|100%| E|CS|TAMS 0x0000000086a00000, 0x0000000086a00000| Complete 
| 107|0x0000000086b00000, 0x0000000086c00000, 0x0000000086c00000|100%| E|CS|TAMS 0x0000000086b00000, 0x0000000086b00000| Complete 
| 108|0x0000000086c00000, 0x0000000086d00000, 0x0000000086d00000|100%| E|CS|TAMS 0x0000000086c00000, 0x0000000086c00000| Complete 
| 109|0x0000000086d00000, 0x0000000086e00000, 0x0000000086e00000|100%| E|CS|TAMS 0x0000000086d00000, 0x0000000086d00000| Complete 
| 110|0x0000000086e00000, 0x0000000086f00000, 0x0000000086f00000|100%| E|CS|TAMS 0x0000000086e00000, 0x0000000086e00000| Complete 
| 111|0x0000000086f00000, 0x0000000087000000, 0x0000000087000000|100%| E|CS|TAMS 0x0000000086f00000, 0x0000000086f00000| Complete 
| 112|0x0000000087000000, 0x0000000087100000, 0x0000000087100000|100%| E|CS|TAMS 0x0000000087000000, 0x0000000087000000| Complete 
| 113|0x0000000087100000, 0x0000000087200000, 0x0000000087200000|100%| E|CS|TAMS 0x0000000087100000, 0x0000000087100000| Complete 

Card table byte_map: [0x0000018ba0860000,0x0000018ba0c60000] _byte_map_base: 0x0000018ba0460000

Marking Bits (Prev, Next): (CMBitMap*) 0x0000018b8d9b0a50, (CMBitMap*) 0x0000018b8d9b0a18
 Prev Bits: [0x0000018ba3060000, 0x0000018ba5060000)
 Next Bits: [0x0000018ba1060000, 0x0000018ba3060000)

Polling page: 0x0000018b8b910000

Metaspace:

Usage:
  Non-class:     39.88 MB capacity,    39.19 MB ( 98%) used,   592.90 KB (  1%) free+waste,   112.19 KB ( <1%) overhead. 
      Class:      6.18 MB capacity,     5.77 MB ( 93%) used,   373.85 KB (  6%) free+waste,    54.00 KB ( <1%) overhead. 
       Both:     46.06 MB capacity,    44.96 MB ( 98%) used,   966.75 KB (  2%) free+waste,   166.19 KB ( <1%) overhead. 

Virtual space:
  Non-class space:       40.00 MB reserved,      39.95 MB (>99%) committed 
      Class space:        1.00 GB reserved,       6.25 MB ( <1%) committed 
             Both:        1.04 GB reserved,      46.20 MB (  4%) committed 

Chunk freelists:
   Non-Class:  10.00 KB
       Class:  3.00 KB
        Both:  13.00 KB

MaxMetaspaceSize: 17179869184.00 GB
CompressedClassSpaceSize: 1.00 GB

CodeHeap 'non-profiled nmethods': size=120064Kb used=1973Kb max_used=1973Kb free=118090Kb
 bounds [0x0000018b98f20000, 0x0000018b99190000, 0x0000018ba0460000]
CodeHeap 'profiled nmethods': size=120000Kb used=7981Kb max_used=7981Kb free=112018Kb
 bounds [0x0000018b919f0000, 0x0000018b921c0000, 0x0000018b98f20000]
CodeHeap 'non-nmethods': size=5696Kb used=2213Kb max_used=2239Kb free=3482Kb
 bounds [0x0000018b91460000, 0x0000018b916d0000, 0x0000018b919f0000]
 total_blobs=4676 nmethods=3893 adapters=694
 compilation: enabled
              stopped_count=0, restarted_count=0
 full_count=0

Compilation events (20 events):
Event: 26.929 Thread 0x0000018ba7555800 3847       1       java.lang.invoke.DirectMethodHandle$Special::isInvokeSpecial (2 bytes)
Event: 26.929 Thread 0x0000018ba7555800 nmethod 3847 0x0000018b99104290 code [0x0000018b99104440, 0x0000018b991044f8]
Event: 26.948 Thread 0x0000018ba754f000 nmethod 3818 0x0000018b99104590 code [0x0000018b99104860, 0x0000018b99106760]
Event: 26.948 Thread 0x0000018ba754f000 3834       4       java.lang.invoke.LambdaForm$Name::useCount (42 bytes)
Event: 26.950 Thread 0x0000018ba754f000 nmethod 3834 0x0000018b99107910 code [0x0000018b99107aa0, 0x0000018b99107b78]
Event: 26.950 Thread 0x0000018ba754f000 3819       4       jdk.internal.org.objectweb.asm.Frame::execute (2264 bytes)
Event: 27.007 Thread 0x0000018ba7555800 3851       3       java.util.regex.Pattern::range (292 bytes)
Event: 27.013 Thread 0x0000018ba7555800 nmethod 3851 0x0000018b921a5b90 code [0x0000018b921a6040, 0x0000018b921a82c8]
Event: 27.013 Thread 0x0000018ba7555800 3852       3       java.util.regex.Pattern$TreeInfo::reset (21 bytes)
Event: 27.013 Thread 0x0000018ba7555800 nmethod 3852 0x0000018b921a8e90 code [0x0000018b921a9040, 0x0000018b921a9158]
Event: 27.016 Thread 0x0000018ba7555800 3853       3       java.util.regex.Pattern$TreeInfo::<init> (9 bytes)
Event: 27.017 Thread 0x0000018ba7555800 nmethod 3853 0x0000018b921a9210 code [0x0000018b921a93c0, 0x0000018b921a9598]
Event: 27.022 Thread 0x0000018ba7555800 3855       3       java.util.concurrent.atomic.AtomicReferenceArray::<init> (13 bytes)
Event: 27.023 Thread 0x0000018ba7555800 nmethod 3855 0x0000018b921a9690 code [0x0000018b921a9840, 0x0000018b921a9a98]
Event: 27.032 Thread 0x0000018ba7555800 3856       1       com.google.common.cache.LocalCache$StrongEntry::getValueReference (5 bytes)
Event: 27.032 Thread 0x0000018ba7555800 nmethod 3856 0x0000018b99107e90 code [0x0000018b99108040, 0x0000018b991080f8]
Event: 27.033 Thread 0x0000018ba7555800 3857       1       com.google.common.cache.CacheBuilder$3::read (2 bytes)
Event: 27.033 Thread 0x0000018ba7555800 nmethod 3857 0x0000018b99108190 code [0x0000018b99108340, 0x0000018b991083f8]
Event: 27.035 Thread 0x0000018ba7555800 3858       3       java.io.File::getName (42 bytes)
Event: 27.035 Thread 0x0000018ba7555800 nmethod 3858 0x0000018b921a9b90 code [0x0000018b921a9dc0, 0x0000018b921aa2f8]

GC Heap History (20 events):
Event: 4.514 GC heap before
{Heap before GC invocations=0 (full 0):
 garbage-first heap   total 116736K, used 16384K [0x0000000080000000, 0x0000000100000000)
  region size 1024K, 14 young (14336K), 0 survivors (0K)
 Metaspace       used 6718K, capacity 6921K, committed 7168K, reserved 1056768K
  class space    used 582K, capacity 650K, committed 768K, reserved 1048576K
}
Event: 4.519 GC heap after
{Heap after GC invocations=1 (full 0):
 garbage-first heap   total 116736K, used 3534K [0x0000000080000000, 0x0000000100000000)
  region size 1024K, 2 young (2048K), 2 survivors (2048K)
 Metaspace       used 6718K, capacity 6921K, committed 7168K, reserved 1056768K
  class space    used 582K, capacity 650K, committed 768K, reserved 1048576K
}
Event: 5.544 GC heap before
{Heap before GC invocations=1 (full 0):
 garbage-first heap   total 116736K, used 17870K [0x0000000080000000, 0x0000000100000000)
  region size 1024K, 13 young (13312K), 2 survivors (2048K)
 Metaspace       used 10149K, capacity 10389K, committed 10624K, reserved 1058816K
  class space    used 1059K, capacity 1108K, committed 1152K, reserved 1048576K
}
Event: 5.549 GC heap after
{Heap after GC invocations=2 (full 0):
 garbage-first heap   total 116736K, used 9493K [0x0000000080000000, 0x0000000100000000)
  region size 1024K, 2 young (2048K), 2 survivors (2048K)
 Metaspace       used 10149K, capacity 10389K, committed 10624K, reserved 1058816K
  class space    used 1059K, capacity 1108K, committed 1152K, reserved 1048576K
}
Event: 6.233 GC heap before
{Heap before GC invocations=2 (full 0):
 garbage-first heap   total 116736K, used 32021K [0x0000000080000000, 0x0000000100000000)
  region size 1024K, 25 young (25600K), 2 survivors (2048K)
 Metaspace       used 11130K, capacity 11440K, committed 11520K, reserved 1058816K
  class space    used 1165K, capacity 1245K, committed 1280K, reserved 1048576K
}
Event: 6.237 GC heap after
{Heap after GC invocations=3 (full 0):
 garbage-first heap   total 116736K, used 10234K [0x0000000080000000, 0x0000000100000000)
  region size 1024K, 3 young (3072K), 3 survivors (3072K)
 Metaspace       used 11130K, capacity 11440K, committed 11520K, reserved 1058816K
  class space    used 1165K, capacity 1245K, committed 1280K, reserved 1048576K
}
Event: 7.004 GC heap before
{Heap before GC invocations=3 (full 0):
 garbage-first heap   total 116736K, used 45050K [0x0000000080000000, 0x0000000100000000)
  region size 1024K, 37 young (37888K), 3 survivors (3072K)
 Metaspace       used 13267K, capacity 13683K, committed 13952K, reserved 1060864K
  class space    used 1470K, capacity 1590K, committed 1664K, reserved 1048576K
}
Event: 7.016 GC heap after
{Heap after GC invocations=4 (full 0):
 garbage-first heap   total 116736K, used 15083K [0x0000000080000000, 0x0000000100000000)
  region size 1024K, 5 young (5120K), 5 survivors (5120K)
 Metaspace       used 13267K, capacity 13683K, committed 13952K, reserved 1060864K
  class space    used 1470K, capacity 1590K, committed 1664K, reserved 1048576K
}
Event: 15.861 GC heap before
{Heap before GC invocations=4 (full 0):
 garbage-first heap   total 116736K, used 58091K [0x0000000080000000, 0x0000000100000000)
  region size 1024K, 48 young (49152K), 5 survivors (5120K)
 Metaspace       used 20552K, capacity 21088K, committed 21248K, reserved 1067008K
  class space    used 2503K, capacity 2690K, committed 2816K, reserved 1048576K
}
Event: 15.869 GC heap after
{Heap after GC invocations=5 (full 0):
 garbage-first heap   total 116736K, used 16949K [0x0000000080000000, 0x0000000100000000)
  region size 1024K, 2 young (2048K), 2 survivors (2048K)
 Metaspace       used 20552K, capacity 21088K, committed 21248K, reserved 1067008K
  class space    used 2503K, capacity 2690K, committed 2816K, reserved 1048576K
}
Event: 18.843 GC heap before
{Heap before GC invocations=6 (full 0):
 garbage-first heap   total 116736K, used 67125K [0x0000000080000000, 0x0000000100000000)
  region size 1024K, 51 young (52224K), 2 survivors (2048K)
 Metaspace       used 25705K, capacity 26324K, committed 26368K, reserved 1073152K
  class space    used 3357K, capacity 3568K, committed 3584K, reserved 1048576K
}
Event: 18.850 GC heap after
{Heap after GC invocations=7 (full 0):
 garbage-first heap   total 116736K, used 18841K [0x0000000080000000, 0x0000000100000000)
  region size 1024K, 4 young (4096K), 4 survivors (4096K)
 Metaspace       used 25705K, capacity 26324K, committed 26368K, reserved 1073152K
  class space    used 3357K, capacity 3568K, committed 3584K, reserved 1048576K
}
Event: 21.599 GC heap before
{Heap before GC invocations=7 (full 0):
 garbage-first heap   total 116736K, used 73113K [0x0000000080000000, 0x0000000100000000)
  region size 1024K, 57 young (58368K), 4 survivors (4096K)
 Metaspace       used 31786K, capacity 32554K, committed 32640K, reserved 1077248K
  class space    used 4201K, capacity 4475K, committed 4480K, reserved 1048576K
}
Event: 21.608 GC heap after
{Heap after GC invocations=8 (full 0):
 garbage-first heap   total 116736K, used 21218K [0x0000000080000000, 0x0000000100000000)
  region size 1024K, 6 young (6144K), 6 survivors (6144K)
 Metaspace       used 31786K, capacity 32554K, committed 32640K, reserved 1077248K
  class space    used 4201K, capacity 4475K, committed 4480K, reserved 1048576K
}
Event: 21.929 GC heap before
{Heap before GC invocations=8 (full 0):
 garbage-first heap   total 116736K, used 28386K [0x0000000080000000, 0x0000000100000000)
  region size 1024K, 14 young (14336K), 6 survivors (6144K)
 Metaspace       used 34878K, capacity 35669K, committed 35840K, reserved 1081344K
  class space    used 4528K, capacity 4834K, committed 4864K, reserved 1048576K
}
Event: 21.943 GC heap after
{Heap after GC invocations=9 (full 0):
 garbage-first heap   total 116736K, used 22699K [0x0000000080000000, 0x0000000100000000)
  region size 1024K, 6 young (6144K), 6 survivors (6144K)
 Metaspace       used 34878K, capacity 35669K, committed 35840K, reserved 1081344K
  class space    used 4528K, capacity 4834K, committed 4864K, reserved 1048576K
}
Event: 23.142 GC heap before
{Heap before GC invocations=10 (full 0):
 garbage-first heap   total 116736K, used 70827K [0x0000000080000000, 0x0000000100000000)
  region size 1024K, 51 young (52224K), 6 survivors (6144K)
 Metaspace       used 38673K, capacity 39540K, committed 39756K, reserved 1083392K
  class space    used 4926K, capacity 5244K, committed 5248K, reserved 1048576K
}
Event: 23.157 GC heap after
{Heap after GC invocations=11 (full 0):
 garbage-first heap   total 116736K, used 26386K [0x0000000080000000, 0x0000000100000000)
  region size 1024K, 7 young (7168K), 7 survivors (7168K)
 Metaspace       used 38673K, capacity 39540K, committed 39756K, reserved 1083392K
  class space    used 4926K, capacity 5244K, committed 5248K, reserved 1048576K
}
Event: 26.185 GC heap before
{Heap before GC invocations=12 (full 0):
 garbage-first heap   total 116736K, used 73490K [0x0000000080000000, 0x0000000100000000)
  region size 1024K, 53 young (54272K), 7 survivors (7168K)
 Metaspace       used 42751K, capacity 43714K, committed 43980K, reserved 1087488K
  class space    used 5418K, capacity 5776K, committed 5888K, reserved 1048576K
}
Event: 26.196 GC heap after
{Heap after GC invocations=13 (full 0):
 garbage-first heap   total 116736K, used 28389K [0x0000000080000000, 0x0000000100000000)
  region size 1024K, 6 young (6144K), 6 survivors (6144K)
 Metaspace       used 42751K, capacity 43714K, committed 43980K, reserved 1087488K
  class space    used 5418K, capacity 5776K, committed 5888K, reserved 1048576K
}

Deoptimization events (20 events):
Event: 25.608 Thread 0x0000018ba9814800 Uncommon trap: trap_request=0xffffffc6 fr.pc=0x0000018b990924d0 relative=0x0000000000000990
Event: 25.608 Thread 0x0000018ba9814800 Uncommon trap: reason=bimorphic_or_optimized_type_check action=maybe_recompile pc=0x0000018b990924d0 method=java.io.BufferedInputStream.read([BII)I @ 101 c2
Event: 25.608 Thread 0x0000018ba9814800 DEOPT PACKING pc=0x0000018b990924d0 sp=0x0000001fdbffe660
Event: 25.608 Thread 0x0000018ba9814800 DEOPT UNPACKING pc=0x0000018b9148782f sp=0x0000001fdbffe618 mode 2
Event: 25.732 Thread 0x0000018ba9814800 Uncommon trap: trap_request=0xffffffc6 fr.pc=0x0000018b990924d0 relative=0x0000000000000990
Event: 25.732 Thread 0x0000018ba9814800 Uncommon trap: reason=bimorphic_or_optimized_type_check action=maybe_recompile pc=0x0000018b990924d0 method=java.io.BufferedInputStream.read([BII)I @ 101 c2
Event: 25.732 Thread 0x0000018ba9814800 DEOPT PACKING pc=0x0000018b990924d0 sp=0x0000001fdbffe6c0
Event: 25.732 Thread 0x0000018ba9814800 DEOPT UNPACKING pc=0x0000018b9148782f sp=0x0000001fdbffe678 mode 2
Event: 26.395 Thread 0x0000018ba95cf000 Uncommon trap: trap_request=0xffffff4d fr.pc=0x0000018b98f76500 relative=0x00000000000001c0
Event: 26.395 Thread 0x0000018ba95cf000 Uncommon trap: reason=unstable_if action=reinterpret pc=0x0000018b98f76500 method=java.net.URI$Parser.scan(IILjava/lang/String;)I @ 26 c2
Event: 26.395 Thread 0x0000018ba95cf000 DEOPT PACKING pc=0x0000018b98f76500 sp=0x0000001fdbbf90d0
Event: 26.395 Thread 0x0000018ba95cf000 DEOPT UNPACKING pc=0x0000018b9148782f sp=0x0000001fdbbf9060 mode 2
Event: 26.395 Thread 0x0000018ba95cf000 Uncommon trap: trap_request=0xffffff4d fr.pc=0x0000018b98f75b5c relative=0x000000000000011c
Event: 26.395 Thread 0x0000018ba95cf000 Uncommon trap: reason=unstable_if action=reinterpret pc=0x0000018b98f75b5c method=java.net.URI.match(CJJ)Z @ 45 c2
Event: 26.395 Thread 0x0000018ba95cf000 DEOPT PACKING pc=0x0000018b98f75b5c sp=0x0000001fdbbf8e40
Event: 26.395 Thread 0x0000018ba95cf000 DEOPT UNPACKING pc=0x0000018b9148782f sp=0x0000001fdbbf8d78 mode 2
Event: 26.395 Thread 0x0000018ba95cf000 Uncommon trap: trap_request=0xffffff4d fr.pc=0x0000018b98f3d168 relative=0x0000000000000048
Event: 26.395 Thread 0x0000018ba95cf000 Uncommon trap: reason=unstable_if action=reinterpret pc=0x0000018b98f3d168 method=java.net.URI.match(CJJ)Z @ 19 c2
Event: 26.395 Thread 0x0000018ba95cf000 DEOPT PACKING pc=0x0000018b98f3d168 sp=0x0000001fdbbf8e50
Event: 26.395 Thread 0x0000018ba95cf000 DEOPT UNPACKING pc=0x0000018b9148782f sp=0x0000001fdbbf8e00 mode 2

Classes redefined (0 events):
No events

Internal exceptions (20 events):
Event: 26.182 Thread 0x0000018ba95cf000 Exception <a 'java/lang/ClassNotFoundException'{0x00000000844a99d0}: build_8y7klsnoid4q8lgmexvvpitscBeanInfo> (0x00000000844a99d0) thrown at [./src/hotspot/share/classfile/systemDictionary.cpp, line 231]
Event: 26.182 Thread 0x0000018ba95cf000 Exception <a 'java/lang/ClassNotFoundException'{0x00000000844c0b98}: org/gradle/api/internal/project/ProjectScriptBeanInfo> (0x00000000844c0b98) thrown at [./src/hotspot/share/classfile/systemDictionary.cpp, line 231]
Event: 26.183 Thread 0x0000018ba95cf000 Exception <a 'java/lang/ClassNotFoundException'{0x00000000844d7ff0}: org/gradle/api/internal/project/ProjectScriptCustomizer> (0x00000000844d7ff0) thrown at [./src/hotspot/share/classfile/systemDictionary.cpp, line 231]
Event: 26.184 Thread 0x0000018ba95cf000 Exception <a 'java/lang/ClassNotFoundException'{0x00000000844f3b40}: build_8y7klsnoid4q8lgmexvvpitscCustomizer> (0x00000000844f3b40) thrown at [./src/hotspot/share/classfile/systemDictionary.cpp, line 231]
Event: 26.209 Thread 0x0000018ba95cf000 Exception <a 'java/lang/ClassNotFoundException'{0x000000008719a5a8}: org/gradle/api/internal/initialization/DefaultScriptHandlerBeanInfo> (0x000000008719a5a8) thrown at [./src/hotspot/share/classfile/systemDictionary.cpp, line 231]
Event: 26.210 Thread 0x0000018ba95cf000 Exception <a 'java/lang/ClassNotFoundException'{0x00000000871c6740}: org/gradle/api/internal/initialization/DefaultScriptHandlerCustomizer> (0x00000000871c6740) thrown at [./src/hotspot/share/classfile/systemDictionary.cpp, line 231]
Event: 26.355 Thread 0x0000018ba95cf000 Exception <a 'java/lang/ClassNotFoundException'{0x00000000869b5b68}: org/gradle/api/internal/artifacts/dsl/dependencies/DefaultDependencyHandler_DecoratedBeanInfo> (0x00000000869b5b68) thrown at [./src/hotspot/share/classfile/systemDictionary.cpp, line 231]
Event: 26.356 Thread 0x0000018ba95cf000 Exception <a 'java/lang/ClassNotFoundException'{0x00000000869f3cc8}: org/gradle/api/internal/artifacts/dsl/dependencies/DefaultDependencyHandlerBeanInfo> (0x00000000869f3cc8) thrown at [./src/hotspot/share/classfile/systemDictionary.cpp, line 231]
Event: 26.357 Thread 0x0000018ba95cf000 Exception <a 'java/lang/ClassNotFoundException'{0x00000000868326c0}: org/gradle/api/internal/artifacts/dsl/dependencies/DefaultDependencyHandlerCustomizer> (0x00000000868326c0) thrown at [./src/hotspot/share/classfile/systemDictionary.cpp, line 231]
Event: 26.361 Thread 0x0000018ba95cf000 Exception <a 'java/lang/ClassNotFoundException'{0x0000000086899ea8}: org/gradle/api/internal/artifacts/dsl/dependencies/DefaultDependencyHandler_DecoratedCustomizer> (0x0000000086899ea8) thrown at [./src/hotspot/share/classfile/systemDictionary.cpp, line 231]
Event: 26.385 Thread 0x0000018ba95cf000 Exception <a 'java/lang/NoSuchMethodError'{0x00000000867aa360}: 'java.lang.Object java.lang.invoke.DirectMethodHandle$Holder.invokeStatic(java.lang.Object, java.lang.Object, int, java.lang.Object)'> (0x00000000867aa360) thrown at [./src/hotspot/share/interpreter/linkResolver.cpp, line 773]
Event: 26.385 Thread 0x0000018ba95cf000 Exception <a 'java/lang/NoSuchMethodError'{0x00000000867b15f8}: 'java.lang.Object java.lang.invoke.Invokers$Holder.linkToTargetMethod(java.lang.Object, int, java.lang.Object, java.lang.Object)'> (0x00000000867b15f8) thrown at [./src/hotspot/share/interpreter/linkResolver.cpp, line 773]
Event: 26.877 Thread 0x0000018ba95cf000 Exception <a 'java/lang/NoSuchMethodError'{0x0000000085520640}: 'java.lang.Object java.lang.invoke.DelegatingMethodHandle$Holder.reinvoke_L(java.lang.Object, java.lang.Object, java.lang.Object, java.lang.Object, java.lang.Object, java.lang.Object, java.lang.Object, java.lang.Object, java.lang.Object, java.lang.Object, java.lang.Object, java.lang.Object, java.lang.Object, java.lang.Object, java.lang.Object, java.lang.Object, java.lang.Object, java.lang.Object, java.lang.Object, java.lang.Object, java.lang.O
Event: 26.877 Thread 0x0000018ba95cf000 Exception <a 'java/lang/NoSuchMethodError'{0x000000008552c048}: 'java.lang.Object java.lang.invoke.DirectMethodHandle$Holder.invokeSpecial(java.lang.Object, java.lang.Object, java.lang.Object, java.lang.Object, java.lang.Object, java.lang.Object, java.lang.Object, java.lang.Object, java.lang.Object, java.lang.Object, java.lang.Object, java.lang.Object, java.lang.Object, java.lang.Object, java.lang.Object, java.lang.Object, java.lang.Object, java.lang.Object, java.lang.Object, java.lang.Object, java.lang.Ob
Event: 26.878 Thread 0x0000018ba95cf000 Exception <a 'java/lang/NoSuchMethodError'{0x0000000085532238}: 'java.lang.Object java.lang.invoke.Invokers$Holder.invoker(java.lang.Object, java.lang.Object, java.lang.Object, java.lang.Object, java.lang.Object, java.lang.Object, java.lang.Object, java.lang.Object, java.lang.Object, java.lang.Object, java.lang.Object, java.lang.Object, java.lang.Object, java.lang.Object, java.lang.Object, java.lang.Object, java.lang.Object, java.lang.Object, java.lang.Object, java.lang.Object, java.lang.Object)'> (0x00000
Event: 26.878 Thread 0x0000018ba95cf000 Exception <a 'java/lang/NoSuchMethodError'{0x00000000855395a8}: 'java.lang.Object java.lang.invoke.DelegatingMethodHandle$Holder.delegate(java.lang.Object, java.lang.Object, java.lang.Object, java.lang.Object, java.lang.Object, java.lang.Object, java.lang.Object, java.lang.Object, java.lang.Object, java.lang.Object, java.lang.Object, java.lang.Object, java.lang.Object, java.lang.Object, java.lang.Object, java.lang.Object, java.lang.Object, java.lang.Object, java.lang.Object, java.lang.Object, java.lang.Obj
Event: 26.883 Thread 0x0000018ba95cf000 Exception <a 'java/lang/NoSuchMethodError'{0x00000000855a0630}: 'java.lang.Object java.lang.invoke.DirectMethodHandle$Holder.invokeStatic(java.lang.Object, java.lang.Object, java.lang.Object, java.lang.Object, java.lang.Object, java.lang.Object, java.lang.Object, java.lang.Object, java.lang.Object, java.lang.Object, java.lang.Object, java.lang.Object, java.lang.Object, java.lang.Object, java.lang.Object)'> (0x00000000855a0630) thrown at [./src/hotspot/share/interpreter/linkResolver.cpp, line 773]
Event: 26.885 Thread 0x0000018ba95cf000 Exception <a 'java/lang/NoSuchMethodError'{0x00000000855b0c68}: 'java.lang.Object java.lang.invoke.DirectMethodHandle$Holder.invokeStatic(java.lang.Object, java.lang.Object, java.lang.Object, java.lang.Object, java.lang.Object, java.lang.Object, java.lang.Object, java.lang.Object, java.lang.Object, java.lang.Object, java.lang.Object, java.lang.Object, java.lang.Object, java.lang.Object, java.lang.Object, java.lang.Object)'> (0x00000000855b0c68) thrown at [./src/hotspot/share/interpreter/linkResolver.cpp, l
Event: 26.886 Thread 0x0000018ba95cf000 Exception <a 'java/lang/NoSuchMethodError'{0x00000000855c11b0}: 'java.lang.Object java.lang.invoke.DelegatingMethodHandle$Holder.reinvoke_L(java.lang.Object, java.lang.Object, java.lang.Object, java.lang.Object, java.lang.Object, java.lang.Object, java.lang.Object, java.lang.Object, java.lang.Object, java.lang.Object, java.lang.Object, java.lang.Object, java.lang.Object, java.lang.Object, java.lang.Object, java.lang.Object, java.lang.Object, java.lang.Object, java.lang.Object, java.lang.Object)'> (0x000000
Event: 26.966 Thread 0x0000018ba95cf000 Exception <a 'java/lang/IncompatibleClassChangeError'{0x0000000085132f40}: Found class java.lang.Object, but interface was expected> (0x0000000085132f40) thrown at [./src/hotspot/share/interpreter/linkResolver.cpp, line 839]

Events (20 events):
Event: 27.022 loading class org/gradle/api/internal/artifacts/ivyservice/WritableArtifactCacheLockingManager$CacheLockingPersistentCache
Event: 27.022 loading class org/gradle/api/internal/artifacts/ivyservice/WritableArtifactCacheLockingManager$CacheLockingPersistentCache done
Event: 27.033 loading class org/gradle/api/internal/artifacts/repositories/resolver/MavenUniqueSnapshotComponentIdentifier
Event: 27.033 loading class org/gradle/api/internal/artifacts/repositories/resolver/MavenUniqueSnapshotComponentIdentifier done
Event: 27.034 loading class org/gradle/api/internal/artifacts/ivyservice/resolveengine/result/ComponentIdentifierSerializer$Implementation
Event: 27.034 loading class org/gradle/api/internal/artifacts/ivyservice/resolveengine/result/ComponentIdentifierSerializer$Implementation done
Event: 27.035 loading class org/gradle/internal/resource/local/DefaultLocallyAvailableResource
Event: 27.035 loading class org/gradle/internal/resource/local/DefaultLocallyAvailableResource done
Event: 27.035 loading class org/gradle/internal/resource/local/AbstractLocallyAvailableResource
Event: 27.035 loading class org/gradle/internal/resource/local/AbstractLocallyAvailableResource done
Event: 27.036 loading class org/gradle/internal/hash/ChecksumService
Event: 27.036 loading class org/gradle/internal/hash/ChecksumService done
Event: 27.036 loading class org/gradle/internal/hash/HashCode
Event: 27.036 loading class org/gradle/internal/hash/HashCode done
Event: 27.036 loading class org/gradle/internal/hash/ChecksumService
Event: 27.036 loading class org/gradle/internal/hash/ChecksumService done
Event: 27.036 loading class org/gradle/api/internal/artifacts/ivyservice/modulecache/StringDeduplicatingDecoder
Event: 27.036 loading class org/gradle/api/internal/artifacts/ivyservice/modulecache/StringDeduplicatingDecoder done
Event: 27.037 loading class org/gradle/api/internal/artifacts/ivyservice/modulecache/ModuleMetadataSerializer$Reader
Event: 27.037 loading class org/gradle/api/internal/artifacts/ivyservice/modulecache/ModuleMetadataSerializer$Reader done


Dynamic libraries:
0x00007ff6c6ae0000 - 0x00007ff6c6aea000 	C:\Program Files\Android\Android Studio\jre\bin\java.exe
0x00007ffda9490000 - 0x00007ffda9685000 	C:\WINDOWS\SYSTEM32\ntdll.dll
0x00007ffda84e0000 - 0x00007ffda859e000 	C:\WINDOWS\System32\KERNEL32.DLL
0x00007ffda6e50000 - 0x00007ffda7118000 	C:\WINDOWS\System32\KERNELBASE.dll
0x00007ffda7250000 - 0x00007ffda7350000 	C:\WINDOWS\System32\ucrtbase.dll
0x00007ffd9c5e0000 - 0x00007ffd9c5f9000 	C:\Program Files\Android\Android Studio\jre\bin\jli.dll
0x00007ffd9b780000 - 0x00007ffd9b797000 	C:\Program Files\Android\Android Studio\jre\bin\VCRUNTIME140.dll
0x00007ffda9170000 - 0x00007ffda9311000 	C:\WINDOWS\System32\USER32.dll
0x00007ffd97a30000 - 0x00007ffd97cca000 	C:\WINDOWS\WinSxS\amd64_microsoft.windows.common-controls_6595b64144ccf1df_6.0.19041.1110_none_60b5254171f9507e\COMCTL32.dll
0x00007ffda6e20000 - 0x00007ffda6e42000 	C:\WINDOWS\System32\win32u.dll
0x00007ffda8cd0000 - 0x00007ffda8d6e000 	C:\WINDOWS\System32\msvcrt.dll
0x00007ffda8ca0000 - 0x00007ffda8ccb000 	C:\WINDOWS\System32\GDI32.dll
0x00007ffda6cc0000 - 0x00007ffda6dcb000 	C:\WINDOWS\System32\gdi32full.dll
0x00007ffda7120000 - 0x00007ffda71bd000 	C:\WINDOWS\System32\msvcp_win.dll
0x00007ffda7560000 - 0x00007ffda7590000 	C:\WINDOWS\System32\IMM32.DLL
0x00007ffd80e00000 - 0x00007ffd80e9d000 	C:\Program Files\Android\Android Studio\jre\bin\msvcp140.dll
0x00007ffd6e060000 - 0x00007ffd6eb2f000 	C:\Program Files\Android\Android Studio\jre\bin\server\jvm.dll
0x00007ffda9020000 - 0x00007ffda90cc000 	C:\WINDOWS\System32\ADVAPI32.dll
0x00007ffda90d0000 - 0x00007ffda916b000 	C:\WINDOWS\System32\sechost.dll
0x00007ffda8d70000 - 0x00007ffda8e9a000 	C:\WINDOWS\System32\RPCRT4.dll
0x00007ffda8720000 - 0x00007ffda8728000 	C:\WINDOWS\System32\PSAPI.DLL
0x00007ffd934d0000 - 0x00007ffd934d9000 	C:\WINDOWS\SYSTEM32\WSOCK32.dll
0x00007ffd92380000 - 0x00007ffd923a7000 	C:\WINDOWS\SYSTEM32\WINMM.dll
0x00007ffd9a5e0000 - 0x00007ffd9a5ea000 	C:\WINDOWS\SYSTEM32\VERSION.dll
0x00007ffda9320000 - 0x00007ffda938b000 	C:\WINDOWS\System32\WS2_32.dll
0x00007ffda49a0000 - 0x00007ffda49b2000 	C:\WINDOWS\SYSTEM32\kernel.appcore.dll
0x00007ffd9d8f0000 - 0x00007ffd9d901000 	C:\Program Files\Android\Android Studio\jre\bin\verify.dll
0x00007ffd92920000 - 0x00007ffd92b04000 	C:\WINDOWS\SYSTEM32\DBGHELP.DLL
0x00007ffd92350000 - 0x00007ffd9237c000 	C:\WINDOWS\SYSTEM32\dbgcore.DLL
0x00007ffda71c0000 - 0x00007ffda7243000 	C:\WINDOWS\System32\bcryptPrimitives.dll
0x00007ffd9ac90000 - 0x00007ffd9acb9000 	C:\Program Files\Android\Android Studio\jre\bin\java.dll
0x00007ffda4040000 - 0x00007ffda404b000 	C:\Program Files\Android\Android Studio\jre\bin\jimage.dll
0x00007ffd9ad30000 - 0x00007ffd9ad48000 	C:\Program Files\Android\Android Studio\jre\bin\zip.dll
0x00007ffda7590000 - 0x00007ffda7ccf000 	C:\WINDOWS\System32\SHELL32.dll
0x00007ffda4cb0000 - 0x00007ffda5440000 	C:\WINDOWS\SYSTEM32\windows.storage.dll
0x00007ffda88e0000 - 0x00007ffda8c35000 	C:\WINDOWS\System32\combase.dll
0x00007ffda6600000 - 0x00007ffda662e000 	C:\WINDOWS\SYSTEM32\Wldp.dll
0x00007ffda7cd0000 - 0x00007ffda7d7d000 	C:\WINDOWS\System32\SHCORE.dll
0x00007ffda7e00000 - 0x00007ffda7e55000 	C:\WINDOWS\System32\shlwapi.dll
0x00007ffda6af0000 - 0x00007ffda6b0f000 	C:\WINDOWS\SYSTEM32\profapi.dll
0x00007ffd9ac70000 - 0x00007ffd9ac8a000 	C:\Program Files\Android\Android Studio\jre\bin\net.dll
0x00007ffda0920000 - 0x00007ffda0a2c000 	C:\WINDOWS\SYSTEM32\WINHTTP.dll
0x00007ffda6360000 - 0x00007ffda63ca000 	C:\WINDOWS\system32\mswsock.dll
0x00007ffd9ac50000 - 0x00007ffd9ac64000 	C:\Program Files\Android\Android Studio\jre\bin\nio.dll
0x00007ffd92790000 - 0x00007ffd927b7000 	C:\Users\CARLOS_BUITRAGO\AndroidStudioProjects\MinTicKotlin\Sevilla_Sites\.gradle\native\8bec1ad78214c89d9ad589b4d07fe93259594b29d510b10fafb7a158f7737e5d\windows-amd64\native-platform.dll
0x00007ffd80cc0000 - 0x00007ffd80dfd000 	C:\Users\CARLOS_BUITRAGO\AndroidStudioProjects\MinTicKotlin\Sevilla_Sites\.gradle\native\53dbd7edfb1c66fb8903c78663c9afc45aea4f116125fa6feffd364cf09443e8\windows-amd64\native-platform-file-events.dll
0x00007ffda26e0000 - 0x00007ffda26ea000 	C:\Program Files\Android\Android Studio\jre\bin\management.dll
0x00007ffda1150000 - 0x00007ffda115c000 	C:\Program Files\Android\Android Studio\jre\bin\management_ext.dll
0x00007ffda6550000 - 0x00007ffda6568000 	C:\WINDOWS\SYSTEM32\CRYPTSP.dll
0x00007ffda5c70000 - 0x00007ffda5ca4000 	C:\WINDOWS\system32\rsaenh.dll
0x00007ffda74b0000 - 0x00007ffda74d7000 	C:\WINDOWS\System32\bcrypt.dll
0x00007ffda6a70000 - 0x00007ffda6a9e000 	C:\WINDOWS\SYSTEM32\USERENV.dll
0x00007ffda6570000 - 0x00007ffda657c000 	C:\WINDOWS\SYSTEM32\CRYPTBASE.dll
0x00007ffda6000000 - 0x00007ffda603b000 	C:\WINDOWS\SYSTEM32\IPHLPAPI.DLL
0x00007ffda8ea0000 - 0x00007ffda8ea8000 	C:\WINDOWS\System32\NSI.dll
0x00007ffd9f8f0000 - 0x00007ffd9f907000 	C:\WINDOWS\SYSTEM32\dhcpcsvc6.DLL
0x00007ffd9f8d0000 - 0x00007ffd9f8ed000 	C:\WINDOWS\SYSTEM32\dhcpcsvc.DLL
0x00007ffda6050000 - 0x00007ffda611b000 	C:\WINDOWS\SYSTEM32\DNSAPI.dll

dbghelp: loaded successfully - version: 4.0.5 - missing functions: none
symbol engine: initialized successfully - sym options: 0x614 - pdb path: .;C:\Program Files\Android\Android Studio\jre\bin;C:\WINDOWS\SYSTEM32;C:\WINDOWS\WinSxS\amd64_microsoft.windows.common-controls_6595b64144ccf1df_6.0.19041.1110_none_60b5254171f9507e;C:\Program Files\Android\Android Studio\jre\bin\server;C:\Users\CARLOS_BUITRAGO\AndroidStudioProjects\MinTicKotlin\Sevilla_Sites\.gradle\native\8bec1ad78214c89d9ad589b4d07fe93259594b29d510b10fafb7a158f7737e5d\windows-amd64;C:\Users\CARLOS_BUITRAGO\AndroidStudioProjects\MinTicKotlin\Sevilla_Sites\.gradle\native\53dbd7edfb1c66fb8903c78663c9afc45aea4f116125fa6feffd364cf09443e8\windows-amd64

VM Arguments:
jvm_args: --add-opens=java.base/java.util=ALL-UNNAMED --add-opens=java.base/java.lang=ALL-UNNAMED --add-opens=java.base/java.lang.invoke=ALL-UNNAMED --add-opens=java.base/java.util=ALL-UNNAMED --add-opens=java.prefs/java.util.prefs=ALL-UNNAMED --add-opens=java.prefs/java.util.prefs=ALL-UNNAMED --add-opens=java.base/java.nio.charset=ALL-UNNAMED --add-opens=java.base/java.net=ALL-UNNAMED --add-opens=java.base/java.util.concurrent.atomic=ALL-UNNAMED -Xmx2048m -Dfile.encoding=UTF-8 -Duser.country=CO -Duser.language=es -Duser.variant 
java_command: org.gradle.launcher.daemon.bootstrap.GradleDaemon 7.0.2
java_class_path (initial): C:\Users\CARLOS_BUITRAGO\AndroidStudioProjects\MinTicKotlin\Sevilla_Sites\.gradle\wrapper\dists\gradle-7.0.2-bin\857tjihv64xamwrf0h14cai3r\gradle-7.0.2\lib\gradle-launcher-7.0.2.jar
Launcher Type: SUN_STANDARD

[Global flags]
     intx CICompilerCount                          = 3                                         {product} {ergonomic}
     uint ConcGCThreads                            = 1                                         {product} {ergonomic}
     uint G1ConcRefinementThreads                  = 4                                         {product} {ergonomic}
   size_t G1HeapRegionSize                         = 1048576                                   {product} {ergonomic}
    uintx GCDrainStackTargetSize                   = 64                                        {product} {ergonomic}
   size_t InitialHeapSize                          = 119537664                                 {product} {ergonomic}
   size_t MarkStackSize                            = 4194304                                   {product} {ergonomic}
   size_t MaxHeapSize                              = 2147483648                                {product} {command line}
   size_t MaxNewSize                               = 1287651328                                {product} {ergonomic}
   size_t MinHeapDeltaBytes                        = 1048576                                   {product} {ergonomic}
    uintx NonNMethodCodeHeapSize                   = 5830732                                {pd product} {ergonomic}
    uintx NonProfiledCodeHeapSize                  = 122913754                              {pd product} {ergonomic}
    uintx ProfiledCodeHeapSize                     = 122913754                              {pd product} {ergonomic}
    uintx ReservedCodeCacheSize                    = 251658240                              {pd product} {ergonomic}
     bool SegmentedCodeCache                       = true                                      {product} {ergonomic}
     bool UseCompressedClassPointers               = true                                 {lp64_product} {ergonomic}
     bool UseCompressedOops                        = true                                 {lp64_product} {ergonomic}
     bool UseG1GC                                  = true                                      {product} {ergonomic}
     bool UseLargePagesIndividualAllocation        = false                                  {pd product} {ergonomic}

Logging:
Log output configuration:
 #0: stdout all=warning uptime,level,tags
 #1: stderr all=off uptime,level,tags

Environment Variables:
PATH=C:\Program Files\Common Files\Oracle\Java\javapath;C:\ProgramData\Miniconda3\Scripts\;C:\ProgramData\Miniconda3\;C:\ProgramData\Miniconda3;C:\ProgramData\Miniconda3\Library\mingw-w64\bin;C:\ProgramData\Miniconda3\Library\usr\bin;C:\ProgramData\Miniconda3\Library\bin;C:\ProgramData\Miniconda3\Scripts;C:\Python39\Scripts\;C:\Python39\;C:\Windows\system32;C:\Windows;C:\Windows\System32\Wbem;C:\Windows\System32\WindowsPowerShell\v1.0\;C:\Program Files\PuTTY\;C:\Program Files (x86)\Microsoft VS Code\bin;C:\adb;C:\xampp\php;C:\composer;C:\WINDOWS\system32;C:\WINDOWS;C:\WINDOWS\System32\Wbem;C:\WINDOWS\System32\WindowsPowerShell\v1.0\;C:\WINDOWS\System32\OpenSSH\;C:\Program Files\apache-maven-3.6.3\bin;c:\page;C:\Program Files\Java\jdk1.8.0_291\bin;C:\ProgramData\chocolatey\bin;C:\Program Files\nodejs\;C:\Program Files\Git\cmd;C:\Program Files (x86)\Microsoft VS Code\bin;C:\Users\CARLOS_BUITRAGO\AppData\Roaming\Composer\vendor\bin;%PyCharm Community Edition%;C:\Program Files\MariaDB 10.5\bin;%IntelliJ IDEA Community Edition%;C:\Users\CARLOS_BUITRAGO\AppData\Local\Microsoft\WindowsApps;C:\Program Files\Java\jdk1.8.0_291\bin;C:\Program Files\JetBrains\IntelliJ IDEA Educational Edition 2021.1.3\bin;;C:\Program Files\apache-maven-3.8.2\bin;C:\Users\CARLOS_BUITRAGO\AppData\Roaming\npm;C:\Program Files\nodejs;C:\Program Files\heroku\bin;C:\Program Files\Java\jdk-11.0.13\bin;
USERNAME=CARLOS_BUITRAGO
OS=Windows_NT
PROCESSOR_IDENTIFIER=Intel64 Family 6 Model 58 Stepping 9, GenuineIntel



---------------  S Y S T E M  ---------------

OS: Windows 10 , 64 bit Build 19041 (10.0.19041.1348)
OS uptime: 0 days 11:53 hours

CPU:total 4 (initial active 4) (2 cores per cpu, 2 threads per core) family 6 model 58 stepping 9 microcode 0x21, cmov, cx8, fxsr, mmx, sse, sse2, sse3, ssse3, sse4.1, sse4.2, popcnt, avx, aes, clmul, erms, ht, tsc, tscinvbit, tscinv

Memory: 4k page, system-wide physical 7249M (163M free)
TotalPageFile size 7249M (AvailPageFile size 1M)
current process WorkingSet (physical memory assigned to process): 234M, peak: 234M
current process commit charge ("private bytes"): 287M, peak: 288M

vm_info: OpenJDK 64-Bit Server VM (11.0.10+0-b96-7249189) for windows-amd64 JRE (11.0.10+0-b96-7249189), built on Mar 31 2021 21:44:00 by "builder" with MS VC++ 14.0 (VS2015)

END.
