#
# There is insufficient memory for the Java Runtime Environment to continue.
# Native memory allocation (mmap) failed to map 201326592 bytes for Failed to commit area from 0x000000008c000000 to 0x0000000098000000 of length 201326592.
# Possible reasons:
#   The system is out of physical RAM or swap space
#   The process is running with CompressedOops enabled, and the Java Heap may be blocking the growth of the native heap
# Possible solutions:
#   Reduce memory load on the system
#   Increase physical memory or swap space
#   Check if swap backing store is full
#   Decrease Java heap size (-Xmx/-Xms)
#   Decrease number of Java threads
#   Decrease Java thread stack sizes (-Xss)
#   Set larger code cache with -XX:ReservedCodeCacheSize=
#   JVM is running with Unscaled Compressed Oops mode in which the Java heap is
#     placed in the first 4GB address space. The Java Heap base address is the
#     maximum limit for the native heap growth. Please use -XX:HeapBaseMinAddress
#     to set the Java Heap base and to place the Java Heap above 4GB virtual address.
# This output file may be truncated or incomplete.
#
#  Out of Memory Error (./src/hotspot/os/windows/os_windows.cpp:3301), pid=10080, tid=9908
#
# JRE version: OpenJDK Runtime Environment (11.0.10) (build 11.0.10+0-b96-7249189)
# Java VM: OpenJDK 64-Bit Server VM (11.0.10+0-b96-7249189, mixed mode, tiered, compressed oops, g1 gc, windows-amd64)
# No core dump will be written. Minidumps are not enabled by default on client versions of Windows
#

---------------  S U M M A R Y ------------

Command Line: --add-opens=java.base/java.util=ALL-UNNAMED --add-opens=java.base/java.lang=ALL-UNNAMED --add-opens=java.base/java.lang.invoke=ALL-UNNAMED --add-opens=java.base/java.util=ALL-UNNAMED --add-opens=java.prefs/java.util.prefs=ALL-UNNAMED --add-opens=java.prefs/java.util.prefs=ALL-UNNAMED --add-opens=java.base/java.nio.charset=ALL-UNNAMED --add-opens=java.base/java.net=ALL-UNNAMED --add-opens=java.base/java.util.concurrent.atomic=ALL-UNNAMED -Xmx2048m -Dfile.encoding=UTF-8 -Duser.country=CO -Duser.language=es -Duser.variant org.gradle.launcher.daemon.bootstrap.GradleDaemon 7.0.2

Host: Intel(R) Core(TM) i7-3520M CPU @ 2.90GHz, 4 cores, 7G,  Windows 10 , 64 bit Build 19041 (10.0.19041.1348)
Time: Sat Dec 11 19:32:42 2021 Hora est. Pacífico, Sudamérica elapsed time: 97.499990 seconds (0d 0h 1m 37s)

---------------  T H R E A D  ---------------

Current thread (0x000002007f019800):  VMThread "VM Thread" [stack: 0x000000d536700000,0x000000d536800000] [id=9908]

Stack: [0x000000d536700000,0x000000d536800000]
[error occurred during error reporting (printing stack bounds), id 0xc0000005, EXCEPTION_ACCESS_VIOLATION (0xc0000005) at pc=0x0000020000000f2d]

Native frames: (J=compiled Java code, j=interpreted, Vv=VM code, C=native code)
V  [jvm.dll+0x5ecfaa]
V  [jvm.dll+0x722bd5]
V  [jvm.dll+0x72412d]
V  [jvm.dll+0x724745]
V  [jvm.dll+0x7246fb]
V  [jvm.dll+0x5ec348]
V  [jvm.dll+0x5ecad8]
C  [ntdll.dll+0xa20cf]
C  [ntdll.dll+0x51454]
C  [ntdll.dll+0xa0bfe]
C  0x0000020000000f2d

VM_Operation (0x000000d539bf8050): G1CollectForAllocation, mode: safepoint, requested by thread 0x000002001c221000


---------------  P R O C E S S  ---------------

Threads class SMR info:
_java_thread_list=0x000002001a96b020, length=59, elements={
0x00000200784fb000, 0x000002007f01f800, 0x000002007f021000, 0x000002007f9f2800,
0x000002007f039800, 0x000002007f03a000, 0x000002007f047000, 0x000002007f04d800,
0x000002007f04f800, 0x000002007fb27000, 0x0000020015087000, 0x000002001635f000,
0x0000020015690800, 0x000002001667d800, 0x00000200162ae800, 0x0000020016af1800,
0x0000020016f04800, 0x0000020017fa1000, 0x0000020016bd7800, 0x0000020016bd8800,
0x0000020016bd9000, 0x0000020016bd6000, 0x0000020016bd7000, 0x0000020016bd3800,
0x0000020016bd5000, 0x0000020016bda000, 0x0000020016bd4800, 0x000002001746e800,
0x000002001746f000, 0x0000020017470000, 0x000002001746d800, 0x000002001746b000,
0x000002001746c000, 0x0000020017472800, 0x000002001746c800, 0x0000020017476800,
0x0000020017473800, 0x0000020017477800, 0x0000020017478000, 0x0000020017475000,
0x0000020017474000, 0x0000020017475800, 0x000002001c21f800, 0x000002001c21a800,
0x000002001c221000, 0x000002001c21e800, 0x000002001c21b800, 0x000002001c220000,
0x000002001c21c000, 0x000002001c227800, 0x000002001c223800, 0x000002001c226000,
0x000002001c21d800, 0x000002001c225000, 0x000002001c228800, 0x000002001c229000,
0x0000020017479000, 0x000002001c224000, 0x000002001e0e9800
}

Java Threads: ( => current thread )
  0x00000200784fb000 JavaThread "main" [_thread_blocked, id=4988, stack(0x000000d536100000,0x000000d536200000)]
  0x000002007f01f800 JavaThread "Reference Handler" daemon [_thread_blocked, id=11324, stack(0x000000d536800000,0x000000d536900000)]
  0x000002007f021000 JavaThread "Finalizer" daemon [_thread_blocked, id=6860, stack(0x000000d536900000,0x000000d536a00000)]
  0x000002007f9f2800 JavaThread "Signal Dispatcher" daemon [_thread_blocked, id=1540, stack(0x000000d536a00000,0x000000d536b00000)]
  0x000002007f039800 JavaThread "Attach Listener" daemon [_thread_blocked, id=7868, stack(0x000000d536b00000,0x000000d536c00000)]
  0x000002007f03a000 JavaThread "Service Thread" daemon [_thread_blocked, id=3040, stack(0x000000d536c00000,0x000000d536d00000)]
  0x000002007f047000 JavaThread "C2 CompilerThread0" daemon [_thread_blocked, id=11292, stack(0x000000d536d00000,0x000000d536e00000)]
  0x000002007f04d800 JavaThread "C1 CompilerThread0" daemon [_thread_blocked, id=1780, stack(0x000000d536e00000,0x000000d536f00000)]
  0x000002007f04f800 JavaThread "Sweeper thread" daemon [_thread_blocked, id=11112, stack(0x000000d536f00000,0x000000d537000000)]
  0x000002007fb27000 JavaThread "Common-Cleaner" daemon [_thread_blocked, id=10296, stack(0x000000d537000000,0x000000d537100000)]
  0x0000020015087000 JavaThread "Daemon health stats" [_thread_blocked, id=11576, stack(0x000000d537400000,0x000000d537500000)]
  0x000002001635f000 JavaThread "Incoming local TCP Connector on port 64495" [_thread_in_native, id=11404, stack(0x000000d537200000,0x000000d537300000)]
  0x0000020015690800 JavaThread "Daemon periodic checks" [_thread_blocked, id=11160, stack(0x000000d537500000,0x000000d537600000)]
  0x000002001667d800 JavaThread "Daemon" [_thread_blocked, id=7748, stack(0x000000d537600000,0x000000d537700000)]
  0x00000200162ae800 JavaThread "Handler for socket connection from /127.0.0.1:64495 to /127.0.0.1:64496" [_thread_in_native, id=11788, stack(0x000000d537700000,0x000000d537800000)]
  0x0000020016af1800 JavaThread "Cancel handler" [_thread_blocked, id=10340, stack(0x000000d537800000,0x000000d537900000)]
  0x0000020016f04800 JavaThread "Daemon worker" [_thread_blocked, id=4076, stack(0x000000d537900000,0x000000d537a00000)]
  0x0000020017fa1000 JavaThread "Asynchronous log dispatcher for DefaultDaemonConnection: socket connection from /127.0.0.1:64495 to /127.0.0.1:64496" [_thread_blocked, id=7500, stack(0x000000d537a00000,0x000000d537b00000)]
  0x0000020016bd7800 JavaThread "Daemon client event forwarder" [_thread_blocked, id=6316, stack(0x000000d537c00000,0x000000d537d00000)]
  0x0000020016bd8800 JavaThread "Cache worker for file hash cache (C:\Users\CARLOS_BUITRAGO\AndroidStudioProjects\MinTicKotlin\Sevilla_Sites\.gradle\caches\7.0.2\fileHashes)" [_thread_blocked, id=3596, stack(0x000000d537f00000,0x000000d538000000)]
  0x0000020016bd9000 JavaThread "File lock request listener" [_thread_in_native, id=11232, stack(0x000000d538000000,0x000000d538100000)]
  0x0000020016bd6000 JavaThread "Cache worker for journal cache (C:\Users\CARLOS_BUITRAGO\AndroidStudioProjects\MinTicKotlin\Sevilla_Sites\.gradle\caches\journal-1)" [_thread_blocked, id=608, stack(0x000000d538100000,0x000000d538200000)]
  0x0000020016bd7000 JavaThread "Cache worker for file hash cache (C:\Users\CARLOS_BUITRAGO\AndroidStudioProjects\MinTicKotlin\Proyecto\.gradle\7.0.2\fileHashes)" [_thread_blocked, id=1584, stack(0x000000d538200000,0x000000d538300000)]
  0x0000020016bd3800 JavaThread "File watcher server" daemon [_thread_blocked, id=256, stack(0x000000d538300000,0x000000d538400000)]
  0x0000020016bd5000 JavaThread "File watcher consumer" daemon [_thread_blocked, id=11664, stack(0x000000d538400000,0x000000d538500000)]
  0x0000020016bda000 JavaThread "Cache worker for checksums cache (C:\Users\CARLOS_BUITRAGO\AndroidStudioProjects\MinTicKotlin\Proyecto\.gradle\checksums)" [_thread_blocked, id=10568, stack(0x000000d538500000,0x000000d538600000)]
  0x0000020016bd4800 JavaThread "Cache worker for cache directory md-supplier (C:\Users\CARLOS_BUITRAGO\AndroidStudioProjects\MinTicKotlin\Sevilla_Sites\.gradle\caches\7.0.2\md-supplier)" [_thread_blocked, id=2912, stack(0x000000d538600000,0x000000d538700000)]
  0x000002001746e800 JavaThread "Cache worker for cache directory md-rule (C:\Users\CARLOS_BUITRAGO\AndroidStudioProjects\MinTicKotlin\Sevilla_Sites\.gradle\caches\7.0.2\md-rule)" [_thread_blocked, id=1852, stack(0x000000d538800000,0x000000d538900000)]
  0x000002001746f000 JavaThread "Cache worker for execution history cache (C:\Users\CARLOS_BUITRAGO\AndroidStudioProjects\MinTicKotlin\Sevilla_Sites\.gradle\caches\7.0.2\executionHistory)" [_thread_blocked, id=11568, stack(0x000000d538900000,0x000000d538a00000)]
  0x0000020017470000 JavaThread "jar transforms" [_thread_blocked, id=4600, stack(0x000000d538a00000,0x000000d538b00000)]
  0x000002001746d800 JavaThread "jar transforms Thread 2" [_thread_blocked, id=10204, stack(0x000000d538b00000,0x000000d538c00000)]
  0x000002001746b000 JavaThread "Cache worker for file content cache (C:\Users\CARLOS_BUITRAGO\AndroidStudioProjects\MinTicKotlin\Sevilla_Sites\.gradle\caches\7.0.2\fileContent)" [_thread_blocked, id=12092, stack(0x000000d538c00000,0x000000d538d00000)]
  0x000002001746c000 JavaThread "Cache worker for dependencies-accessors (C:\Users\CARLOS_BUITRAGO\AndroidStudioProjects\MinTicKotlin\Proyecto\.gradle\7.0.2\dependencies-accessors)" [_thread_blocked, id=10260, stack(0x000000d538d00000,0x000000d538e00000)]
  0x0000020017472800 JavaThread "jar transforms Thread 3" [_thread_blocked, id=7340, stack(0x000000d538e00000,0x000000d538f00000)]
  0x000002001746c800 JavaThread "Cache worker for Build Output Cleanup Cache (C:\Users\CARLOS_BUITRAGO\AndroidStudioProjects\MinTicKotlin\Proyecto\.gradle\buildOutputCleanup)" [_thread_blocked, id=4184, stack(0x000000d538f00000,0x000000d539000000)]
  0x0000020017476800 JavaThread "Build operations" [_thread_blocked, id=7844, stack(0x000000d538700000,0x000000d538800000)]
  0x0000020017473800 JavaThread "Build operations Thread 2" [_thread_blocked, id=10492, stack(0x000000d539000000,0x000000d539100000)]
  0x0000020017477800 JavaThread "Build operations Thread 3" [_thread_blocked, id=352, stack(0x000000d539100000,0x000000d539200000)]
  0x0000020017478000 JavaThread "Build operations Thread 4" [_thread_blocked, id=9352, stack(0x000000d539200000,0x000000d539300000)]
  0x0000020017475000 JavaThread "jar transforms Thread 4" [_thread_blocked, id=2952, stack(0x000000d539300000,0x000000d539400000)]
  0x0000020017474000 JavaThread "Memory manager" [_thread_blocked, id=2300, stack(0x000000d539500000,0x000000d539600000)]
  0x0000020017475800 JavaThread "build event listener" [_thread_blocked, id=8228, stack(0x000000d539400000,0x000000d539500000)]
  0x000002001c21f800 JavaThread "build event listener" [_thread_blocked, id=11724, stack(0x000000d539900000,0x000000d539a00000)]
  0x000002001c21a800 JavaThread "Execution worker for ':'" [_thread_blocked, id=5596, stack(0x000000d539a00000,0x000000d539b00000)]
  0x000002001c221000 JavaThread "Execution worker for ':' Thread 2" [_thread_blocked, id=11628, stack(0x000000d539b00000,0x000000d539c00000)]
  0x000002001c21e800 JavaThread "Execution worker for ':' Thread 3" [_thread_blocked, id=9200, stack(0x000000d539c00000,0x000000d539d00000)]
  0x000002001c21b800 JavaThread "Cache worker for execution history cache (C:\Users\CARLOS_BUITRAGO\AndroidStudioProjects\MinTicKotlin\Proyecto\.gradle\7.0.2\executionHistory)" [_thread_blocked, id=1008, stack(0x000000d539d00000,0x000000d539e00000)]
  0x000002001c220000 JavaThread "WorkerExecutor Queue" [_thread_blocked, id=10472, stack(0x000000d539e00000,0x000000d539f00000)]
  0x000002001c21c000 JavaThread "WorkerExecutor Queue Thread 2" [_thread_blocked, id=10512, stack(0x000000d539600000,0x000000d539700000)]
  0x000002001c227800 JavaThread "pool-3-thread-1" [_thread_blocked, id=12008, stack(0x000000d53a000000,0x000000d53a100000)]
  0x000002001c223800 JavaThread "stderr" [_thread_in_native, id=6208, stack(0x000000d53a100000,0x000000d53a200000)]
  0x000002001c226000 JavaThread "stdout" [_thread_in_native, id=796, stack(0x000000d53a200000,0x000000d53a300000)]
  0x000002001c21d800 JavaThread "RMI Scheduler(0)" daemon [_thread_blocked, id=804, stack(0x000000d535e00000,0x000000d535f00000)]
  0x000002001c225000 JavaThread "RMI GC Daemon" daemon [_thread_blocked, id=11764, stack(0x000000d536000000,0x000000d536100000)]
  0x000002001c228800 JavaThread "RMI TCP Accept-0" daemon [_thread_in_native, id=6392, stack(0x000000d537b00000,0x000000d537c00000)]
  0x000002001c229000 JavaThread "RMI Reaper" [_thread_blocked, id=1624, stack(0x000000d539f00000,0x000000d53a000000)]
  0x0000020017479000 JavaThread "RMI TCP Connection(1)-127.0.0.1" daemon [_thread_in_native, id=9340, stack(0x000000d53a300000,0x000000d53a400000)]
  0x000002001c224000 JavaThread "Cache worker for Java compile cache (C:\Users\CARLOS_BUITRAGO\AndroidStudioProjects\MinTicKotlin\Sevilla_Sites\.gradle\caches\7.0.2\javaCompile)" [_thread_blocked, id=7460, stack(0x000000d535f00000,0x000000d536000000)]
  0x000002001e0e9800 JavaThread "Cache worker for Java compile cache (C:\Users\CARLOS_BUITRAGO\AndroidStudioProjects\MinTicKotlin\Proyecto\.gradle\7.0.2\javaCompile)" [_thread_blocked, id=4976, stack(0x000000d53a400000,0x000000d53a500000)]

Other Threads:
=>0x000002007f019800 VMThread "VM Thread" [stack: 0x000000d536700000,0x000000d536800000] [id=9908]
  0x000002007fb3c000 WatcherThread [stack: 0x000000d537100000,0x000000d537200000] [id=872]
  0x0000020078515000 GCTaskThread "GC Thread#0" [stack: 0x000000d536200000,0x000000d536300000] [id=9608]
  0x0000020015132000 GCTaskThread "GC Thread#1" [stack: 0x000000d537300000,0x000000d537400000] [id=3012]
  0x0000020015ef3800 GCTaskThread "GC Thread#2" [stack: 0x000000d537d00000,0x000000d537e00000] [id=6824]
  0x0000020016cc4000 GCTaskThread "GC Thread#3" [stack: 0x000000d537e00000,0x000000d537f00000] [id=10252]
  0x0000020078547800 ConcurrentGCThread "G1 Main Marker" [stack: 0x000000d536300000,0x000000d536400000] [id=2960]
  0x0000020078549000 ConcurrentGCThread "G1 Conc#0" [stack: 0x000000d536400000,0x000000d536500000] [id=8336]
  0x00000200785c8800 ConcurrentGCThread "G1 Refine#0" [stack: 0x000000d536500000,0x000000d536600000] [id=5520]
  0x00000200785c9800 ConcurrentGCThread "G1 Young RemSet Sampling" [stack: 0x000000d536600000,0x000000d536700000] [id=6708]

Threads with active compile tasks:
C2 CompilerThread0  97662 13949       4       org.apache.xerces.dom.DeferredElementImpl::synchronizeData (96 bytes)

VM state:at safepoint (normal execution)

VM Mutex/Monitor currently owned by a thread:  ([mutex/lock_event])
[0x00000200784f9bf0] Threads_lock - owner thread: 0x000002007f019800
[0x00000200784f9c80] Heap_lock - owner thread: 0x000002001c221000

Heap address: 0x0000000080000000, size: 2048 MB, Compressed Oops mode: 32-bit
Narrow klass base: 0x0000000000000000, Narrow klass shift: 3
Compressed class space size: 1073741824 Address: 0x0000000100000000

Heap:
 garbage-first heap   total 393216K, used 186871K [0x0000000080000000, 0x0000000100000000)
  region size 1024K, 2 young (2048K), 2 survivors (2048K)
 Metaspace       used 110933K, capacity 113500K, committed 113536K, reserved 1148928K
  class space    used 14018K, capacity 14966K, committed 14976K, reserved 1048576K
Heap Regions: E=young(eden), S=young(survivor), O=old, HS=humongous(starts), HC=humongous(continues), CS=collection set, F=free, A=archive, TAMS=top-at-mark-start (previous, next)
|   0|0x0000000080000000, 0x0000000080100000, 0x0000000080100000|100%|HS|  |TAMS 0x0000000080100000, 0x0000000080100000| Complete 
|   1|0x0000000080100000, 0x0000000080200000, 0x0000000080200000|100%|HC|  |TAMS 0x0000000080200000, 0x0000000080200000| Complete 
|   2|0x0000000080200000, 0x0000000080300000, 0x0000000080300000|100%|HC|  |TAMS 0x0000000080300000, 0x0000000080300000| Complete 
|   3|0x0000000080300000, 0x0000000080400000, 0x0000000080400000|100%| O|  |TAMS 0x0000000080400000, 0x0000000080400000| Untracked 
|   4|0x0000000080400000, 0x0000000080500000, 0x0000000080500000|100%| O|  |TAMS 0x0000000080500000, 0x0000000080500000| Untracked 
|   5|0x0000000080500000, 0x0000000080600000, 0x0000000080600000|100%| O|  |TAMS 0x0000000080600000, 0x0000000080600000| Untracked 
|   6|0x0000000080600000, 0x0000000080700000, 0x0000000080700000|100%| O|  |TAMS 0x0000000080700000, 0x0000000080700000| Untracked 
|   7|0x0000000080700000, 0x0000000080800000, 0x0000000080800000|100%| O|  |TAMS 0x0000000080800000, 0x0000000080800000| Untracked 
|   8|0x0000000080800000, 0x0000000080900000, 0x0000000080900000|100%| O|  |TAMS 0x0000000080900000, 0x0000000080900000| Untracked 
|   9|0x0000000080900000, 0x0000000080a00000, 0x0000000080a00000|100%| O|  |TAMS 0x0000000080a00000, 0x0000000080a00000| Untracked 
|  10|0x0000000080a00000, 0x0000000080b00000, 0x0000000080b00000|100%| O|  |TAMS 0x0000000080b00000, 0x0000000080b00000| Untracked 
|  11|0x0000000080b00000, 0x0000000080c00000, 0x0000000080c00000|100%| O|  |TAMS 0x0000000080c00000, 0x0000000080c00000| Untracked 
|  12|0x0000000080c00000, 0x0000000080d00000, 0x0000000080d00000|100%| O|  |TAMS 0x0000000080d00000, 0x0000000080d00000| Untracked 
|  13|0x0000000080d00000, 0x0000000080e00000, 0x0000000080e00000|100%| O|  |TAMS 0x0000000080e00000, 0x0000000080e00000| Untracked 
|  14|0x0000000080e00000, 0x0000000080f00000, 0x0000000080f00000|100%| O|  |TAMS 0x0000000080f00000, 0x0000000080f00000| Untracked 
|  15|0x0000000080f00000, 0x0000000081000000, 0x0000000081000000|100%| O|  |TAMS 0x0000000081000000, 0x0000000081000000| Untracked 
|  16|0x0000000081000000, 0x0000000081100000, 0x0000000081100000|100%| O|  |TAMS 0x0000000081100000, 0x0000000081100000| Untracked 
|  17|0x0000000081100000, 0x0000000081200000, 0x0000000081200000|100%| O|  |TAMS 0x0000000081200000, 0x0000000081200000| Untracked 
|  18|0x0000000081200000, 0x0000000081300000, 0x0000000081300000|100%| O|  |TAMS 0x0000000081300000, 0x0000000081300000| Untracked 
|  19|0x0000000081300000, 0x0000000081400000, 0x0000000081400000|100%| O|  |TAMS 0x0000000081400000, 0x0000000081400000| Untracked 
|  20|0x0000000081400000, 0x0000000081500000, 0x0000000081500000|100%| O|  |TAMS 0x0000000081500000, 0x0000000081500000| Untracked 
|  21|0x0000000081500000, 0x0000000081600000, 0x0000000081600000|100%| O|  |TAMS 0x0000000081600000, 0x0000000081600000| Untracked 
|  22|0x0000000081600000, 0x0000000081700000, 0x0000000081700000|100%| O|  |TAMS 0x0000000081700000, 0x0000000081700000| Untracked 
|  23|0x0000000081700000, 0x0000000081800000, 0x0000000081800000|100%| O|  |TAMS 0x0000000081800000, 0x0000000081800000| Untracked 
|  24|0x0000000081800000, 0x0000000081900000, 0x0000000081900000|100%| O|  |TAMS 0x0000000081900000, 0x0000000081900000| Untracked 
|  25|0x0000000081900000, 0x0000000081a00000, 0x0000000081a00000|100%| O|  |TAMS 0x0000000081a00000, 0x0000000081a00000| Untracked 
|  26|0x0000000081a00000, 0x0000000081b00000, 0x0000000081b00000|100%| O|  |TAMS 0x0000000081b00000, 0x0000000081b00000| Untracked 
|  27|0x0000000081b00000, 0x0000000081c00000, 0x0000000081c00000|100%|HS|  |TAMS 0x0000000081c00000, 0x0000000081c00000| Complete 
|  28|0x0000000081c00000, 0x0000000081d00000, 0x0000000081d00000|100%|HS|  |TAMS 0x0000000081d00000, 0x0000000081d00000| Complete 
|  29|0x0000000081d00000, 0x0000000081e00000, 0x0000000081e00000|100%|HS|  |TAMS 0x0000000081e00000, 0x0000000081e00000| Complete 
|  30|0x0000000081e00000, 0x0000000081f00000, 0x0000000081f00000|100%|HS|  |TAMS 0x0000000081f00000, 0x0000000081f00000| Complete 
|  31|0x0000000081f00000, 0x0000000082000000, 0x0000000082000000|100%|HC|  |TAMS 0x0000000082000000, 0x0000000082000000| Complete 
|  32|0x0000000082000000, 0x0000000082100000, 0x0000000082100000|100%|HC|  |TAMS 0x0000000082100000, 0x0000000082100000| Complete 
|  33|0x0000000082100000, 0x0000000082200000, 0x0000000082200000|100%|HS|  |TAMS 0x0000000082200000, 0x0000000082200000| Complete 
|  34|0x0000000082200000, 0x0000000082300000, 0x0000000082300000|100%|HC|  |TAMS 0x0000000082300000, 0x0000000082300000| Complete 
|  35|0x0000000082300000, 0x0000000082400000, 0x0000000082400000|100%| O|  |TAMS 0x0000000082400000, 0x0000000082400000| Untracked 
|  36|0x0000000082400000, 0x0000000082500000, 0x0000000082500000|100%| O|  |TAMS 0x0000000082500000, 0x0000000082500000| Untracked 
|  37|0x0000000082500000, 0x0000000082600000, 0x0000000082600000|100%| O|  |TAMS 0x0000000082600000, 0x0000000082600000| Untracked 
|  38|0x0000000082600000, 0x0000000082700000, 0x0000000082700000|100%| O|  |TAMS 0x0000000082700000, 0x0000000082700000| Untracked 
|  39|0x0000000082700000, 0x0000000082800000, 0x0000000082800000|100%| O|  |TAMS 0x0000000082800000, 0x0000000082800000| Untracked 
|  40|0x0000000082800000, 0x0000000082900000, 0x0000000082900000|100%| O|  |TAMS 0x0000000082900000, 0x0000000082900000| Untracked 
|  41|0x0000000082900000, 0x0000000082a00000, 0x0000000082a00000|100%| O|  |TAMS 0x0000000082a00000, 0x0000000082a00000| Untracked 
|  42|0x0000000082a00000, 0x0000000082b00000, 0x0000000082b00000|100%| O|  |TAMS 0x0000000082b00000, 0x0000000082b00000| Untracked 
|  43|0x0000000082b00000, 0x0000000082c00000, 0x0000000082c00000|100%| O|  |TAMS 0x0000000082c00000, 0x0000000082c00000| Untracked 
|  44|0x0000000082c00000, 0x0000000082d00000, 0x0000000082d00000|100%| O|  |TAMS 0x0000000082d00000, 0x0000000082d00000| Untracked 
|  45|0x0000000082d00000, 0x0000000082e00000, 0x0000000082e00000|100%| O|  |TAMS 0x0000000082e00000, 0x0000000082e00000| Untracked 
|  46|0x0000000082e00000, 0x0000000082f00000, 0x0000000082f00000|100%| O|  |TAMS 0x0000000082f00000, 0x0000000082f00000| Untracked 
|  47|0x0000000082f00000, 0x0000000083000000, 0x0000000083000000|100%| O|  |TAMS 0x0000000083000000, 0x0000000083000000| Untracked 
|  48|0x0000000083000000, 0x0000000083100000, 0x0000000083100000|100%| O|  |TAMS 0x0000000083100000, 0x0000000083100000| Untracked 
|  49|0x0000000083100000, 0x0000000083200000, 0x0000000083200000|100%| O|  |TAMS 0x0000000083200000, 0x0000000083200000| Untracked 
|  50|0x0000000083200000, 0x0000000083300000, 0x0000000083300000|100%| O|  |TAMS 0x0000000083300000, 0x0000000083300000| Untracked 
|  51|0x0000000083300000, 0x0000000083400000, 0x0000000083400000|100%| O|  |TAMS 0x0000000083400000, 0x0000000083400000| Untracked 
|  52|0x0000000083400000, 0x0000000083500000, 0x0000000083500000|100%| O|  |TAMS 0x0000000083500000, 0x0000000083500000| Untracked 
|  53|0x0000000083500000, 0x0000000083600000, 0x0000000083600000|100%| O|  |TAMS 0x0000000083600000, 0x0000000083600000| Untracked 
|  54|0x0000000083600000, 0x0000000083700000, 0x0000000083700000|100%| O|  |TAMS 0x0000000083700000, 0x0000000083700000| Untracked 
|  55|0x0000000083700000, 0x0000000083800000, 0x0000000083800000|100%| O|  |TAMS 0x0000000083800000, 0x0000000083800000| Untracked 
|  56|0x0000000083800000, 0x0000000083900000, 0x0000000083900000|100%| O|  |TAMS 0x0000000083900000, 0x0000000083900000| Untracked 
|  57|0x0000000083900000, 0x0000000083a00000, 0x0000000083a00000|100%| O|  |TAMS 0x0000000083a00000, 0x0000000083a00000| Untracked 
|  58|0x0000000083a00000, 0x0000000083b00000, 0x0000000083b00000|100%| O|  |TAMS 0x0000000083b00000, 0x0000000083b00000| Untracked 
|  59|0x0000000083b00000, 0x0000000083c00000, 0x0000000083c00000|100%| O|  |TAMS 0x0000000083c00000, 0x0000000083c00000| Untracked 
|  60|0x0000000083c00000, 0x0000000083d00000, 0x0000000083d00000|100%| O|  |TAMS 0x0000000083d00000, 0x0000000083d00000| Untracked 
|  61|0x0000000083d00000, 0x0000000083e00000, 0x0000000083e00000|100%| O|  |TAMS 0x0000000083e00000, 0x0000000083e00000| Untracked 
|  62|0x0000000083e00000, 0x0000000083f00000, 0x0000000083f00000|100%| O|  |TAMS 0x0000000083f00000, 0x0000000083f00000| Untracked 
|  63|0x0000000083f00000, 0x0000000084000000, 0x0000000084000000|100%| O|  |TAMS 0x0000000084000000, 0x0000000084000000| Untracked 
|  64|0x0000000084000000, 0x0000000084100000, 0x0000000084100000|100%| O|  |TAMS 0x0000000084100000, 0x0000000084100000| Untracked 
|  65|0x0000000084100000, 0x0000000084200000, 0x0000000084200000|100%| O|  |TAMS 0x0000000084200000, 0x0000000084200000| Untracked 
|  66|0x0000000084200000, 0x0000000084300000, 0x0000000084300000|100%| O|  |TAMS 0x0000000084300000, 0x0000000084300000| Untracked 
|  67|0x0000000084300000, 0x0000000084400000, 0x0000000084400000|100%| O|  |TAMS 0x0000000084400000, 0x0000000084400000| Untracked 
|  68|0x0000000084400000, 0x0000000084500000, 0x0000000084500000|100%| O|  |TAMS 0x0000000084500000, 0x0000000084500000| Untracked 
|  69|0x0000000084500000, 0x0000000084600000, 0x0000000084600000|100%| O|  |TAMS 0x0000000084600000, 0x0000000084600000| Untracked 
|  70|0x0000000084600000, 0x0000000084700000, 0x0000000084700000|100%| O|  |TAMS 0x0000000084700000, 0x0000000084700000| Untracked 
|  71|0x0000000084700000, 0x0000000084800000, 0x0000000084800000|100%| O|  |TAMS 0x0000000084800000, 0x0000000084800000| Untracked 
|  72|0x0000000084800000, 0x0000000084900000, 0x0000000084900000|100%| O|  |TAMS 0x0000000084900000, 0x0000000084900000| Untracked 
|  73|0x0000000084900000, 0x0000000084a00000, 0x0000000084a00000|100%| O|  |TAMS 0x0000000084a00000, 0x0000000084a00000| Untracked 
|  74|0x0000000084a00000, 0x0000000084b00000, 0x0000000084b00000|100%| O|  |TAMS 0x0000000084b00000, 0x0000000084b00000| Untracked 
|  75|0x0000000084b00000, 0x0000000084c00000, 0x0000000084c00000|100%| O|  |TAMS 0x0000000084c00000, 0x0000000084c00000| Untracked 
|  76|0x0000000084c00000, 0x0000000084d00000, 0x0000000084d00000|100%| O|  |TAMS 0x0000000084d00000, 0x0000000084d00000| Untracked 
|  77|0x0000000084d00000, 0x0000000084e00000, 0x0000000084e00000|100%| O|  |TAMS 0x0000000084e00000, 0x0000000084e00000| Untracked 
|  78|0x0000000084e00000, 0x0000000084f00000, 0x0000000084f00000|100%| O|  |TAMS 0x0000000084f00000, 0x0000000084f00000| Untracked 
|  79|0x0000000084f00000, 0x0000000085000000, 0x0000000085000000|100%| O|  |TAMS 0x0000000085000000, 0x0000000085000000| Untracked 
|  80|0x0000000085000000, 0x0000000085100000, 0x0000000085100000|100%| O|  |TAMS 0x0000000085100000, 0x0000000085100000| Untracked 
|  81|0x0000000085100000, 0x0000000085200000, 0x0000000085200000|100%| O|  |TAMS 0x0000000085200000, 0x0000000085200000| Untracked 
|  82|0x0000000085200000, 0x0000000085300000, 0x0000000085300000|100%| O|  |TAMS 0x0000000085300000, 0x0000000085300000| Untracked 
|  83|0x0000000085300000, 0x0000000085400000, 0x0000000085400000|100%| O|  |TAMS 0x0000000085400000, 0x0000000085400000| Untracked 
|  84|0x0000000085400000, 0x0000000085500000, 0x0000000085500000|100%| O|  |TAMS 0x0000000085500000, 0x0000000085500000| Untracked 
|  85|0x0000000085500000, 0x0000000085600000, 0x0000000085600000|100%| O|  |TAMS 0x0000000085600000, 0x0000000085600000| Untracked 
|  86|0x0000000085600000, 0x0000000085700000, 0x0000000085700000|100%| O|  |TAMS 0x0000000085700000, 0x0000000085700000| Untracked 
|  87|0x0000000085700000, 0x0000000085800000, 0x0000000085800000|100%| O|  |TAMS 0x0000000085800000, 0x0000000085800000| Untracked 
|  88|0x0000000085800000, 0x0000000085900000, 0x0000000085900000|100%| O|  |TAMS 0x0000000085900000, 0x0000000085900000| Untracked 
|  89|0x0000000085900000, 0x0000000085a00000, 0x0000000085a00000|100%| O|  |TAMS 0x0000000085a00000, 0x0000000085a00000| Untracked 
|  90|0x0000000085a00000, 0x0000000085b00000, 0x0000000085b00000|100%| O|  |TAMS 0x0000000085b00000, 0x0000000085b00000| Untracked 
|  91|0x0000000085b00000, 0x0000000085c00000, 0x0000000085c00000|100%| O|  |TAMS 0x0000000085c00000, 0x0000000085c00000| Untracked 
|  92|0x0000000085c00000, 0x0000000085d00000, 0x0000000085d00000|100%| O|  |TAMS 0x0000000085d00000, 0x0000000085d00000| Untracked 
|  93|0x0000000085d00000, 0x0000000085e00000, 0x0000000085e00000|100%| O|  |TAMS 0x0000000085e00000, 0x0000000085e00000| Untracked 
|  94|0x0000000085e00000, 0x0000000085f00000, 0x0000000085f00000|100%| O|  |TAMS 0x0000000085f00000, 0x0000000085f00000| Untracked 
|  95|0x0000000085f00000, 0x0000000086000000, 0x0000000086000000|100%| O|  |TAMS 0x0000000086000000, 0x0000000086000000| Untracked 
|  96|0x0000000086000000, 0x0000000086100000, 0x0000000086100000|100%| O|  |TAMS 0x0000000086100000, 0x0000000086100000| Untracked 
|  97|0x0000000086100000, 0x0000000086200000, 0x0000000086200000|100%| O|  |TAMS 0x0000000086200000, 0x0000000086200000| Untracked 
|  98|0x0000000086200000, 0x0000000086300000, 0x0000000086300000|100%| O|  |TAMS 0x0000000086300000, 0x0000000086300000| Untracked 
|  99|0x0000000086300000, 0x0000000086400000, 0x0000000086400000|100%| O|  |TAMS 0x0000000086400000, 0x0000000086400000| Untracked 
| 100|0x0000000086400000, 0x0000000086500000, 0x0000000086500000|100%| O|  |TAMS 0x0000000086500000, 0x0000000086500000| Untracked 
| 101|0x0000000086500000, 0x0000000086600000, 0x0000000086600000|100%|HS|  |TAMS 0x0000000086600000, 0x0000000086600000| Complete 
| 102|0x0000000086600000, 0x0000000086700000, 0x0000000086700000|100%|HC|  |TAMS 0x0000000086700000, 0x0000000086700000| Complete 
| 103|0x0000000086700000, 0x0000000086800000, 0x0000000086800000|100%| O|  |TAMS 0x0000000086800000, 0x0000000086800000| Untracked 
| 104|0x0000000086800000, 0x0000000086900000, 0x0000000086900000|100%| O|  |TAMS 0x0000000086900000, 0x0000000086900000| Untracked 
| 105|0x0000000086900000, 0x0000000086a00000, 0x0000000086a00000|100%| O|  |TAMS 0x0000000086a00000, 0x0000000086a00000| Untracked 
| 106|0x0000000086a00000, 0x0000000086b00000, 0x0000000086b00000|100%| O|  |TAMS 0x0000000086b00000, 0x0000000086b00000| Untracked 
| 107|0x0000000086b00000, 0x0000000086c00000, 0x0000000086c00000|100%| O|  |TAMS 0x0000000086c00000, 0x0000000086c00000| Untracked 
| 108|0x0000000086c00000, 0x0000000086d00000, 0x0000000086d00000|100%| O|  |TAMS 0x0000000086d00000, 0x0000000086d00000| Untracked 
| 109|0x0000000086d00000, 0x0000000086e00000, 0x0000000086e00000|100%| O|  |TAMS 0x0000000086e00000, 0x0000000086e00000| Untracked 
| 110|0x0000000086e00000, 0x0000000086f00000, 0x0000000086f00000|100%| O|  |TAMS 0x0000000086f00000, 0x0000000086f00000| Untracked 
| 111|0x0000000086f00000, 0x0000000087000000, 0x0000000087000000|100%| O|  |TAMS 0x0000000087000000, 0x0000000087000000| Untracked 
| 112|0x0000000087000000, 0x0000000087100000, 0x0000000087100000|100%| O|  |TAMS 0x0000000087100000, 0x0000000087100000| Untracked 
| 113|0x0000000087100000, 0x0000000087200000, 0x0000000087200000|100%| O|  |TAMS 0x0000000087200000, 0x0000000087200000| Untracked 
| 114|0x0000000087200000, 0x0000000087300000, 0x0000000087300000|100%| O|  |TAMS 0x0000000087300000, 0x0000000087300000| Untracked 
| 115|0x0000000087300000, 0x0000000087400000, 0x0000000087400000|100%| O|  |TAMS 0x0000000087400000, 0x0000000087400000| Untracked 
| 116|0x0000000087400000, 0x0000000087500000, 0x0000000087500000|100%| O|  |TAMS 0x0000000087500000, 0x0000000087500000| Untracked 
| 117|0x0000000087500000, 0x0000000087600000, 0x0000000087600000|100%| O|  |TAMS 0x0000000087600000, 0x0000000087600000| Untracked 
| 118|0x0000000087600000, 0x0000000087700000, 0x0000000087700000|100%| O|  |TAMS 0x0000000087700000, 0x0000000087700000| Untracked 
| 119|0x0000000087700000, 0x0000000087800000, 0x0000000087800000|100%| O|  |TAMS 0x0000000087800000, 0x0000000087800000| Untracked 
| 120|0x0000000087800000, 0x0000000087900000, 0x0000000087900000|100%| O|  |TAMS 0x0000000087900000, 0x0000000087900000| Untracked 
| 121|0x0000000087900000, 0x0000000087a00000, 0x0000000087a00000|100%| O|  |TAMS 0x0000000087a00000, 0x0000000087a00000| Untracked 
| 122|0x0000000087a00000, 0x0000000087b00000, 0x0000000087b00000|100%| O|  |TAMS 0x0000000087b00000, 0x0000000087b00000| Untracked 
| 123|0x0000000087b00000, 0x0000000087c00000, 0x0000000087c00000|100%| O|  |TAMS 0x0000000087c00000, 0x0000000087c00000| Untracked 
| 124|0x0000000087c00000, 0x0000000087d00000, 0x0000000087d00000|100%| O|  |TAMS 0x0000000087d00000, 0x0000000087d00000| Untracked 
| 125|0x0000000087d00000, 0x0000000087e00000, 0x0000000087e00000|100%| O|  |TAMS 0x0000000087e00000, 0x0000000087e00000| Untracked 
| 126|0x0000000087e00000, 0x0000000087f00000, 0x0000000087f00000|100%| O|  |TAMS 0x0000000087f00000, 0x0000000087f00000| Untracked 
| 127|0x0000000087f00000, 0x0000000088000000, 0x0000000088000000|100%| O|  |TAMS 0x0000000088000000, 0x0000000088000000| Untracked 
| 128|0x0000000088000000, 0x0000000088100000, 0x0000000088100000|100%| O|  |TAMS 0x0000000088100000, 0x0000000088100000| Untracked 
| 129|0x0000000088100000, 0x0000000088200000, 0x0000000088200000|100%| O|  |TAMS 0x0000000088200000, 0x0000000088200000| Untracked 
| 130|0x0000000088200000, 0x0000000088300000, 0x0000000088300000|100%| O|  |TAMS 0x0000000088300000, 0x0000000088300000| Untracked 
| 131|0x0000000088300000, 0x0000000088400000, 0x0000000088400000|100%| O|  |TAMS 0x0000000088400000, 0x0000000088400000| Untracked 
| 132|0x0000000088400000, 0x0000000088500000, 0x0000000088500000|100%| O|  |TAMS 0x0000000088400000, 0x0000000088500000| Untracked 
| 133|0x0000000088500000, 0x0000000088600000, 0x0000000088600000|100%| O|  |TAMS 0x0000000088500000, 0x0000000088600000| Untracked 
| 134|0x0000000088600000, 0x0000000088700000, 0x0000000088700000|100%| O|  |TAMS 0x0000000088600000, 0x0000000088700000| Untracked 
| 135|0x0000000088700000, 0x0000000088800000, 0x0000000088800000|100%| O|  |TAMS 0x0000000088700000, 0x0000000088800000| Untracked 
| 136|0x0000000088800000, 0x0000000088900000, 0x0000000088900000|100%| O|  |TAMS 0x0000000088800000, 0x0000000088900000| Untracked 
| 137|0x0000000088900000, 0x0000000088a00000, 0x0000000088a00000|100%| O|  |TAMS 0x0000000088900000, 0x0000000088a00000| Untracked 
| 138|0x0000000088a00000, 0x0000000088b00000, 0x0000000088b00000|100%| O|  |TAMS 0x0000000088a00000, 0x0000000088b00000| Untracked 
| 139|0x0000000088b00000, 0x0000000088c00000, 0x0000000088c00000|100%| O|  |TAMS 0x0000000088b00000, 0x0000000088c00000| Untracked 
| 140|0x0000000088c00000, 0x0000000088d00000, 0x0000000088d00000|100%| O|  |TAMS 0x0000000088c00000, 0x0000000088d00000| Untracked 
| 141|0x0000000088d00000, 0x0000000088e00000, 0x0000000088e00000|100%| O|  |TAMS 0x0000000088d00000, 0x0000000088e00000| Untracked 
| 142|0x0000000088e00000, 0x0000000088f00000, 0x0000000088f00000|100%| O|  |TAMS 0x0000000088e00000, 0x0000000088f00000| Untracked 
| 143|0x0000000088f00000, 0x0000000089000000, 0x0000000089000000|100%| O|  |TAMS 0x0000000088f00000, 0x0000000089000000| Untracked 
| 144|0x0000000089000000, 0x0000000089100000, 0x0000000089100000|100%| O|  |TAMS 0x0000000089000000, 0x0000000089100000| Untracked 
| 145|0x0000000089100000, 0x0000000089200000, 0x0000000089200000|100%| O|  |TAMS 0x0000000089100000, 0x0000000089200000| Untracked 
| 146|0x0000000089200000, 0x0000000089300000, 0x0000000089300000|100%| O|  |TAMS 0x0000000089200000, 0x0000000089300000| Untracked 
| 147|0x0000000089300000, 0x0000000089400000, 0x0000000089400000|100%| O|  |TAMS 0x0000000089300000, 0x0000000089400000| Untracked 
| 148|0x0000000089400000, 0x0000000089500000, 0x0000000089500000|100%| O|  |TAMS 0x0000000089400000, 0x0000000089500000| Untracked 
| 149|0x0000000089500000, 0x0000000089600000, 0x0000000089600000|100%| O|  |TAMS 0x0000000089500000, 0x0000000089600000| Untracked 
| 150|0x0000000089600000, 0x0000000089700000, 0x0000000089700000|100%| O|  |TAMS 0x0000000089600000, 0x0000000089700000| Untracked 
| 151|0x0000000089700000, 0x0000000089800000, 0x0000000089800000|100%| O|  |TAMS 0x0000000089700000, 0x0000000089800000| Untracked 
| 152|0x0000000089800000, 0x0000000089900000, 0x0000000089900000|100%| O|  |TAMS 0x0000000089800000, 0x0000000089900000| Untracked 
| 153|0x0000000089900000, 0x0000000089a00000, 0x0000000089a00000|100%| O|  |TAMS 0x0000000089900000, 0x0000000089a00000| Untracked 
| 154|0x0000000089a00000, 0x0000000089b00000, 0x0000000089b00000|100%| O|  |TAMS 0x0000000089a00000, 0x0000000089b00000| Untracked 
| 155|0x0000000089b00000, 0x0000000089c00000, 0x0000000089c00000|100%| O|  |TAMS 0x0000000089b00000, 0x0000000089c00000| Untracked 
| 156|0x0000000089c00000, 0x0000000089c00000, 0x0000000089d00000|  0%| F|  |TAMS 0x0000000089c00000, 0x0000000089c00000| Untracked 
| 157|0x0000000089d00000, 0x0000000089d00000, 0x0000000089e00000|  0%| F|  |TAMS 0x0000000089d00000, 0x0000000089d00000| Untracked 
| 158|0x0000000089e00000, 0x0000000089e00000, 0x0000000089f00000|  0%| F|  |TAMS 0x0000000089e00000, 0x0000000089e00000| Untracked 
| 159|0x0000000089f00000, 0x0000000089f00000, 0x000000008a000000|  0%| F|  |TAMS 0x0000000089f00000, 0x0000000089f00000| Untracked 
| 160|0x000000008a000000, 0x000000008a000000, 0x000000008a100000|  0%| F|  |TAMS 0x000000008a000000, 0x000000008a000000| Untracked 
| 161|0x000000008a100000, 0x000000008a100000, 0x000000008a200000|  0%| F|  |TAMS 0x000000008a100000, 0x000000008a100000| Untracked 
| 162|0x000000008a200000, 0x000000008a200000, 0x000000008a300000|  0%| F|  |TAMS 0x000000008a200000, 0x000000008a200000| Untracked 
| 163|0x000000008a300000, 0x000000008a300000, 0x000000008a400000|  0%| F|  |TAMS 0x000000008a300000, 0x000000008a300000| Untracked 
| 164|0x000000008a400000, 0x000000008a400000, 0x000000008a500000|  0%| F|  |TAMS 0x000000008a400000, 0x000000008a400000| Untracked 
| 165|0x000000008a500000, 0x000000008a600000, 0x000000008a600000|100%| O|  |TAMS 0x000000008a500000, 0x000000008a600000| Untracked 
| 166|0x000000008a600000, 0x000000008a700000, 0x000000008a700000|100%| O|  |TAMS 0x000000008a600000, 0x000000008a700000| Untracked 
| 167|0x000000008a700000, 0x000000008a800000, 0x000000008a800000|100%| O|  |TAMS 0x000000008a700000, 0x000000008a800000| Untracked 
| 168|0x000000008a800000, 0x000000008a900000, 0x000000008a900000|100%| O|  |TAMS 0x000000008a800000, 0x000000008a900000| Untracked 
| 169|0x000000008a900000, 0x000000008aa00000, 0x000000008aa00000|100%| O|  |TAMS 0x000000008a900000, 0x000000008aa00000| Untracked 
| 170|0x000000008aa00000, 0x000000008ab00000, 0x000000008ab00000|100%| O|  |TAMS 0x000000008aa00000, 0x000000008ab00000| Untracked 
| 171|0x000000008ab00000, 0x000000008ac00000, 0x000000008ac00000|100%| O|  |TAMS 0x000000008ab00000, 0x000000008ac00000| Untracked 
| 172|0x000000008ac00000, 0x000000008ad00000, 0x000000008ad00000|100%| O|  |TAMS 0x000000008ac00000, 0x000000008ace9e00| Untracked 
| 173|0x000000008ad00000, 0x000000008ae00000, 0x000000008ae00000|100%| O|  |TAMS 0x000000008ad00000, 0x000000008ad00000| Untracked 
| 174|0x000000008ae00000, 0x000000008af00000, 0x000000008af00000|100%| O|  |TAMS 0x000000008ae00000, 0x000000008ae00000| Untracked 
| 175|0x000000008af00000, 0x000000008b000000, 0x000000008b000000|100%| O|  |TAMS 0x000000008af00000, 0x000000008af00000| Untracked 
| 176|0x000000008b000000, 0x000000008b100000, 0x000000008b100000|100%| O|  |TAMS 0x000000008b000000, 0x000000008b000000| Untracked 
| 177|0x000000008b100000, 0x000000008b200000, 0x000000008b200000|100%| O|  |TAMS 0x000000008b100000, 0x000000008b100000| Untracked 
| 178|0x000000008b200000, 0x000000008b300000, 0x000000008b300000|100%| O|  |TAMS 0x000000008b200000, 0x000000008b200000| Untracked 
| 179|0x000000008b300000, 0x000000008b400000, 0x000000008b400000|100%| O|  |TAMS 0x000000008b300000, 0x000000008b300000| Untracked 
| 180|0x000000008b400000, 0x000000008b500000, 0x000000008b500000|100%| O|  |TAMS 0x000000008b400000, 0x000000008b400000| Untracked 
| 181|0x000000008b500000, 0x000000008b600000, 0x000000008b600000|100%| O|  |TAMS 0x000000008b500000, 0x000000008b500000| Untracked 
| 182|0x000000008b600000, 0x000000008b700000, 0x000000008b700000|100%| O|  |TAMS 0x000000008b600000, 0x000000008b600000| Untracked 
| 183|0x000000008b700000, 0x000000008b800000, 0x000000008b800000|100%| O|  |TAMS 0x000000008b700000, 0x000000008b700000| Untracked 
| 184|0x000000008b800000, 0x000000008b900000, 0x000000008b900000|100%| S|CS|TAMS 0x000000008b800000, 0x000000008b800000| Complete 
| 185|0x000000008b900000, 0x000000008ba00000, 0x000000008ba00000|100%| S|CS|TAMS 0x000000008b900000, 0x000000008b900000| Complete 
| 186|0x000000008ba00000, 0x000000008bb00000, 0x000000008bb00000|100%| O|  |TAMS 0x000000008ba00000, 0x000000008ba00000| Untracked 
| 187|0x000000008bb00000, 0x000000008bc00000, 0x000000008bc00000|100%| O|  |TAMS 0x000000008bb00000, 0x000000008bb00000| Untracked 
| 188|0x000000008bc00000, 0x000000008bd00000, 0x000000008bd00000|100%| O|  |TAMS 0x000000008bc00000, 0x000000008bc00000| Untracked 
| 189|0x000000008bd00000, 0x000000008be00000, 0x000000008be00000|100%| O|  |TAMS 0x000000008bd00000, 0x000000008bd00000| Untracked 
| 190|0x000000008be00000, 0x000000008bf00000, 0x000000008bf00000|100%| O|  |TAMS 0x000000008be00000, 0x000000008be00000| Untracked 
| 191|0x000000008bf00000, 0x000000008bf7dc00, 0x000000008c000000| 49%| O|  |TAMS 0x000000008bf00000, 0x000000008bf00000| Untracked 

Card table byte_map: [0x000002007e1f0000,0x000002007e5f0000] _byte_map_base: 0x000002007ddf0000

Marking Bits (Prev, Next): (CMBitMap*) 0x000002007853eaf8, (CMBitMap*) 0x000002007853eb30
 Prev Bits: [0x000002000f000000, 0x0000020011000000)
 Next Bits: [0x0000020011000000, 0x0000020013000000)

Polling page: 0x00000200785e0000

Metaspace:

Usage:
  Non-class:     96.22 MB capacity,    94.64 MB ( 98%) used,     1.28 MB (  1%) free+waste,   304.63 KB ( <1%) overhead. 
      Class:     14.62 MB capacity,    13.69 MB ( 94%) used,   811.98 KB (  5%) free+waste,   135.13 KB ( <1%) overhead. 
       Both:    110.84 MB capacity,   108.33 MB ( 98%) used,     2.08 MB (  2%) free+waste,   439.75 KB ( <1%) overhead. 

Virtual space:
  Non-class space:       98.00 MB reserved,      96.25 MB ( 98%) committed 
      Class space:        1.00 GB reserved,      14.63 MB (  1%) committed 
             Both:        1.10 GB reserved,     110.88 MB ( 10%) committed 

Chunk freelists:
   Non-Class:  26.00 KB
       Class:  10.00 KB
        Both:  36.00 KB

MaxMetaspaceSize: 17179869184.00 GB
CompressedClassSpaceSize: 1.00 GB

CodeHeap 'non-profiled nmethods': size=120064Kb used=9572Kb max_used=9572Kb free=110491Kb
 bounds [0x0000020007ac0000, 0x0000020008420000, 0x000002000f000000]
CodeHeap 'profiled nmethods': size=120000Kb used=30813Kb max_used=30813Kb free=89187Kb
 bounds [0x0000020000590000, 0x00000200023b0000, 0x0000020007ac0000]
CodeHeap 'non-nmethods': size=5696Kb used=2344Kb max_used=2388Kb free=3352Kb
 bounds [0x0000020000000000, 0x0000020000270000, 0x0000020000590000]
 total_blobs=14878 nmethods=13908 adapters=881
 compilation: enabled
              stopped_count=0, restarted_count=0
 full_count=0

Compilation events (20 events):
Event: 97.398 Thread 0x000002007f04d800 13989       3       com.google.gson.internal.$Gson$Types::getRawType (157 bytes)
Event: 97.400 Thread 0x000002007f04d800 nmethod 13989 0x000002000239c310 code [0x000002000239c700, 0x000002000239e4c8]
Event: 97.400 Thread 0x000002007f04d800 13990   !   3       jdk.internal.reflect.GeneratedConstructorAccessor79::newInstance (49 bytes)
Event: 97.400 Thread 0x000002007f04d800 nmethod 13990 0x000002000239ec10 code [0x000002000239ee40, 0x000002000239f438]
Event: 97.400 Thread 0x000002007f04d800 13991       3       com.google.gson.internal.UnsafeAllocator::assertInstantiable (80 bytes)
Event: 97.402 Thread 0x000002007f04d800 nmethod 13991 0x000002000239f710 code [0x000002000239fa80, 0x00000200023a0dc8]
Event: 97.403 Thread 0x000002007f04d800 13992       3       com.google.gson.internal.bind.MapTypeAdapterFactory$Adapter::read (224 bytes)
Event: 97.405 Thread 0x000002007f04d800 nmethod 13992 0x00000200023a1490 code [0x00000200023a1960, 0x00000200023a3e58]
Event: 97.406 Thread 0x000002007f04d800 13994       3       android.databinding.tool.store.BindingAdapterStore$Companion$merge$1::accept (110 bytes)
Event: 97.407 Thread 0x000002007f04d800 nmethod 13994 0x00000200023a4910 code [0x00000200023a4bc0, 0x00000200023a57c8]
Event: 97.407 Thread 0x000002007f04d800 13995       3       android.databinding.tool.store.SetterStore::access$700 (5 bytes)
Event: 97.407 Thread 0x000002007f04d800 nmethod 13995 0x00000200023a5d10 code [0x00000200023a5ec0, 0x00000200023a6028]
Event: 97.408 Thread 0x000002007f04d800 13996       3       android.databinding.tool.store.SetterStore::mergedHashCode (5 bytes)
Event: 97.408 Thread 0x000002007f04d800 nmethod 13996 0x00000200023a6110 code [0x00000200023a62c0, 0x00000200023a63c8]
Event: 97.409 Thread 0x000002007f04d800 13997       3       java.io.FilterInputStream::read (8 bytes)
Event: 97.409 Thread 0x000002007f04d800 nmethod 13997 0x00000200023a6490 code [0x00000200023a6640, 0x00000200023a6808]
Event: 97.409 Thread 0x000002007f04d800 13998       2       org.apache.xerces.util.XMLStringBuffer::clear (11 bytes)
Event: 97.409 Thread 0x000002007f04d800 nmethod 13998 0x00000200023a6910 code [0x00000200023a6ac0, 0x00000200023a6bb8]
Event: 97.409 Thread 0x000002007f04d800 13999       3       java.util.zip.InflaterInputStream::read (32 bytes)
Event: 97.410 Thread 0x000002007f04d800 nmethod 13999 0x00000200023a6c90 code [0x00000200023a6e80, 0x00000200023a72b8]

GC Heap History (20 events):
Event: 96.468 GC heap after
{Heap after GC invocations=59 (full 0):
 garbage-first heap   total 168960K, used 131707K [0x0000000080000000, 0x0000000100000000)
  region size 1024K, 4 young (4096K), 4 survivors (4096K)
 Metaspace       used 109649K, capacity 112175K, committed 112512K, reserved 1146880K
  class space    used 13903K, capacity 14849K, committed 14976K, reserved 1048576K
}
Event: 96.513 GC heap before
{Heap before GC invocations=59 (full 0):
 garbage-first heap   total 168960K, used 139899K [0x0000000080000000, 0x0000000100000000)
  region size 1024K, 12 young (12288K), 4 survivors (4096K)
 Metaspace       used 109652K, capacity 112239K, committed 112512K, reserved 1146880K
  class space    used 13903K, capacity 14849K, committed 14976K, reserved 1048576K
}
Event: 96.522 GC heap after
{Heap after GC invocations=60 (full 0):
 garbage-first heap   total 168960K, used 138240K [0x0000000080000000, 0x0000000100000000)
  region size 1024K, 2 young (2048K), 2 survivors (2048K)
 Metaspace       used 109652K, capacity 112239K, committed 112512K, reserved 1146880K
  class space    used 13903K, capacity 14849K, committed 14976K, reserved 1048576K
}
Event: 96.556 GC heap before
{Heap before GC invocations=60 (full 0):
 garbage-first heap   total 168960K, used 144384K [0x0000000080000000, 0x0000000100000000)
  region size 1024K, 8 young (8192K), 2 survivors (2048K)
 Metaspace       used 109652K, capacity 112239K, committed 112512K, reserved 1146880K
  class space    used 13903K, capacity 14849K, committed 14976K, reserved 1048576K
}
Event: 96.563 GC heap after
{Heap after GC invocations=61 (full 0):
 garbage-first heap   total 168960K, used 143360K [0x0000000080000000, 0x0000000100000000)
  region size 1024K, 1 young (1024K), 1 survivors (1024K)
 Metaspace       used 109652K, capacity 112239K, committed 112512K, reserved 1146880K
  class space    used 13903K, capacity 14849K, committed 14976K, reserved 1048576K
}
Event: 96.592 GC heap before
{Heap before GC invocations=61 (full 0):
 garbage-first heap   total 168960K, used 150528K [0x0000000080000000, 0x0000000100000000)
  region size 1024K, 8 young (8192K), 1 survivors (1024K)
 Metaspace       used 109652K, capacity 112239K, committed 112512K, reserved 1146880K
  class space    used 13903K, capacity 14849K, committed 14976K, reserved 1048576K
}
Event: 96.600 GC heap after
{Heap after GC invocations=62 (full 0):
 garbage-first heap   total 168960K, used 148777K [0x0000000080000000, 0x0000000100000000)
  region size 1024K, 1 young (1024K), 1 survivors (1024K)
 Metaspace       used 109652K, capacity 112239K, committed 112512K, reserved 1146880K
  class space    used 13903K, capacity 14849K, committed 14976K, reserved 1048576K
}
Event: 96.958 GC heap before
{Heap before GC invocations=62 (full 0):
 garbage-first heap   total 168960K, used 154921K [0x0000000080000000, 0x0000000100000000)
  region size 1024K, 8 young (8192K), 1 survivors (1024K)
 Metaspace       used 110757K, capacity 113334K, committed 113536K, reserved 1148928K
  class space    used 14009K, capacity 14956K, committed 14976K, reserved 1048576K
}
Event: 96.963 GC heap after
{Heap after GC invocations=63 (full 0):
 garbage-first heap   total 168960K, used 150165K [0x0000000080000000, 0x0000000100000000)
  region size 1024K, 1 young (1024K), 1 survivors (1024K)
 Metaspace       used 110757K, capacity 113334K, committed 113536K, reserved 1148928K
  class space    used 14009K, capacity 14956K, committed 14976K, reserved 1048576K
}
Event: 97.119 GC heap before
{Heap before GC invocations=64 (full 0):
 garbage-first heap   total 168960K, used 157333K [0x0000000080000000, 0x0000000100000000)
  region size 1024K, 8 young (8192K), 1 survivors (1024K)
 Metaspace       used 110898K, capacity 113488K, committed 113536K, reserved 1148928K
  class space    used 14017K, capacity 14964K, committed 14976K, reserved 1048576K
}
Event: 97.129 GC heap after
{Heap after GC invocations=65 (full 0):
 garbage-first heap   total 168960K, used 155640K [0x0000000080000000, 0x0000000100000000)
  region size 1024K, 1 young (1024K), 1 survivors (1024K)
 Metaspace       used 110898K, capacity 113488K, committed 113536K, reserved 1148928K
  class space    used 14017K, capacity 14964K, committed 14976K, reserved 1048576K
}
Event: 97.176 GC heap before
{Heap before GC invocations=65 (full 0):
 garbage-first heap   total 168960K, used 162808K [0x0000000080000000, 0x0000000100000000)
  region size 1024K, 8 young (8192K), 1 survivors (1024K)
 Metaspace       used 110906K, capacity 113500K, committed 113536K, reserved 1148928K
  class space    used 14018K, capacity 14966K, committed 14976K, reserved 1048576K
}
Event: 97.187 GC heap after
{Heap after GC invocations=66 (full 0):
 garbage-first heap   total 172032K, used 162410K [0x0000000080000000, 0x0000000100000000)
  region size 1024K, 1 young (1024K), 1 survivors (1024K)
 Metaspace       used 110906K, capacity 113500K, committed 113536K, reserved 1148928K
  class space    used 14018K, capacity 14966K, committed 14976K, reserved 1048576K
}
Event: 97.212 GC heap before
{Heap before GC invocations=66 (full 0):
 garbage-first heap   total 172032K, used 169578K [0x0000000080000000, 0x0000000100000000)
  region size 1024K, 8 young (8192K), 1 survivors (1024K)
 Metaspace       used 110906K, capacity 113500K, committed 113536K, reserved 1148928K
  class space    used 14018K, capacity 14966K, committed 14976K, reserved 1048576K
}
Event: 97.228 GC heap after
{Heap after GC invocations=67 (full 0):
 garbage-first heap   total 177152K, used 168871K [0x0000000080000000, 0x0000000100000000)
  region size 1024K, 1 young (1024K), 1 survivors (1024K)
 Metaspace       used 110906K, capacity 113500K, committed 113536K, reserved 1148928K
  class space    used 14018K, capacity 14966K, committed 14976K, reserved 1048576K
}
Event: 97.254 GC heap before
{Heap before GC invocations=67 (full 0):
 garbage-first heap   total 177152K, used 176039K [0x0000000080000000, 0x0000000100000000)
  region size 1024K, 8 young (8192K), 1 survivors (1024K)
 Metaspace       used 110906K, capacity 113500K, committed 113536K, reserved 1148928K
  class space    used 14018K, capacity 14966K, committed 14976K, reserved 1048576K
}
Event: 97.295 GC heap after
{Heap after GC invocations=68 (full 0):
 garbage-first heap   total 183296K, used 174957K [0x0000000080000000, 0x0000000100000000)
  region size 1024K, 1 young (1024K), 1 survivors (1024K)
 Metaspace       used 110906K, capacity 113500K, committed 113536K, reserved 1148928K
  class space    used 14018K, capacity 14966K, committed 14976K, reserved 1048576K
}
Event: 97.328 GC heap before
{Heap before GC invocations=68 (full 0):
 garbage-first heap   total 183296K, used 182125K [0x0000000080000000, 0x0000000100000000)
  region size 1024K, 8 young (8192K), 1 survivors (1024K)
 Metaspace       used 110906K, capacity 113500K, committed 113536K, reserved 1148928K
  class space    used 14018K, capacity 14966K, committed 14976K, reserved 1048576K
}
Event: 97.364 GC heap after
{Heap after GC invocations=69 (full 0):
 garbage-first heap   total 188416K, used 179997K [0x0000000080000000, 0x0000000100000000)
  region size 1024K, 1 young (1024K), 1 survivors (1024K)
 Metaspace       used 110906K, capacity 113500K, committed 113536K, reserved 1148928K
  class space    used 14018K, capacity 14966K, committed 14976K, reserved 1048576K
}
Event: 97.435 GC heap before
{Heap before GC invocations=69 (full 0):
 garbage-first heap   total 188416K, used 188189K [0x0000000080000000, 0x0000000100000000)
  region size 1024K, 9 young (9216K), 1 survivors (1024K)
 Metaspace       used 110933K, capacity 113500K, committed 113536K, reserved 1148928K
  class space    used 14018K, capacity 14966K, committed 14976K, reserved 1048576K
}

Deoptimization events (20 events):
Event: 97.090 Thread 0x000002001c221000 DEOPT PACKING pc=0x00000200084024d0 sp=0x000000d539bf8810
Event: 97.090 Thread 0x000002001c221000 DEOPT UNPACKING pc=0x000002000002782f sp=0x000000d539bf87d8 mode 2
Event: 97.090 Thread 0x000002001c221000 Uncommon trap: trap_request=0xffffffde fr.pc=0x00000200083eff68 relative=0x0000000000003268
Event: 97.090 Thread 0x000002001c221000 Uncommon trap: reason=class_check action=maybe_recompile pc=0x00000200083eff68 method=org.apache.xerces.impl.XMLDocumentFragmentScannerImpl.scanStartElement()Z @ 309 c2
Event: 97.090 Thread 0x000002001c221000 DEOPT PACKING pc=0x00000200083eff68 sp=0x000000d539bf8880
Event: 97.090 Thread 0x000002001c221000 DEOPT UNPACKING pc=0x000002000002782f sp=0x000000d539bf8868 mode 2
Event: 97.198 Thread 0x000002001c221000 Uncommon trap: trap_request=0xffffff4d fr.pc=0x00000200083f3998 relative=0x0000000000000458
Event: 97.198 Thread 0x000002001c221000 Uncommon trap: reason=unstable_if action=reinterpret pc=0x00000200083f3998 method=org.apache.xerces.dom.ParentNode.nodeListItem(I)Lorg/w3c/dom/Node; @ 4 c2
Event: 97.198 Thread 0x000002001c221000 DEOPT PACKING pc=0x00000200083f3998 sp=0x000000d539bf8cf0
Event: 97.198 Thread 0x000002001c221000 DEOPT UNPACKING pc=0x000002000002782f sp=0x000000d539bf8c98 mode 2
Event: 97.366 Thread 0x000002001c221000 Uncommon trap: trap_request=0xffffff4d fr.pc=0x00000200084179f0 relative=0x0000000000000990
Event: 97.366 Thread 0x000002001c221000 Uncommon trap: reason=unstable_if action=reinterpret pc=0x00000200084179f0 method=org.apache.xerces.dom.DeferredDocumentImpl.getPrevSibling(IZ)I @ 52 c2
Event: 97.366 Thread 0x000002001c221000 DEOPT PACKING pc=0x00000200084179f0 sp=0x000000d539bf8c60
Event: 97.366 Thread 0x000002001c221000 DEOPT UNPACKING pc=0x000002000002782f sp=0x000000d539bf8b28 mode 2
Event: 97.409 Thread 0x000002001c221000 Uncommon trap: trap_request=0xffffffde fr.pc=0x00000200083eff68 relative=0x0000000000003268
Event: 97.409 Thread 0x000002001c221000 Uncommon trap: reason=class_check action=maybe_recompile pc=0x00000200083eff68 method=org.apache.xerces.impl.XMLDocumentFragmentScannerImpl.scanStartElement()Z @ 309 c2
Event: 97.410 Thread 0x000002001c221000 DEOPT PACKING pc=0x00000200083eff68 sp=0x000000d539bf88e0
Event: 97.410 Thread 0x000002001c221000 DEOPT UNPACKING pc=0x000002000002782f sp=0x000000d539bf88c8 mode 2
Event: 97.411 Thread 0x000002001c221000 DEOPT PACKING pc=0x000002000230a5a0 sp=0x000000d539bf8a00
Event: 97.411 Thread 0x000002001c221000 DEOPT UNPACKING pc=0x000002000002764e sp=0x000000d539bf7fc8 mode 0

Classes redefined (0 events):
No events

Internal exceptions (20 events):
Event: 96.826 Thread 0x000002001c221000 Exception <a 'sun/nio/fs/WindowsException'{0x000000008a039eb0}> (0x000000008a039eb0) thrown at [./src/hotspot/share/prims/jni.cpp, line 615]
Event: 96.826 Thread 0x000002001c221000 Exception <a 'sun/nio/fs/WindowsException'{0x000000008a03a048}> (0x000000008a03a048) thrown at [./src/hotspot/share/prims/jni.cpp, line 615]
Event: 96.952 Thread 0x000002001c221000 Exception <a 'sun/nio/fs/WindowsException'{0x0000000089e29468}> (0x0000000089e29468) thrown at [./src/hotspot/share/prims/jni.cpp, line 615]
Event: 96.952 Thread 0x000002001c221000 Exception <a 'sun/nio/fs/WindowsException'{0x0000000089e295e0}> (0x0000000089e295e0) thrown at [./src/hotspot/share/prims/jni.cpp, line 615]
Event: 96.953 Thread 0x000002001c221000 Exception <a 'sun/nio/fs/WindowsException'{0x0000000089e2c0a0}> (0x0000000089e2c0a0) thrown at [./src/hotspot/share/prims/jni.cpp, line 615]
Event: 96.953 Thread 0x000002001c221000 Exception <a 'sun/nio/fs/WindowsException'{0x0000000089e2c230}> (0x0000000089e2c230) thrown at [./src/hotspot/share/prims/jni.cpp, line 615]
Event: 96.957 Thread 0x000002001c221000 Exception <a 'sun/nio/fs/WindowsException'{0x0000000089ed3e08}> (0x0000000089ed3e08) thrown at [./src/hotspot/share/prims/jni.cpp, line 615]
Event: 96.957 Thread 0x000002001c221000 Exception <a 'sun/nio/fs/WindowsException'{0x0000000089ed3f80}> (0x0000000089ed3f80) thrown at [./src/hotspot/share/prims/jni.cpp, line 615]
Event: 96.958 Thread 0x000002001c221000 Exception <a 'sun/nio/fs/WindowsException'{0x0000000089ed6a40}> (0x0000000089ed6a40) thrown at [./src/hotspot/share/prims/jni.cpp, line 615]
Event: 96.958 Thread 0x000002001c221000 Exception <a 'sun/nio/fs/WindowsException'{0x0000000089ed6bd0}> (0x0000000089ed6bd0) thrown at [./src/hotspot/share/prims/jni.cpp, line 615]
Event: 96.979 Thread 0x000002001c221000 Exception <a 'sun/nio/fs/WindowsException'{0x000000008a4e59d0}> (0x000000008a4e59d0) thrown at [./src/hotspot/share/prims/jni.cpp, line 615]
Event: 96.979 Thread 0x000002001c221000 Exception <a 'sun/nio/fs/WindowsException'{0x000000008a4e5b38}> (0x000000008a4e5b38) thrown at [./src/hotspot/share/prims/jni.cpp, line 615]
Event: 96.979 Thread 0x000002001c221000 Exception <a 'sun/nio/fs/WindowsException'{0x000000008a4e85c0}> (0x000000008a4e85c0) thrown at [./src/hotspot/share/prims/jni.cpp, line 615]
Event: 96.979 Thread 0x000002001c221000 Exception <a 'sun/nio/fs/WindowsException'{0x000000008a4e8740}> (0x000000008a4e8740) thrown at [./src/hotspot/share/prims/jni.cpp, line 615]
Event: 96.985 Thread 0x000002001c221000 Exception <a 'sun/nio/fs/WindowsException'{0x000000008a3683d8}> (0x000000008a3683d8) thrown at [./src/hotspot/share/prims/jni.cpp, line 615]
Event: 96.985 Thread 0x000002001c221000 Exception <a 'sun/nio/fs/WindowsException'{0x000000008a368550}> (0x000000008a368550) thrown at [./src/hotspot/share/prims/jni.cpp, line 615]
Event: 96.986 Thread 0x000002001c221000 Exception <a 'sun/nio/fs/WindowsException'{0x000000008a36b250}> (0x000000008a36b250) thrown at [./src/hotspot/share/prims/jni.cpp, line 615]
Event: 96.986 Thread 0x000002001c221000 Exception <a 'sun/nio/fs/WindowsException'{0x000000008a36b3d8}> (0x000000008a36b3d8) thrown at [./src/hotspot/share/prims/jni.cpp, line 615]
Event: 97.090 Thread 0x000002001c221000 Implicit null exception at 0x00000200083ff815 to 0x00000200084024ba
Event: 97.198 Thread 0x000002001c221000 Implicit null exception at 0x00000200083f3575 to 0x00000200083f397c

Events (20 events):
Event: 97.020 loading class com/sun/tools/javac/code/Attribute done
Event: 97.020 loading class com/sun/tools/javac/code/TypeAnnotations
Event: 97.020 loading class com/sun/tools/javac/code/TypeAnnotations done
Event: 97.020 loading class com/sun/tools/javac/code/TypeAnnotations$AnnotationType
Event: 97.020 loading class com/sun/tools/javac/code/TypeAnnotations$AnnotationType done
Event: 97.020 loading class com/sun/tools/javac/code/TypeAnnotations$AnnotationType
Event: 97.020 loading class com/sun/tools/javac/code/TypeAnnotations$AnnotationType done
Event: 97.020 loading class com/sun/tools/javac/code/TypeAnnotations
Event: 97.020 loading class com/sun/tools/javac/code/TypeAnnotations done
Event: 97.119 Executing VM operation: G1CollectForAllocation
Event: 97.129 Executing VM operation: G1CollectForAllocation done
Event: 97.176 Executing VM operation: G1CollectForAllocation
Event: 97.187 Executing VM operation: G1CollectForAllocation done
Event: 97.212 Executing VM operation: G1CollectForAllocation
Event: 97.228 Executing VM operation: G1CollectForAllocation done
Event: 97.254 Executing VM operation: G1CollectForAllocation
Event: 97.295 Executing VM operation: G1CollectForAllocation done
Event: 97.328 Executing VM operation: G1CollectForAllocation
Event: 97.364 Executing VM operation: G1CollectForAllocation done
Event: 97.434 Executing VM operation: G1CollectForAllocation


Dynamic libraries:
0x00007ff6c6ae0000 - 0x00007ff6c6aea000 	C:\Program Files\Android\Android Studio\jre\bin\java.exe
0x00007ffda9490000 - 0x00007ffda9685000 	C:\WINDOWS\SYSTEM32\ntdll.dll
0x00007ffda84e0000 - 0x00007ffda859e000 	C:\WINDOWS\System32\KERNEL32.DLL
0x00007ffda6e50000 - 0x00007ffda7118000 	C:\WINDOWS\System32\KERNELBASE.dll
0x00007ffda7250000 - 0x00007ffda7350000 	C:\WINDOWS\System32\ucrtbase.dll
0x00007ffd9c5e0000 - 0x00007ffd9c5f9000 	C:\Program Files\Android\Android Studio\jre\bin\jli.dll
0x00007ffda9170000 - 0x00007ffda9311000 	C:\WINDOWS\System32\USER32.dll
0x00007ffd97a30000 - 0x00007ffd97cca000 	C:\WINDOWS\WinSxS\amd64_microsoft.windows.common-controls_6595b64144ccf1df_6.0.19041.1110_none_60b5254171f9507e\COMCTL32.dll
0x00007ffda6e20000 - 0x00007ffda6e42000 	C:\WINDOWS\System32\win32u.dll
0x00007ffda8cd0000 - 0x00007ffda8d6e000 	C:\WINDOWS\System32\msvcrt.dll
0x00007ffda8ca0000 - 0x00007ffda8ccb000 	C:\WINDOWS\System32\GDI32.dll
0x00007ffda6cc0000 - 0x00007ffda6dcb000 	C:\WINDOWS\System32\gdi32full.dll
0x00007ffda7120000 - 0x00007ffda71bd000 	C:\WINDOWS\System32\msvcp_win.dll
0x00007ffd9b780000 - 0x00007ffd9b797000 	C:\Program Files\Android\Android Studio\jre\bin\VCRUNTIME140.dll
0x00007ffda7560000 - 0x00007ffda7590000 	C:\WINDOWS\System32\IMM32.DLL
0x00007ffd80e00000 - 0x00007ffd80e9d000 	C:\Program Files\Android\Android Studio\jre\bin\msvcp140.dll
0x00007ffd6e060000 - 0x00007ffd6eb2f000 	C:\Program Files\Android\Android Studio\jre\bin\server\jvm.dll
0x00007ffda9020000 - 0x00007ffda90cc000 	C:\WINDOWS\System32\ADVAPI32.dll
0x00007ffda90d0000 - 0x00007ffda916b000 	C:\WINDOWS\System32\sechost.dll
0x00007ffda8d70000 - 0x00007ffda8e9a000 	C:\WINDOWS\System32\RPCRT4.dll
0x00007ffda8720000 - 0x00007ffda8728000 	C:\WINDOWS\System32\PSAPI.DLL
0x00007ffd92380000 - 0x00007ffd923a7000 	C:\WINDOWS\SYSTEM32\WINMM.dll
0x00007ffd934d0000 - 0x00007ffd934d9000 	C:\WINDOWS\SYSTEM32\WSOCK32.dll
0x00007ffd9a5e0000 - 0x00007ffd9a5ea000 	C:\WINDOWS\SYSTEM32\VERSION.dll
0x00007ffda9320000 - 0x00007ffda938b000 	C:\WINDOWS\System32\WS2_32.dll
0x00007ffda49a0000 - 0x00007ffda49b2000 	C:\WINDOWS\SYSTEM32\kernel.appcore.dll
0x00007ffd9d8f0000 - 0x00007ffd9d901000 	C:\Program Files\Android\Android Studio\jre\bin\verify.dll
0x00007ffd92920000 - 0x00007ffd92b04000 	C:\WINDOWS\SYSTEM32\DBGHELP.DLL
0x00007ffd92350000 - 0x00007ffd9237c000 	C:\WINDOWS\SYSTEM32\dbgcore.DLL
0x00007ffda71c0000 - 0x00007ffda7243000 	C:\WINDOWS\System32\bcryptPrimitives.dll
0x00007ffd9ac90000 - 0x00007ffd9acb9000 	C:\Program Files\Android\Android Studio\jre\bin\java.dll
0x00007ffda4040000 - 0x00007ffda404b000 	C:\Program Files\Android\Android Studio\jre\bin\jimage.dll
0x00007ffd9ad30000 - 0x00007ffd9ad48000 	C:\Program Files\Android\Android Studio\jre\bin\zip.dll
0x00007ffda7590000 - 0x00007ffda7ccf000 	C:\WINDOWS\System32\SHELL32.dll
0x00007ffda4cb0000 - 0x00007ffda5440000 	C:\WINDOWS\SYSTEM32\windows.storage.dll
0x00007ffda88e0000 - 0x00007ffda8c35000 	C:\WINDOWS\System32\combase.dll
0x00007ffda6600000 - 0x00007ffda662e000 	C:\WINDOWS\SYSTEM32\Wldp.dll
0x00007ffda7cd0000 - 0x00007ffda7d7d000 	C:\WINDOWS\System32\SHCORE.dll
0x00007ffda7e00000 - 0x00007ffda7e55000 	C:\WINDOWS\System32\shlwapi.dll
0x00007ffda6af0000 - 0x00007ffda6b0f000 	C:\WINDOWS\SYSTEM32\profapi.dll
0x00007ffd9ac70000 - 0x00007ffd9ac8a000 	C:\Program Files\Android\Android Studio\jre\bin\net.dll
0x00007ffda0920000 - 0x00007ffda0a2c000 	C:\WINDOWS\SYSTEM32\WINHTTP.dll
0x00007ffda6360000 - 0x00007ffda63ca000 	C:\WINDOWS\system32\mswsock.dll
0x00007ffd9ac50000 - 0x00007ffd9ac64000 	C:\Program Files\Android\Android Studio\jre\bin\nio.dll
0x00007ffd9a970000 - 0x00007ffd9a997000 	C:\Users\CARLOS_BUITRAGO\AndroidStudioProjects\MinTicKotlin\Sevilla_Sites\.gradle\native\8bec1ad78214c89d9ad589b4d07fe93259594b29d510b10fafb7a158f7737e5d\windows-amd64\native-platform.dll
0x00007ffd79ed0000 - 0x00007ffd7a00d000 	C:\Users\CARLOS_BUITRAGO\AndroidStudioProjects\MinTicKotlin\Sevilla_Sites\.gradle\native\53dbd7edfb1c66fb8903c78663c9afc45aea4f116125fa6feffd364cf09443e8\windows-amd64\native-platform-file-events.dll
0x00007ffda26e0000 - 0x00007ffda26ea000 	C:\Program Files\Android\Android Studio\jre\bin\management.dll
0x00007ffda1150000 - 0x00007ffda115c000 	C:\Program Files\Android\Android Studio\jre\bin\management_ext.dll
0x00007ffda6550000 - 0x00007ffda6568000 	C:\WINDOWS\SYSTEM32\CRYPTSP.dll
0x00007ffda5c70000 - 0x00007ffda5ca4000 	C:\WINDOWS\system32\rsaenh.dll
0x00007ffda74b0000 - 0x00007ffda74d7000 	C:\WINDOWS\System32\bcrypt.dll
0x00007ffda6a70000 - 0x00007ffda6a9e000 	C:\WINDOWS\SYSTEM32\USERENV.dll
0x00007ffda6570000 - 0x00007ffda657c000 	C:\WINDOWS\SYSTEM32\CRYPTBASE.dll
0x00007ffda6000000 - 0x00007ffda603b000 	C:\WINDOWS\SYSTEM32\IPHLPAPI.DLL
0x00007ffda8ea0000 - 0x00007ffda8ea8000 	C:\WINDOWS\System32\NSI.dll
0x00007ffd9f8f0000 - 0x00007ffd9f907000 	C:\WINDOWS\SYSTEM32\dhcpcsvc6.DLL
0x00007ffd9f8d0000 - 0x00007ffd9f8ed000 	C:\WINDOWS\SYSTEM32\dhcpcsvc.DLL
0x00007ffda6050000 - 0x00007ffda611b000 	C:\WINDOWS\SYSTEM32\DNSAPI.dll
0x00007ffda0060000 - 0x00007ffda007e000 	C:\Users\CARLOS_BUITRAGO\AppData\Local\Temp\native-platform10138362149005827687dir\native-platform.dll
0x00007ffd9fd20000 - 0x00007ffd9fd28000 	C:\Program Files\Android\Android Studio\jre\bin\rmi.dll
0x00007ffd92c00000 - 0x00007ffd92c17000 	C:\WINDOWS\system32\napinsp.dll
0x00007ffd92be0000 - 0x00007ffd92bfb000 	C:\WINDOWS\system32\pnrpnsp.dll
0x00007ffda0d10000 - 0x00007ffda0d25000 	C:\WINDOWS\system32\wshbth.dll
0x00007ffda24c0000 - 0x00007ffda24dd000 	C:\WINDOWS\system32\NLAapi.dll
0x00007ffd92b70000 - 0x00007ffd92b82000 	C:\WINDOWS\System32\winrnr.dll
0x00007ffd9e050000 - 0x00007ffd9e05a000 	C:\Windows\System32\rasadhlp.dll
0x00007ffd9e060000 - 0x00007ffd9e0df000 	C:\WINDOWS\System32\fwpuclnt.dll

dbghelp: loaded successfully - version: 4.0.5 - missing functions: none
symbol engine: initialized successfully - sym options: 0x614 - pdb path: .;C:\Program Files\Android\Android Studio\jre\bin;C:\WINDOWS\SYSTEM32;C:\WINDOWS\WinSxS\amd64_microsoft.windows.common-controls_6595b64144ccf1df_6.0.19041.1110_none_60b5254171f9507e;C:\Program Files\Android\Android Studio\jre\bin\server;C:\Users\CARLOS_BUITRAGO\AndroidStudioProjects\MinTicKotlin\Sevilla_Sites\.gradle\native\8bec1ad78214c89d9ad589b4d07fe93259594b29d510b10fafb7a158f7737e5d\windows-amd64;C:\Users\CARLOS_BUITRAGO\AndroidStudioProjects\MinTicKotlin\Sevilla_Sites\.gradle\native\53dbd7edfb1c66fb8903c78663c9afc45aea4f116125fa6feffd364cf09443e8\windows-amd64;C:\Users\CARLOS_BUITRAGO\AppData\Local\Temp\native-platform10138362149005827687dir

VM Arguments:
jvm_args: --add-opens=java.base/java.util=ALL-UNNAMED --add-opens=java.base/java.lang=ALL-UNNAMED --add-opens=java.base/java.lang.invoke=ALL-UNNAMED --add-opens=java.base/java.util=ALL-UNNAMED --add-opens=java.prefs/java.util.prefs=ALL-UNNAMED --add-opens=java.prefs/java.util.prefs=ALL-UNNAMED --add-opens=java.base/java.nio.charset=ALL-UNNAMED --add-opens=java.base/java.net=ALL-UNNAMED --add-opens=java.base/java.util.concurrent.atomic=ALL-UNNAMED -Xmx2048m -Dfile.encoding=UTF-8 -Duser.country=CO -Duser.language=es -Duser.variant 
java_command: org.gradle.launcher.daemon.bootstrap.GradleDaemon 7.0.2
java_class_path (initial): C:\Users\CARLOS_BUITRAGO\AndroidStudioProjects\MinTicKotlin\Sevilla_Sites\.gradle\wrapper\dists\gradle-7.0.2-bin\857tjihv64xamwrf0h14cai3r\gradle-7.0.2\lib\gradle-launcher-7.0.2.jar
Launcher Type: SUN_STANDARD

[Global flags]
     intx CICompilerCount                          = 3                                         {product} {ergonomic}
     uint ConcGCThreads                            = 1                                         {product} {ergonomic}
     uint G1ConcRefinementThreads                  = 4                                         {product} {ergonomic}
   size_t G1HeapRegionSize                         = 1048576                                   {product} {ergonomic}
    uintx GCDrainStackTargetSize                   = 64                                        {product} {ergonomic}
   size_t InitialHeapSize                          = 119537664                                 {product} {ergonomic}
   size_t MarkStackSize                            = 4194304                                   {product} {ergonomic}
   size_t MaxHeapSize                              = 2147483648                                {product} {command line}
   size_t MaxNewSize                               = 1287651328                                {product} {ergonomic}
   size_t MinHeapDeltaBytes                        = 1048576                                   {product} {ergonomic}
    uintx NonNMethodCodeHeapSize                   = 5830732                                {pd product} {ergonomic}
    uintx NonProfiledCodeHeapSize                  = 122913754                              {pd product} {ergonomic}
    uintx ProfiledCodeHeapSize                     = 122913754                              {pd product} {ergonomic}
    uintx ReservedCodeCacheSize                    = 251658240                              {pd product} {ergonomic}
     bool SegmentedCodeCache                       = true                                      {product} {ergonomic}
     bool UseCompressedClassPointers               = true                                 {lp64_product} {ergonomic}
     bool UseCompressedOops                        = true                                 {lp64_product} {ergonomic}
     bool UseG1GC                                  = true                                      {product} {ergonomic}
     bool UseLargePagesIndividualAllocation        = false                                  {pd product} {ergonomic}

Logging:
Log output configuration:
 #0: stdout all=warning uptime,level,tags
 #1: stderr all=off uptime,level,tags

Environment Variables:
PATH=C:\Program Files\Common Files\Oracle\Java\javapath;C:\ProgramData\Miniconda3\Scripts\;C:\ProgramData\Miniconda3\;C:\ProgramData\Miniconda3;C:\ProgramData\Miniconda3\Library\mingw-w64\bin;C:\ProgramData\Miniconda3\Library\usr\bin;C:\ProgramData\Miniconda3\Library\bin;C:\ProgramData\Miniconda3\Scripts;C:\Python39\Scripts\;C:\Python39\;C:\Windows\system32;C:\Windows;C:\Windows\System32\Wbem;C:\Windows\System32\WindowsPowerShell\v1.0\;C:\Program Files\PuTTY\;C:\Program Files (x86)\Microsoft VS Code\bin;C:\adb;C:\xampp\php;C:\composer;C:\WINDOWS\system32;C:\WINDOWS;C:\WINDOWS\System32\Wbem;C:\WINDOWS\System32\WindowsPowerShell\v1.0\;C:\WINDOWS\System32\OpenSSH\;C:\Program Files\apache-maven-3.6.3\bin;c:\page;C:\Program Files\Java\jdk1.8.0_291\bin;C:\ProgramData\chocolatey\bin;C:\Program Files\nodejs\;C:\Program Files\Git\cmd;C:\Program Files (x86)\Microsoft VS Code\bin;C:\Users\CARLOS_BUITRAGO\AppData\Roaming\Composer\vendor\bin;%PyCharm Community Edition%;C:\Program Files\MariaDB 10.5\bin;%IntelliJ IDEA Community Edition%;C:\Users\CARLOS_BUITRAGO\AppData\Local\Microsoft\WindowsApps;C:\Program Files\Java\jdk1.8.0_291\bin;C:\Program Files\JetBrains\IntelliJ IDEA Educational Edition 2021.1.3\bin;;C:\Program Files\apache-maven-3.8.2\bin;C:\Users\CARLOS_BUITRAGO\AppData\Roaming\npm;C:\Program Files\nodejs;C:\Program Files\heroku\bin;C:\Program Files\Java\jdk-11.0.13\bin;
USERNAME=CARLOS_BUITRAGO
OS=Windows_NT
PROCESSOR_IDENTIFIER=Intel64 Family 6 Model 58 Stepping 9, GenuineIntel



---------------  S Y S T E M  ---------------

OS: Windows 10 , 64 bit Build 19041 (10.0.19041.1348)
OS uptime: 0 days 10:14 hours

CPU:total 4 (initial active 4) (2 cores per cpu, 2 threads per core) family 6 model 58 stepping 9 microcode 0x21, cmov, cx8, fxsr, mmx, sse, sse2, sse3, ssse3, sse4.1, sse4.2, popcnt, avx, aes, clmul, erms, ht, tsc, tscinvbit, tscinv

Memory: 4k page, system-wide physical 7249M (133M free)
TotalPageFile size 7249M (AvailPageFile size 147M)
current process WorkingSet (physical memory assigned to process): 392M, peak: 435M
current process commit charge ("private bytes"): 508M, peak: 700M

vm_info: OpenJDK 64-Bit Server VM (11.0.10+0-b96-7249189) for windows-amd64 JRE (11.0.10+0-b96-7249189), built on Mar 31 2021 21:44:00 by "builder" with MS VC++ 14.0 (VS2015)

END.
